2018-03-25 13:38:41.894 [qtp151190974-18] INFO  web-access - [
 loginUserName:1,系统管理员,admin 
 logId:a90f66e5e1ae440c8a43f254a5ec64a9 
 sessionId:14ivej2m9jkmz1e4dx0n0mtxyb  
 requestURI:/hypnusMgr/admin/index.html  
 requestIp:192.168.1.201  
 requestHeaders:Cookie:JSESSIONID=14ivej2m9jkmz1e4dx0n0mtxyb Accept:text/html,application/xhtml+xml,application/xml;q=0.9,image/webp,image/apng,*/*;q=0.8 Upgrade-Insecure-Requests:1 Connection:keep-alive User-Agent:Mozilla/5.0 (Windows NT 10.0; Win64; x64) AppleWebKit/537.36 (KHTML, like Gecko) Chrome/63.0.3239.108 Safari/537.36 Referer:http://localhost:8080/hypnusMgr/login;jsessionid=1s1cx4xzd5r4tsjto0qgcm5ys Host:localhost:8080 Accept-Encoding:gzip, deflate, br Accept-Language:zh-CN,zh;q=0.9   
 requestParams:{ } 
] 
2018-03-25 13:41:05.338 [qtp151190974-18] INFO  web-access - [
 loginUserName:1,系统管理员,admin 
 logId:2430f141cb6141d5b65d35bd0efe25af 
 sessionId:19tou8urgh6o2oav0iwee84aj  
 requestURI:/hypnusMgr/admin/index.html  
 requestIp:192.168.1.201  
 requestHeaders:Cookie:JSESSIONID=19tou8urgh6o2oav0iwee84aj; __guid=111872281.3230147268620872700.1515034738688.9385; monitor_count=1 Accept:text/html,application/xhtml+xml,application/xml;q=0.9,image/webp,*/*;q=0.8 Upgrade-Insecure-Requests:1 Connection:keep-alive User-Agent:Mozilla/5.0 (Windows NT 10.0; WOW64) AppleWebKit/537.36 (KHTML, like Gecko) Chrome/55.0.2883.87 Safari/537.36 Referer:http://localhost:8080/hypnusMgr/login;jsessionid=1s1cx4xzd5r4tsjto0qgcm5ys Host:localhost:8080 Accept-Encoding:gzip, deflate, sdch, br Accept-Language:zh-CN,zh;q=0.8   
 requestParams:{ } 
] 
2018-03-25 13:41:06.487 [qtp151190974-23] INFO  web-access - [
 loginUserName:1,系统管理员,admin 
 logId:bc0591fb7f6149d79f6442b5bb6d8e25 
 sessionId:19tou8urgh6o2oav0iwee84aj  
 requestURI:/hypnusMgr/admin/deviceMgr/index.html  
 requestIp:192.168.1.201  
 requestHeaders:Cookie:JSESSIONID=19tou8urgh6o2oav0iwee84aj; __guid=111872281.3230147268620872700.1515034738688.9385; monitor_count=2 Accept:text/html,application/xhtml+xml,application/xml;q=0.9,image/webp,*/*;q=0.8 Upgrade-Insecure-Requests:1 Connection:keep-alive User-Agent:Mozilla/5.0 (Windows NT 10.0; WOW64) AppleWebKit/537.36 (KHTML, like Gecko) Chrome/55.0.2883.87 Safari/537.36 Referer:http://localhost:8080/hypnusMgr/admin/index.html Host:localhost:8080 Accept-Encoding:gzip, deflate, sdch, br Accept-Language:zh-CN,zh;q=0.8   
 requestParams:{ } 
] 
2018-03-25 13:41:06.649 [qtp151190974-41] INFO  web-access - [
 loginUserName:1,系统管理员,admin 
 logId:e476f71b66384f78a787fd8904f1fd7a 
 sessionId:19tou8urgh6o2oav0iwee84aj  
 requestURI:/hypnusMgr/admin/menus.json  
 requestIp:192.168.1.201  
 requestHeaders:Cookie:JSESSIONID=19tou8urgh6o2oav0iwee84aj; __guid=111872281.3230147268620872700.1515034738688.9385; monitor_count=2 Accept:*/* X-Requested-With:XMLHttpRequest Connection:keep-alive User-Agent:Mozilla/5.0 (Windows NT 10.0; WOW64) AppleWebKit/537.36 (KHTML, like Gecko) Chrome/55.0.2883.87 Safari/537.36 Referer:http://localhost:8080/hypnusMgr/admin/index.html Host:localhost:8080 Accept-Encoding:gzip, deflate, sdch, br Accept-Language:zh-CN,zh;q=0.8   
 requestParams:{ } 
] 
2018-03-25 13:41:07.583 [qtp151190974-46] INFO  web-access - [
 loginUserName:1,系统管理员,admin 
 logId:2df39e7e0baf446a88a4f5aea99e3ccd 
 sessionId:19tou8urgh6o2oav0iwee84aj  
 requestURI:/hypnusMgr/admin/deviceMgr/getPageDevice  
 requestIp:192.168.1.201  
 requestHeaders:Origin:http://localhost:8080 Cookie:JSESSIONID=19tou8urgh6o2oav0iwee84aj; __guid=111872281.3230147268620872700.1515034738688.9385; monitor_count=2 Accept:*/* X-Requested-With:XMLHttpRequest Connection:keep-alive User-Agent:Mozilla/5.0 (Windows NT 10.0; WOW64) AppleWebKit/537.36 (KHTML, like Gecko) Chrome/55.0.2883.87 Safari/537.36 Referer:http://localhost:8080/hypnusMgr/admin/deviceMgr/index.html Host:localhost:8080 Accept-Encoding:gzip, deflate, br Accept-Language:zh-CN,zh;q=0.8 Content-Length:53 Content-Type:application/x-www-form-urlencoded; charset=UTF-8   
 requestParams:{
  "pageSize" : [ "15" ],
  "snId" : [ "" ],
  "factoryMobile" : [ "" ],
  "pageNo" : [ "1" ],
  "userMobile" : [ "" ]
} 
] 
2018-03-25 13:41:08.042 [qtp151190974-16] INFO  web-access - [
 loginUserName:1,系统管理员,admin 
 logId:24631a9d6b074314a48f3d8315f40ace 
 sessionId:19tou8urgh6o2oav0iwee84aj  
 requestURI:/hypnusMgr/admin/userMgr/index.html  
 requestIp:192.168.1.201  
 requestHeaders:Cookie:JSESSIONID=19tou8urgh6o2oav0iwee84aj; __guid=111872281.3230147268620872700.1515034738688.9385; monitor_count=2 Accept:text/html,application/xhtml+xml,application/xml;q=0.9,image/webp,*/*;q=0.8 Upgrade-Insecure-Requests:1 Connection:keep-alive User-Agent:Mozilla/5.0 (Windows NT 10.0; WOW64) AppleWebKit/537.36 (KHTML, like Gecko) Chrome/55.0.2883.87 Safari/537.36 Referer:http://localhost:8080/hypnusMgr/admin/index.html Host:localhost:8080 Accept-Encoding:gzip, deflate, sdch, br Accept-Language:zh-CN,zh;q=0.8   
 requestParams:{ } 
] 
2018-03-25 13:41:09.091 [qtp151190974-34] INFO  web-access - [
 loginUserName:1,系统管理员,admin 
 logId:e3e8d4f8989e482b8ac2f2be94de44b5 
 sessionId:19tou8urgh6o2oav0iwee84aj  
 requestURI:/hypnusMgr/admin/userMgr/getPage  
 requestIp:192.168.1.201  
 requestHeaders:Origin:http://localhost:8080 Cookie:JSESSIONID=19tou8urgh6o2oav0iwee84aj; __guid=111872281.3230147268620872700.1515034738688.9385; monitor_count=2 Accept:*/* X-Requested-With:XMLHttpRequest Connection:keep-alive User-Agent:Mozilla/5.0 (Windows NT 10.0; WOW64) AppleWebKit/537.36 (KHTML, like Gecko) Chrome/55.0.2883.87 Safari/537.36 Referer:http://localhost:8080/hypnusMgr/admin/userMgr/index.html Host:localhost:8080 Accept-Encoding:gzip, deflate, br Accept-Language:zh-CN,zh;q=0.8 Content-Length:27 Content-Type:application/x-www-form-urlencoded; charset=UTF-8   
 requestParams:{
  "phone" : [ "" ],
  "pageSize" : [ "15" ],
  "pageNo" : [ "1" ]
} 
] 
2018-03-25 13:41:13.298 [qtp151190974-47] INFO  web-access - [
 loginUserName:1,系统管理员,admin 
 logId:5c7ff64664de46bb892f5ae6390ce11a 
 sessionId:19tou8urgh6o2oav0iwee84aj  
 requestURI:/hypnusMgr/admin/userMgr/index.html  
 requestIp:192.168.1.201  
 requestHeaders:Cookie:JSESSIONID=19tou8urgh6o2oav0iwee84aj; __guid=111872281.3230147268620872700.1515034738688.9385; monitor_count=2 Accept:text/html,application/xhtml+xml,application/xml;q=0.9,image/webp,*/*;q=0.8 Upgrade-Insecure-Requests:1 Connection:keep-alive User-Agent:Mozilla/5.0 (Windows NT 10.0; WOW64) AppleWebKit/537.36 (KHTML, like Gecko) Chrome/55.0.2883.87 Safari/537.36 Referer:http://localhost:8080/hypnusMgr/admin/index.html Host:localhost:8080 Accept-Encoding:gzip, deflate, sdch, br Accept-Language:zh-CN,zh;q=0.8   
 requestParams:{ } 
] 
2018-03-25 13:41:13.412 [qtp151190974-18] INFO  web-access - [
 loginUserName:1,系统管理员,admin 
 logId:8cc35ccb330849708a6ad1eb19d8a36e 
 sessionId:19tou8urgh6o2oav0iwee84aj  
 requestURI:/hypnusMgr/admin/userMgr/getPage  
 requestIp:192.168.1.201  
 requestHeaders:Origin:http://localhost:8080 Cookie:JSESSIONID=19tou8urgh6o2oav0iwee84aj; __guid=111872281.3230147268620872700.1515034738688.9385; monitor_count=2 Accept:*/* X-Requested-With:XMLHttpRequest Connection:keep-alive User-Agent:Mozilla/5.0 (Windows NT 10.0; WOW64) AppleWebKit/537.36 (KHTML, like Gecko) Chrome/55.0.2883.87 Safari/537.36 Referer:http://localhost:8080/hypnusMgr/admin/userMgr/index.html Host:localhost:8080 Accept-Encoding:gzip, deflate, br Accept-Language:zh-CN,zh;q=0.8 Content-Length:27 Content-Type:application/x-www-form-urlencoded; charset=UTF-8   
 requestParams:{
  "phone" : [ "" ],
  "pageSize" : [ "15" ],
  "pageNo" : [ "1" ]
} 
] 
2018-03-25 13:41:15.124 [qtp151190974-23] INFO  web-access - [
 loginUserName:1,系统管理员,admin 
 logId:0913f3a0406842bdab55523e96b340f5 
 sessionId:19tou8urgh6o2oav0iwee84aj  
 requestURI:/hypnusMgr/admin/deviceMgr/index.html  
 requestIp:192.168.1.201  
 requestHeaders:Cookie:JSESSIONID=19tou8urgh6o2oav0iwee84aj; __guid=111872281.3230147268620872700.1515034738688.9385; monitor_count=2 Accept:text/html,application/xhtml+xml,application/xml;q=0.9,image/webp,*/*;q=0.8 Upgrade-Insecure-Requests:1 Connection:keep-alive User-Agent:Mozilla/5.0 (Windows NT 10.0; WOW64) AppleWebKit/537.36 (KHTML, like Gecko) Chrome/55.0.2883.87 Safari/537.36 Referer:http://localhost:8080/hypnusMgr/admin/index.html Host:localhost:8080 Accept-Encoding:gzip, deflate, sdch, br Accept-Language:zh-CN,zh;q=0.8   
 requestParams:{ } 
] 
2018-03-25 13:41:15.247 [qtp151190974-46] INFO  web-access - [
 loginUserName:1,系统管理员,admin 
 logId:4c53779bd4c147a28f221f235f390187 
 sessionId:19tou8urgh6o2oav0iwee84aj  
 requestURI:/hypnusMgr/admin/deviceMgr/getPageDevice  
 requestIp:192.168.1.201  
 requestHeaders:Origin:http://localhost:8080 Cookie:JSESSIONID=19tou8urgh6o2oav0iwee84aj; __guid=111872281.3230147268620872700.1515034738688.9385; monitor_count=2 Accept:*/* X-Requested-With:XMLHttpRequest Connection:keep-alive User-Agent:Mozilla/5.0 (Windows NT 10.0; WOW64) AppleWebKit/537.36 (KHTML, like Gecko) Chrome/55.0.2883.87 Safari/537.36 Referer:http://localhost:8080/hypnusMgr/admin/deviceMgr/index.html Host:localhost:8080 Accept-Encoding:gzip, deflate, br Accept-Language:zh-CN,zh;q=0.8 Content-Length:53 Content-Type:application/x-www-form-urlencoded; charset=UTF-8   
 requestParams:{
  "pageSize" : [ "15" ],
  "snId" : [ "" ],
  "factoryMobile" : [ "" ],
  "pageNo" : [ "1" ],
  "userMobile" : [ "" ]
} 
] 
2018-03-25 13:41:17.494 [qtp151190974-41] INFO  web-access - [
 loginUserName:1,系统管理员,admin 
 logId:31bfa32770504e55912345fc56ee016c 
 sessionId:19tou8urgh6o2oav0iwee84aj  
 requestURI:/hypnusMgr/admin/economyMgr/index.html  
 requestIp:192.168.1.201  
 requestHeaders:Cookie:JSESSIONID=19tou8urgh6o2oav0iwee84aj; __guid=111872281.3230147268620872700.1515034738688.9385; monitor_count=2 Accept:text/html,application/xhtml+xml,application/xml;q=0.9,image/webp,*/*;q=0.8 Upgrade-Insecure-Requests:1 Connection:keep-alive User-Agent:Mozilla/5.0 (Windows NT 10.0; WOW64) AppleWebKit/537.36 (KHTML, like Gecko) Chrome/55.0.2883.87 Safari/537.36 Referer:http://localhost:8080/hypnusMgr/admin/index.html Host:localhost:8080 Accept-Encoding:gzip, deflate, sdch, br Accept-Language:zh-CN,zh;q=0.8   
 requestParams:{ } 
] 
2018-03-25 13:41:17.868 [qtp151190974-46] INFO  web-access - [
 loginUserName:1,系统管理员,admin 
 logId:078eb9aeb48f4dd6b7d2f2c908e96e04 
 sessionId:19tou8urgh6o2oav0iwee84aj  
 requestURI:/hypnusMgr/admin/economyMgr/userCenter.html  
 requestIp:192.168.1.201  
 requestHeaders:Cookie:JSESSIONID=19tou8urgh6o2oav0iwee84aj; __guid=111872281.3230147268620872700.1515034738688.9385; monitor_count=2 Accept:text/html,application/xhtml+xml,application/xml;q=0.9,image/webp,*/*;q=0.8 Upgrade-Insecure-Requests:1 Connection:keep-alive User-Agent:Mozilla/5.0 (Windows NT 10.0; WOW64) AppleWebKit/537.36 (KHTML, like Gecko) Chrome/55.0.2883.87 Safari/537.36 Referer:http://localhost:8080/hypnusMgr/admin/economyMgr/index.html Host:localhost:8080 Accept-Encoding:gzip, deflate, sdch, br Accept-Language:zh-CN,zh;q=0.8   
 requestParams:{
  "sign" : [ "1" ]
} 
] 
2018-03-25 13:41:18.345 [qtp151190974-18] INFO  web-access - [
 loginUserName:1,系统管理员,admin 
 logId:ef06c3afcdde450eb023627eae69789a 
 sessionId:19tou8urgh6o2oav0iwee84aj  
 requestURI:/hypnusMgr/admin/economyMgr/findPersonInfo  
 requestIp:192.168.1.201  
 requestHeaders:Origin:http://localhost:8080 Cookie:JSESSIONID=19tou8urgh6o2oav0iwee84aj; __guid=111872281.3230147268620872700.1515034738688.9385; monitor_count=2 Accept:*/* X-Requested-With:XMLHttpRequest Connection:keep-alive User-Agent:Mozilla/5.0 (Windows NT 10.0; WOW64) AppleWebKit/537.36 (KHTML, like Gecko) Chrome/55.0.2883.87 Safari/537.36 Referer:http://localhost:8080/hypnusMgr/admin/economyMgr/userCenter.html?sign=1 Host:localhost:8080 Accept-Encoding:gzip, deflate, br Accept-Language:zh-CN,zh;q=0.8 Content-Length:0   
 requestParams:{ } 
] 
2018-03-25 13:41:18.936 [qtp151190974-41] INFO  web-access - [
 loginUserName:1,系统管理员,admin 
 logId:48cef90318334bb7be034c4672952e51 
 sessionId:19tou8urgh6o2oav0iwee84aj  
 requestURI:/hypnusMgr/admin/cache/index  
 requestIp:192.168.1.201  
 requestHeaders:Cookie:JSESSIONID=19tou8urgh6o2oav0iwee84aj; __guid=111872281.3230147268620872700.1515034738688.9385; monitor_count=2 Accept:text/html,application/xhtml+xml,application/xml;q=0.9,image/webp,*/*;q=0.8 Upgrade-Insecure-Requests:1 Connection:keep-alive User-Agent:Mozilla/5.0 (Windows NT 10.0; WOW64) AppleWebKit/537.36 (KHTML, like Gecko) Chrome/55.0.2883.87 Safari/537.36 Referer:http://localhost:8080/hypnusMgr/admin/index.html Host:localhost:8080 Accept-Encoding:gzip, deflate, sdch, br Accept-Language:zh-CN,zh;q=0.8   
 requestParams:{ } 
] 
2018-03-25 13:41:53.472 [qtp151190974-46] INFO  web-access - [
 loginUserName:1,系统管理员,admin 
 logId:7bd568adbb604fa39f925e87098642c2 
 sessionId:19tou8urgh6o2oav0iwee84aj  
 requestURI:/hypnusMgr/admin/index.html  
 requestIp:192.168.1.201  
 requestHeaders:Cookie:JSESSIONID=19tou8urgh6o2oav0iwee84aj; __guid=111872281.3230147268620872700.1515034738688.9385; monitor_count=2 Cache-Control:max-age=0 Accept:text/html,application/xhtml+xml,application/xml;q=0.9,image/webp,*/*;q=0.8 Upgrade-Insecure-Requests:1 Connection:keep-alive User-Agent:Mozilla/5.0 (Windows NT 10.0; WOW64) AppleWebKit/537.36 (KHTML, like Gecko) Chrome/55.0.2883.87 Safari/537.36 Referer:http://localhost:8080/hypnusMgr/login;jsessionid=1s1cx4xzd5r4tsjto0qgcm5ys Host:localhost:8080 Accept-Encoding:gzip, deflate, sdch, br Accept-Language:zh-CN,zh;q=0.8   
 requestParams:{ } 
] 
2018-03-25 13:41:54.410 [qtp151190974-41] INFO  web-access - [
 loginUserName:1,系统管理员,admin 
 logId:35c3841e654448cd87ab1f98ed629a5b 
 sessionId:19tou8urgh6o2oav0iwee84aj  
 requestURI:/hypnusMgr/admin/deviceMgr/index.html  
 requestIp:192.168.1.201  
 requestHeaders:Cookie:JSESSIONID=19tou8urgh6o2oav0iwee84aj; __guid=111872281.3230147268620872700.1515034738688.9385; monitor_count=3 Accept:text/html,application/xhtml+xml,application/xml;q=0.9,image/webp,*/*;q=0.8 Upgrade-Insecure-Requests:1 Connection:keep-alive User-Agent:Mozilla/5.0 (Windows NT 10.0; WOW64) AppleWebKit/537.36 (KHTML, like Gecko) Chrome/55.0.2883.87 Safari/537.36 Referer:http://localhost:8080/hypnusMgr/admin/index.html Host:localhost:8080 Accept-Encoding:gzip, deflate, sdch, br Accept-Language:zh-CN,zh;q=0.8   
 requestParams:{ } 
] 
2018-03-25 13:41:54.552 [qtp151190974-16] INFO  web-access - [
 loginUserName:1,系统管理员,admin 
 logId:5fafdddd050f48bdb12cd255de85f0d3 
 sessionId:19tou8urgh6o2oav0iwee84aj  
 requestURI:/hypnusMgr/admin/menus.json  
 requestIp:192.168.1.201  
 requestHeaders:Cookie:JSESSIONID=19tou8urgh6o2oav0iwee84aj; __guid=111872281.3230147268620872700.1515034738688.9385; monitor_count=3 Accept:*/* X-Requested-With:XMLHttpRequest Connection:keep-alive User-Agent:Mozilla/5.0 (Windows NT 10.0; WOW64) AppleWebKit/537.36 (KHTML, like Gecko) Chrome/55.0.2883.87 Safari/537.36 Referer:http://localhost:8080/hypnusMgr/admin/index.html Host:localhost:8080 Accept-Encoding:gzip, deflate, sdch, br Accept-Language:zh-CN,zh;q=0.8   
 requestParams:{ } 
] 
2018-03-25 13:41:54.639 [qtp151190974-45] INFO  web-access - [
 loginUserName:1,系统管理员,admin 
 logId:8c3d3e6b04f0481cbd00e1b5bedbcbb7 
 sessionId:19tou8urgh6o2oav0iwee84aj  
 requestURI:/hypnusMgr/admin/deviceMgr/getPageDevice  
 requestIp:192.168.1.201  
 requestHeaders:Origin:http://localhost:8080 Cookie:JSESSIONID=19tou8urgh6o2oav0iwee84aj; __guid=111872281.3230147268620872700.1515034738688.9385; monitor_count=3 Accept:*/* X-Requested-With:XMLHttpRequest Connection:keep-alive User-Agent:Mozilla/5.0 (Windows NT 10.0; WOW64) AppleWebKit/537.36 (KHTML, like Gecko) Chrome/55.0.2883.87 Safari/537.36 Referer:http://localhost:8080/hypnusMgr/admin/deviceMgr/index.html Host:localhost:8080 Accept-Encoding:gzip, deflate, br Accept-Language:zh-CN,zh;q=0.8 Content-Length:53 Content-Type:application/x-www-form-urlencoded; charset=UTF-8   
 requestParams:{
  "pageSize" : [ "15" ],
  "snId" : [ "" ],
  "factoryMobile" : [ "" ],
  "pageNo" : [ "1" ],
  "userMobile" : [ "" ]
} 
] 
2018-03-25 13:41:54.919 [qtp151190974-34] INFO  web-access - [
 loginUserName:1,系统管理员,admin 
 logId:53a8e9cf46dd478396052bd8be659219 
 sessionId:19tou8urgh6o2oav0iwee84aj  
 requestURI:/hypnusMgr/admin/userMgr/index.html  
 requestIp:192.168.1.201  
 requestHeaders:Cookie:JSESSIONID=19tou8urgh6o2oav0iwee84aj; __guid=111872281.3230147268620872700.1515034738688.9385; monitor_count=3 Accept:text/html,application/xhtml+xml,application/xml;q=0.9,image/webp,*/*;q=0.8 Upgrade-Insecure-Requests:1 Connection:keep-alive User-Agent:Mozilla/5.0 (Windows NT 10.0; WOW64) AppleWebKit/537.36 (KHTML, like Gecko) Chrome/55.0.2883.87 Safari/537.36 Referer:http://localhost:8080/hypnusMgr/admin/index.html Host:localhost:8080 Accept-Encoding:gzip, deflate, sdch, br Accept-Language:zh-CN,zh;q=0.8   
 requestParams:{ } 
] 
2018-03-25 13:41:55.122 [qtp151190974-18] INFO  web-access - [
 loginUserName:1,系统管理员,admin 
 logId:f822b2fe2b2b4e979d7e972c7f0e500f 
 sessionId:19tou8urgh6o2oav0iwee84aj  
 requestURI:/hypnusMgr/admin/userMgr/getPage  
 requestIp:192.168.1.201  
 requestHeaders:Origin:http://localhost:8080 Cookie:JSESSIONID=19tou8urgh6o2oav0iwee84aj; __guid=111872281.3230147268620872700.1515034738688.9385; monitor_count=3 Accept:*/* X-Requested-With:XMLHttpRequest Connection:keep-alive User-Agent:Mozilla/5.0 (Windows NT 10.0; WOW64) AppleWebKit/537.36 (KHTML, like Gecko) Chrome/55.0.2883.87 Safari/537.36 Referer:http://localhost:8080/hypnusMgr/admin/userMgr/index.html Host:localhost:8080 Accept-Encoding:gzip, deflate, br Accept-Language:zh-CN,zh;q=0.8 Content-Length:27 Content-Type:application/x-www-form-urlencoded; charset=UTF-8   
 requestParams:{
  "phone" : [ "" ],
  "pageSize" : [ "15" ],
  "pageNo" : [ "1" ]
} 
] 
2018-03-25 13:41:57.555 [qtp151190974-23] INFO  web-access - [
 loginUserName:1,系统管理员,admin 
 logId:b6dfaa53ea3a4f74a0683ce0a3c59ce8 
 sessionId:19tou8urgh6o2oav0iwee84aj  
 requestURI:/hypnusMgr/admin/factoryMgr/index.html  
 requestIp:192.168.1.201  
 requestHeaders:Cookie:JSESSIONID=19tou8urgh6o2oav0iwee84aj; __guid=111872281.3230147268620872700.1515034738688.9385; monitor_count=3 Accept:text/html,application/xhtml+xml,application/xml;q=0.9,image/webp,*/*;q=0.8 Upgrade-Insecure-Requests:1 Connection:keep-alive User-Agent:Mozilla/5.0 (Windows NT 10.0; WOW64) AppleWebKit/537.36 (KHTML, like Gecko) Chrome/55.0.2883.87 Safari/537.36 Referer:http://localhost:8080/hypnusMgr/admin/index.html Host:localhost:8080 Accept-Encoding:gzip, deflate, sdch, br Accept-Language:zh-CN,zh;q=0.8   
 requestParams:{ } 
] 
2018-03-25 13:41:57.842 [qtp151190974-41] INFO  web-access - [
 loginUserName:1,系统管理员,admin 
 logId:2cf016d0c5c84d1bb70aa36c96a1ff66 
 sessionId:19tou8urgh6o2oav0iwee84aj  
 requestURI:/hypnusMgr/admin/factoryMgr/getPage  
 requestIp:192.168.1.201  
 requestHeaders:Origin:http://localhost:8080 Cookie:JSESSIONID=19tou8urgh6o2oav0iwee84aj; __guid=111872281.3230147268620872700.1515034738688.9385; monitor_count=3 Accept:*/* X-Requested-With:XMLHttpRequest Connection:keep-alive User-Agent:Mozilla/5.0 (Windows NT 10.0; WOW64) AppleWebKit/537.36 (KHTML, like Gecko) Chrome/55.0.2883.87 Safari/537.36 Referer:http://localhost:8080/hypnusMgr/admin/factoryMgr/index.html Host:localhost:8080 Accept-Encoding:gzip, deflate, br Accept-Language:zh-CN,zh;q=0.8 Content-Length:35 Content-Type:application/x-www-form-urlencoded; charset=UTF-8   
 requestParams:{
  "factoryMobile" : [ "" ],
  "pageSize" : [ "15" ],
  "pageNo" : [ "1" ]
} 
] 
2018-03-25 13:42:19.954 [qtp151190974-47] INFO  web-access - [
 loginUserName:1,系统管理员,admin 
 logId:0f33f12e681a4d35b165c511f354d450 
 sessionId:19tou8urgh6o2oav0iwee84aj  
 requestURI:/hypnusMgr/admin/statisti/data/index.html  
 requestIp:192.168.1.201  
 requestHeaders:Cookie:JSESSIONID=19tou8urgh6o2oav0iwee84aj; __guid=111872281.3230147268620872700.1515034738688.9385; monitor_count=3 Accept:text/html,application/xhtml+xml,application/xml;q=0.9,image/webp,*/*;q=0.8 Upgrade-Insecure-Requests:1 Connection:keep-alive User-Agent:Mozilla/5.0 (Windows NT 10.0; WOW64) AppleWebKit/537.36 (KHTML, like Gecko) Chrome/55.0.2883.87 Safari/537.36 Host:localhost:8080 Accept-Encoding:gzip, deflate, sdch, br Accept-Language:zh-CN,zh;q=0.8   
 requestParams:{ } 
] 
2018-03-25 13:42:20.725 [qtp151190974-46] INFO  web-access - [
 loginUserName:1,系统管理员,admin 
 logId:4a04a52a43fb49e68435fc8ad484102a 
 sessionId:19tou8urgh6o2oav0iwee84aj  
 requestURI:/hypnusMgr/admin/statisti/order/getAmountNum  
 requestIp:192.168.1.201  
 requestHeaders:Origin:http://localhost:8080 Cookie:JSESSIONID=19tou8urgh6o2oav0iwee84aj; __guid=111872281.3230147268620872700.1515034738688.9385; monitor_count=4 Accept:*/* X-Requested-With:XMLHttpRequest Connection:keep-alive User-Agent:Mozilla/5.0 (Windows NT 10.0; WOW64) AppleWebKit/537.36 (KHTML, like Gecko) Chrome/55.0.2883.87 Safari/537.36 Referer:http://localhost:8080/hypnusMgr/admin/statisti/data/index.html Host:localhost:8080 Accept-Encoding:gzip, deflate, br Accept-Language:zh-CN,zh;q=0.8 Content-Length:95 Content-Type:application/x-www-form-urlencoded; charset=UTF-8   
 requestParams:{
  "startCreateDate" : [ "2018-03-01 00:00:00" ],
  "endCreateDate" : [ "2018-03-25 23:59:59" ],
  "dateDimension" : [ "DAY" ]
} 
] 
2018-03-25 13:42:20.732 [qtp151190974-16] INFO  web-access - [
 loginUserName:1,系统管理员,admin 
 logId:4e2eea1c2db449a1b4ec4dab6ff6fe94 
 sessionId:19tou8urgh6o2oav0iwee84aj  
 requestURI:/hypnusMgr/admin/statisti/order/getOrderAmountStat  
 requestIp:192.168.1.201  
 requestHeaders:Origin:http://localhost:8080 Cookie:JSESSIONID=19tou8urgh6o2oav0iwee84aj; __guid=111872281.3230147268620872700.1515034738688.9385; monitor_count=4 Accept:*/* X-Requested-With:XMLHttpRequest Connection:keep-alive User-Agent:Mozilla/5.0 (Windows NT 10.0; WOW64) AppleWebKit/537.36 (KHTML, like Gecko) Chrome/55.0.2883.87 Safari/537.36 Referer:http://localhost:8080/hypnusMgr/admin/statisti/data/index.html Host:localhost:8080 Accept-Encoding:gzip, deflate, br Accept-Language:zh-CN,zh;q=0.8 Content-Length:95 Content-Type:application/x-www-form-urlencoded; charset=UTF-8   
 requestParams:{
  "startCreateDate" : [ "2018-03-01 00:00:00" ],
  "endCreateDate" : [ "2018-03-25 23:59:59" ],
  "dateDimension" : [ "DAY" ]
} 
] 
2018-03-25 13:43:14.813 [qtp151190974-34] INFO  web-access - [
 loginUserName:1,系统管理员,admin 
 logId:c5c000a5a12a465686956a63b52518eb 
 sessionId:19tou8urgh6o2oav0iwee84aj  
 requestURI:/hypnusMgr/admin/statisti/data/index.html  
 requestIp:192.168.1.201  
 requestHeaders:Cookie:JSESSIONID=19tou8urgh6o2oav0iwee84aj; __guid=111872281.3230147268620872700.1515034738688.9385; monitor_count=4 Cache-Control:max-age=0 Accept:text/html,application/xhtml+xml,application/xml;q=0.9,image/webp,*/*;q=0.8 Upgrade-Insecure-Requests:1 Connection:keep-alive User-Agent:Mozilla/5.0 (Windows NT 10.0; WOW64) AppleWebKit/537.36 (KHTML, like Gecko) Chrome/55.0.2883.87 Safari/537.36 Host:localhost:8080 Accept-Encoding:gzip, deflate, sdch, br Accept-Language:zh-CN,zh;q=0.8   
 requestParams:{ } 
] 
2018-03-25 13:43:16.028 [qtp151190974-47] INFO  web-access - [
 loginUserName:1,系统管理员,admin 
 logId:f807b48d9eaa430e93d10829f2861883 
 sessionId:19tou8urgh6o2oav0iwee84aj  
 requestURI:/hypnusMgr/admin/statisti/order/getOrderAmountStat  
 requestIp:192.168.1.201  
 requestHeaders:Origin:http://localhost:8080 Cookie:JSESSIONID=19tou8urgh6o2oav0iwee84aj; __guid=111872281.3230147268620872700.1515034738688.9385; monitor_count=5 Accept:*/* X-Requested-With:XMLHttpRequest Connection:keep-alive User-Agent:Mozilla/5.0 (Windows NT 10.0; WOW64) AppleWebKit/537.36 (KHTML, like Gecko) Chrome/55.0.2883.87 Safari/537.36 Referer:http://localhost:8080/hypnusMgr/admin/statisti/data/index.html Host:localhost:8080 Accept-Encoding:gzip, deflate, br Accept-Language:zh-CN,zh;q=0.8 Content-Length:95 Content-Type:application/x-www-form-urlencoded; charset=UTF-8   
 requestParams:{
  "startCreateDate" : [ "2018-03-01 00:00:00" ],
  "endCreateDate" : [ "2018-03-25 23:59:59" ],
  "dateDimension" : [ "DAY" ]
} 
] 
2018-03-25 13:43:16.050 [qtp151190974-18] INFO  web-access - [
 loginUserName:1,系统管理员,admin 
 logId:be659527afee40d39f89d110e295b552 
 sessionId:19tou8urgh6o2oav0iwee84aj  
 requestURI:/hypnusMgr/admin/statisti/order/getAmountNum  
 requestIp:192.168.1.201  
 requestHeaders:Origin:http://localhost:8080 Cookie:JSESSIONID=19tou8urgh6o2oav0iwee84aj; __guid=111872281.3230147268620872700.1515034738688.9385; monitor_count=5 Accept:*/* X-Requested-With:XMLHttpRequest Connection:keep-alive User-Agent:Mozilla/5.0 (Windows NT 10.0; WOW64) AppleWebKit/537.36 (KHTML, like Gecko) Chrome/55.0.2883.87 Safari/537.36 Referer:http://localhost:8080/hypnusMgr/admin/statisti/data/index.html Host:localhost:8080 Accept-Encoding:gzip, deflate, br Accept-Language:zh-CN,zh;q=0.8 Content-Length:95 Content-Type:application/x-www-form-urlencoded; charset=UTF-8   
 requestParams:{
  "startCreateDate" : [ "2018-03-01 00:00:00" ],
  "endCreateDate" : [ "2018-03-25 23:59:59" ],
  "dateDimension" : [ "DAY" ]
} 
] 
2018-03-25 13:48:08.601 [qtp151190974-47] INFO  web-access - [
 loginUserName:1,系统管理员,admin 
 logId:2e04c559f8f84669b1c03a43929e7535 
 sessionId:19tou8urgh6o2oav0iwee84aj  
 requestURI:/hypnusMgr/admin/statisti/data/index.html  
 requestIp:192.168.1.201  
 requestHeaders:Cookie:JSESSIONID=19tou8urgh6o2oav0iwee84aj; __guid=111872281.3230147268620872700.1515034738688.9385; monitor_count=5 Cache-Control:max-age=0 Accept:text/html,application/xhtml+xml,application/xml;q=0.9,image/webp,*/*;q=0.8 Upgrade-Insecure-Requests:1 Connection:keep-alive User-Agent:Mozilla/5.0 (Windows NT 10.0; WOW64) AppleWebKit/537.36 (KHTML, like Gecko) Chrome/55.0.2883.87 Safari/537.36 Host:localhost:8080 Accept-Encoding:gzip, deflate, sdch, br Accept-Language:zh-CN,zh;q=0.8   
 requestParams:{ } 
] 
2018-03-25 13:48:09.140 [qtp151190974-16] INFO  web-access - [
 loginUserName:1,系统管理员,admin 
 logId:7f2533c2d5ce4a6993fe49c0d7aa5e2f 
 sessionId:19tou8urgh6o2oav0iwee84aj  
 requestURI:/hypnusMgr/admin/statisti/order/getAmountNum  
 requestIp:192.168.1.201  
 requestHeaders:Origin:http://localhost:8080 Cookie:JSESSIONID=19tou8urgh6o2oav0iwee84aj; __guid=111872281.3230147268620872700.1515034738688.9385; monitor_count=6 Accept:*/* X-Requested-With:XMLHttpRequest Connection:keep-alive User-Agent:Mozilla/5.0 (Windows NT 10.0; WOW64) AppleWebKit/537.36 (KHTML, like Gecko) Chrome/55.0.2883.87 Safari/537.36 Referer:http://localhost:8080/hypnusMgr/admin/statisti/data/index.html Host:localhost:8080 Accept-Encoding:gzip, deflate, br Accept-Language:zh-CN,zh;q=0.8 Content-Length:95 Content-Type:application/x-www-form-urlencoded; charset=UTF-8   
 requestParams:{
  "startCreateDate" : [ "2018-03-01 00:00:00" ],
  "endCreateDate" : [ "2018-03-25 23:59:59" ],
  "dateDimension" : [ "DAY" ]
} 
] 
2018-03-25 13:48:09.149 [qtp151190974-45] INFO  web-access - [
 loginUserName:1,系统管理员,admin 
 logId:f1b84f6fd4014d3c9ba595143db0fbc4 
 sessionId:19tou8urgh6o2oav0iwee84aj  
 requestURI:/hypnusMgr/admin/statisti/order/getOrderAmountStat  
 requestIp:192.168.1.201  
 requestHeaders:Origin:http://localhost:8080 Cookie:JSESSIONID=19tou8urgh6o2oav0iwee84aj; __guid=111872281.3230147268620872700.1515034738688.9385; monitor_count=6 Accept:*/* X-Requested-With:XMLHttpRequest Connection:keep-alive User-Agent:Mozilla/5.0 (Windows NT 10.0; WOW64) AppleWebKit/537.36 (KHTML, like Gecko) Chrome/55.0.2883.87 Safari/537.36 Referer:http://localhost:8080/hypnusMgr/admin/statisti/data/index.html Host:localhost:8080 Accept-Encoding:gzip, deflate, br Accept-Language:zh-CN,zh;q=0.8 Content-Length:95 Content-Type:application/x-www-form-urlencoded; charset=UTF-8   
 requestParams:{
  "startCreateDate" : [ "2018-03-01 00:00:00" ],
  "endCreateDate" : [ "2018-03-25 23:59:59" ],
  "dateDimension" : [ "DAY" ]
} 
] 
2018-03-25 13:48:17.669 [qtp151190974-46] INFO  web-access - [
 loginUserName:1,系统管理员,admin 
 logId:21d770192ceb49498deffee367cf4831 
 sessionId:14ivej2m9jkmz1e4dx0n0mtxyb  
 requestURI:/hypnusMgr/admin/statisti/data/index.html  
 requestIp:192.168.1.201  
 requestHeaders:Cookie:JSESSIONID=14ivej2m9jkmz1e4dx0n0mtxyb Accept:text/html,application/xhtml+xml,application/xml;q=0.9,image/webp,image/apng,*/*;q=0.8 Upgrade-Insecure-Requests:1 Connection:keep-alive User-Agent:Mozilla/5.0 (Windows NT 10.0; Win64; x64) AppleWebKit/537.36 (KHTML, like Gecko) Chrome/63.0.3239.108 Safari/537.36 Host:localhost:8080 Accept-Encoding:gzip, deflate, br Accept-Language:zh-CN,zh;q=0.9   
 requestParams:{ } 
] 
2018-03-25 13:48:18.294 [qtp151190974-46] INFO  web-access - [
 loginUserName:1,系统管理员,admin 
 logId:1c487d1089c64734ae7747e13371f638 
 sessionId:14ivej2m9jkmz1e4dx0n0mtxyb  
 requestURI:/hypnusMgr/admin/statisti/order/getAmountNum  
 requestIp:192.168.1.201  
 requestHeaders:Origin:http://localhost:8080 Cookie:JSESSIONID=14ivej2m9jkmz1e4dx0n0mtxyb Accept:*/* X-Requested-With:XMLHttpRequest Connection:keep-alive User-Agent:Mozilla/5.0 (Windows NT 10.0; Win64; x64) AppleWebKit/537.36 (KHTML, like Gecko) Chrome/63.0.3239.108 Safari/537.36 Referer:http://localhost:8080/hypnusMgr/admin/statisti/data/index.html Host:localhost:8080 Accept-Encoding:gzip, deflate, br Accept-Language:zh-CN,zh;q=0.9 Content-Length:95 Content-Type:application/x-www-form-urlencoded; charset=UTF-8   
 requestParams:{
  "startCreateDate" : [ "2018-03-01 00:00:00" ],
  "endCreateDate" : [ "2018-03-25 23:59:59" ],
  "dateDimension" : [ "DAY" ]
} 
] 
2018-03-25 13:48:18.297 [qtp151190974-18] INFO  web-access - [
 loginUserName:1,系统管理员,admin 
 logId:fca929b64c354bac9f73bbbf58c63475 
 sessionId:14ivej2m9jkmz1e4dx0n0mtxyb  
 requestURI:/hypnusMgr/admin/statisti/data/getOrderAmountStat  
 requestIp:192.168.1.201  
 requestHeaders:Origin:http://localhost:8080 Cookie:JSESSIONID=14ivej2m9jkmz1e4dx0n0mtxyb Accept:*/* X-Requested-With:XMLHttpRequest Connection:keep-alive User-Agent:Mozilla/5.0 (Windows NT 10.0; Win64; x64) AppleWebKit/537.36 (KHTML, like Gecko) Chrome/63.0.3239.108 Safari/537.36 Referer:http://localhost:8080/hypnusMgr/admin/statisti/data/index.html Host:localhost:8080 Accept-Encoding:gzip, deflate, br Accept-Language:zh-CN,zh;q=0.9 Content-Length:95 Content-Type:application/x-www-form-urlencoded; charset=UTF-8   
 requestParams:{
  "startCreateDate" : [ "2018-03-01 00:00:00" ],
  "endCreateDate" : [ "2018-03-25 23:59:59" ],
  "dateDimension" : [ "DAY" ]
} 
] 
2018-03-25 13:48:23.723 [qtp151190974-45] INFO  web-access - [
 loginUserName:1,系统管理员,admin 
 logId:0c01d1188808460595caf1c5dba7350a 
 sessionId:14ivej2m9jkmz1e4dx0n0mtxyb  
 requestURI:/hypnusMgr/admin/statisti/data/index.html  
 requestIp:192.168.1.201  
 requestHeaders:Cookie:JSESSIONID=14ivej2m9jkmz1e4dx0n0mtxyb Cache-Control:max-age=0 Accept:text/html,application/xhtml+xml,application/xml;q=0.9,image/webp,image/apng,*/*;q=0.8 Upgrade-Insecure-Requests:1 Connection:keep-alive User-Agent:Mozilla/5.0 (Windows NT 10.0; Win64; x64) AppleWebKit/537.36 (KHTML, like Gecko) Chrome/63.0.3239.108 Safari/537.36 Host:localhost:8080 Accept-Encoding:gzip, deflate, br Accept-Language:zh-CN,zh;q=0.9   
 requestParams:{ } 
] 
2018-03-25 13:48:24.071 [qtp151190974-48] INFO  web-access - [
 loginUserName:1,系统管理员,admin 
 logId:88abdd577bdd4c848616619b98730672 
 sessionId:14ivej2m9jkmz1e4dx0n0mtxyb  
 requestURI:/hypnusMgr/admin/statisti/data/getOrderAmountStat  
 requestIp:192.168.1.201  
 requestHeaders:Origin:http://localhost:8080 Cookie:JSESSIONID=14ivej2m9jkmz1e4dx0n0mtxyb Accept:*/* X-Requested-With:XMLHttpRequest Connection:keep-alive User-Agent:Mozilla/5.0 (Windows NT 10.0; Win64; x64) AppleWebKit/537.36 (KHTML, like Gecko) Chrome/63.0.3239.108 Safari/537.36 Referer:http://localhost:8080/hypnusMgr/admin/statisti/data/index.html Host:localhost:8080 Accept-Encoding:gzip, deflate, br Accept-Language:zh-CN,zh;q=0.9 Content-Length:95 Content-Type:application/x-www-form-urlencoded; charset=UTF-8   
 requestParams:{
  "startCreateDate" : [ "2018-03-01 00:00:00" ],
  "endCreateDate" : [ "2018-03-25 23:59:59" ],
  "dateDimension" : [ "DAY" ]
} 
] 
2018-03-25 13:48:24.078 [qtp151190974-47] INFO  web-access - [
 loginUserName:1,系统管理员,admin 
 logId:01559194fa884e65bde5b3f7b52b7408 
 sessionId:14ivej2m9jkmz1e4dx0n0mtxyb  
 requestURI:/hypnusMgr/admin/statisti/order/getAmountNum  
 requestIp:192.168.1.201  
 requestHeaders:Origin:http://localhost:8080 Cookie:JSESSIONID=14ivej2m9jkmz1e4dx0n0mtxyb Accept:*/* X-Requested-With:XMLHttpRequest Connection:keep-alive User-Agent:Mozilla/5.0 (Windows NT 10.0; Win64; x64) AppleWebKit/537.36 (KHTML, like Gecko) Chrome/63.0.3239.108 Safari/537.36 Referer:http://localhost:8080/hypnusMgr/admin/statisti/data/index.html Host:localhost:8080 Accept-Encoding:gzip, deflate, br Accept-Language:zh-CN,zh;q=0.9 Content-Length:95 Content-Type:application/x-www-form-urlencoded; charset=UTF-8   
 requestParams:{
  "startCreateDate" : [ "2018-03-01 00:00:00" ],
  "endCreateDate" : [ "2018-03-25 23:59:59" ],
  "dateDimension" : [ "DAY" ]
} 
] 
2018-03-25 13:49:02.590 [qtp151190974-50] INFO  web-access - [
 loginUserName:1,系统管理员,admin 
 logId:cb5e8f46cd2e407cbd51aa985834e401 
 sessionId:evkx8isxj3es1cyxea9opp4k  
 requestURI:/hypnusMgr/admin/index.html  
 requestIp:192.168.1.201  
 requestHeaders:Cookie:JSESSIONID=evkx8isxj3es1cyxea9opp4k Accept:text/html,application/xhtml+xml,application/xml;q=0.9,image/webp,image/apng,*/*;q=0.8 Upgrade-Insecure-Requests:1 Connection:keep-alive User-Agent:Mozilla/5.0 (Windows NT 10.0; Win64; x64) AppleWebKit/537.36 (KHTML, like Gecko) Chrome/63.0.3239.108 Safari/537.36 Referer:http://localhost:8080/hypnusMgr/login;jsessionid=16edwdogzih6adep1w013adox Host:localhost:8080 Accept-Encoding:gzip, deflate, br Accept-Language:zh-CN,zh;q=0.9   
 requestParams:{ } 
] 
2018-03-25 13:49:03.546 [qtp151190974-46] INFO  web-access - [
 loginUserName:1,系统管理员,admin 
 logId:3389976b56e049e4a0b351944e4598de 
 sessionId:evkx8isxj3es1cyxea9opp4k  
 requestURI:/hypnusMgr/admin/deviceMgr/index.html  
 requestIp:192.168.1.201  
 requestHeaders:Cookie:JSESSIONID=evkx8isxj3es1cyxea9opp4k Accept:text/html,application/xhtml+xml,application/xml;q=0.9,image/webp,image/apng,*/*;q=0.8 Upgrade-Insecure-Requests:1 Connection:keep-alive User-Agent:Mozilla/5.0 (Windows NT 10.0; Win64; x64) AppleWebKit/537.36 (KHTML, like Gecko) Chrome/63.0.3239.108 Safari/537.36 Referer:http://localhost:8080/hypnusMgr/admin/index.html Host:localhost:8080 Accept-Encoding:gzip, deflate, br Accept-Language:zh-CN,zh;q=0.9   
 requestParams:{ } 
] 
2018-03-25 13:49:03.957 [qtp151190974-50] INFO  web-access - [
 loginUserName:1,系统管理员,admin 
 logId:cea3efa550a64701884e5acdd3eabde0 
 sessionId:evkx8isxj3es1cyxea9opp4k  
 requestURI:/hypnusMgr/admin/menus.json  
 requestIp:192.168.1.201  
 requestHeaders:Cookie:JSESSIONID=evkx8isxj3es1cyxea9opp4k Accept:*/* X-Requested-With:XMLHttpRequest Connection:keep-alive User-Agent:Mozilla/5.0 (Windows NT 10.0; Win64; x64) AppleWebKit/537.36 (KHTML, like Gecko) Chrome/63.0.3239.108 Safari/537.36 Referer:http://localhost:8080/hypnusMgr/admin/index.html Host:localhost:8080 Accept-Encoding:gzip, deflate, br Accept-Language:zh-CN,zh;q=0.9   
 requestParams:{ } 
] 
2018-03-25 13:49:03.976 [qtp151190974-47] INFO  web-access - [
 loginUserName:1,系统管理员,admin 
 logId:68b0d761eaab46efb75b64efbf2ead9c 
 sessionId:evkx8isxj3es1cyxea9opp4k  
 requestURI:/hypnusMgr/admin/deviceMgr/getPageDevice  
 requestIp:192.168.1.201  
 requestHeaders:Origin:http://localhost:8080 Cookie:JSESSIONID=evkx8isxj3es1cyxea9opp4k Accept:*/* X-Requested-With:XMLHttpRequest Connection:keep-alive User-Agent:Mozilla/5.0 (Windows NT 10.0; Win64; x64) AppleWebKit/537.36 (KHTML, like Gecko) Chrome/63.0.3239.108 Safari/537.36 Referer:http://localhost:8080/hypnusMgr/admin/deviceMgr/index.html Host:localhost:8080 Accept-Encoding:gzip, deflate, br Accept-Language:zh-CN,zh;q=0.9 Content-Length:53 Content-Type:application/x-www-form-urlencoded; charset=UTF-8   
 requestParams:{
  "pageSize" : [ "15" ],
  "snId" : [ "" ],
  "factoryMobile" : [ "" ],
  "pageNo" : [ "1" ],
  "userMobile" : [ "" ]
} 
] 
2018-03-25 13:49:04.416 [qtp151190974-16] INFO  web-access - [
 loginUserName:1,系统管理员,admin 
 logId:c9cb28264cbe48d19b1a5d244c316f2e 
 sessionId:evkx8isxj3es1cyxea9opp4k  
 requestURI:/hypnusMgr/admin/userMgr/index.html  
 requestIp:192.168.1.201  
 requestHeaders:Cookie:JSESSIONID=evkx8isxj3es1cyxea9opp4k Accept:text/html,application/xhtml+xml,application/xml;q=0.9,image/webp,image/apng,*/*;q=0.8 Upgrade-Insecure-Requests:1 Connection:keep-alive User-Agent:Mozilla/5.0 (Windows NT 10.0; Win64; x64) AppleWebKit/537.36 (KHTML, like Gecko) Chrome/63.0.3239.108 Safari/537.36 Referer:http://localhost:8080/hypnusMgr/admin/index.html Host:localhost:8080 Accept-Encoding:gzip, deflate, br Accept-Language:zh-CN,zh;q=0.9   
 requestParams:{ } 
] 
2018-03-25 13:49:04.718 [qtp151190974-46] INFO  web-access - [
 loginUserName:1,系统管理员,admin 
 logId:cb9f353a158d465daa1037ce78a8f733 
 sessionId:evkx8isxj3es1cyxea9opp4k  
 requestURI:/hypnusMgr/admin/userMgr/getPage  
 requestIp:192.168.1.201  
 requestHeaders:Origin:http://localhost:8080 Cookie:JSESSIONID=evkx8isxj3es1cyxea9opp4k Accept:*/* X-Requested-With:XMLHttpRequest Connection:keep-alive User-Agent:Mozilla/5.0 (Windows NT 10.0; Win64; x64) AppleWebKit/537.36 (KHTML, like Gecko) Chrome/63.0.3239.108 Safari/537.36 Referer:http://localhost:8080/hypnusMgr/admin/userMgr/index.html Host:localhost:8080 Accept-Encoding:gzip, deflate, br Accept-Language:zh-CN,zh;q=0.9 Content-Length:27 Content-Type:application/x-www-form-urlencoded; charset=UTF-8   
 requestParams:{
  "phone" : [ "" ],
  "pageSize" : [ "15" ],
  "pageNo" : [ "1" ]
} 
] 
2018-03-25 13:49:06.558 [qtp151190974-48] INFO  web-access - [
 loginUserName:1,系统管理员,admin 
 logId:6401e5aa134e4916acf91e3cbb97f85d 
 sessionId:evkx8isxj3es1cyxea9opp4k  
 requestURI:/hypnusMgr/admin/statisti/data/index.html  
 requestIp:192.168.1.201  
 requestHeaders:Cookie:JSESSIONID=evkx8isxj3es1cyxea9opp4k Accept:text/html,application/xhtml+xml,application/xml;q=0.9,image/webp,image/apng,*/*;q=0.8 Upgrade-Insecure-Requests:1 Connection:keep-alive User-Agent:Mozilla/5.0 (Windows NT 10.0; Win64; x64) AppleWebKit/537.36 (KHTML, like Gecko) Chrome/63.0.3239.108 Safari/537.36 Host:localhost:8080 Accept-Encoding:gzip, deflate, br Accept-Language:zh-CN,zh;q=0.9   
 requestParams:{ } 
] 
2018-03-25 13:49:06.955 [qtp151190974-18] INFO  web-access - [
 loginUserName:1,系统管理员,admin 
 logId:58c40b1150fa4efda3b84b5b4abf6be4 
 sessionId:evkx8isxj3es1cyxea9opp4k  
 requestURI:/hypnusMgr/admin/statisti/data/getOrderAmountStat  
 requestIp:192.168.1.201  
 requestHeaders:Origin:http://localhost:8080 Cookie:JSESSIONID=evkx8isxj3es1cyxea9opp4k Accept:*/* X-Requested-With:XMLHttpRequest Connection:keep-alive User-Agent:Mozilla/5.0 (Windows NT 10.0; Win64; x64) AppleWebKit/537.36 (KHTML, like Gecko) Chrome/63.0.3239.108 Safari/537.36 Referer:http://localhost:8080/hypnusMgr/admin/statisti/data/index.html Host:localhost:8080 Accept-Encoding:gzip, deflate, br Accept-Language:zh-CN,zh;q=0.9 Content-Length:95 Content-Type:application/x-www-form-urlencoded; charset=UTF-8   
 requestParams:{
  "startCreateDate" : [ "2018-03-01 00:00:00" ],
  "endCreateDate" : [ "2018-03-25 23:59:59" ],
  "dateDimension" : [ "DAY" ]
} 
] 
2018-03-25 13:49:06.969 [qtp151190974-48] INFO  web-access - [
 loginUserName:1,系统管理员,admin 
 logId:08356e6ff9594904851973af4ca72a5d 
 sessionId:evkx8isxj3es1cyxea9opp4k  
 requestURI:/hypnusMgr/admin/statisti/order/getAmountNum  
 requestIp:192.168.1.201  
 requestHeaders:Origin:http://localhost:8080 Cookie:JSESSIONID=evkx8isxj3es1cyxea9opp4k Accept:*/* X-Requested-With:XMLHttpRequest Connection:keep-alive User-Agent:Mozilla/5.0 (Windows NT 10.0; Win64; x64) AppleWebKit/537.36 (KHTML, like Gecko) Chrome/63.0.3239.108 Safari/537.36 Referer:http://localhost:8080/hypnusMgr/admin/statisti/data/index.html Host:localhost:8080 Accept-Encoding:gzip, deflate, br Accept-Language:zh-CN,zh;q=0.9 Content-Length:95 Content-Type:application/x-www-form-urlencoded; charset=UTF-8   
 requestParams:{
  "startCreateDate" : [ "2018-03-01 00:00:00" ],
  "endCreateDate" : [ "2018-03-25 23:59:59" ],
  "dateDimension" : [ "DAY" ]
} 
] 
2018-03-25 13:49:32.435 [qtp151190974-47] INFO  web-access - [
 loginUserName:1,系统管理员,admin 
 logId:f6639c25aaa6443599ad531c6a5a272c 
 sessionId:evkx8isxj3es1cyxea9opp4k  
 requestURI:/hypnusMgr/admin/statisti/data/index.html  
 requestIp:192.168.1.201  
 requestHeaders:Cookie:JSESSIONID=evkx8isxj3es1cyxea9opp4k Cache-Control:max-age=0 Accept:text/html,application/xhtml+xml,application/xml;q=0.9,image/webp,image/apng,*/*;q=0.8 Upgrade-Insecure-Requests:1 Connection:keep-alive User-Agent:Mozilla/5.0 (Windows NT 10.0; Win64; x64) AppleWebKit/537.36 (KHTML, like Gecko) Chrome/63.0.3239.108 Safari/537.36 Host:localhost:8080 Accept-Encoding:gzip, deflate, br Accept-Language:zh-CN,zh;q=0.9   
 requestParams:{ } 
] 
2018-03-25 13:49:32.752 [qtp151190974-50] INFO  web-access - [
 loginUserName:1,系统管理员,admin 
 logId:cde69c85b1c94daf986d7dc91b703317 
 sessionId:evkx8isxj3es1cyxea9opp4k  
 requestURI:/hypnusMgr/admin/statisti/data/getOrderAmountStat  
 requestIp:192.168.1.201  
 requestHeaders:Origin:http://localhost:8080 Cookie:JSESSIONID=evkx8isxj3es1cyxea9opp4k Accept:*/* X-Requested-With:XMLHttpRequest Connection:keep-alive User-Agent:Mozilla/5.0 (Windows NT 10.0; Win64; x64) AppleWebKit/537.36 (KHTML, like Gecko) Chrome/63.0.3239.108 Safari/537.36 Referer:http://localhost:8080/hypnusMgr/admin/statisti/data/index.html Host:localhost:8080 Accept-Encoding:gzip, deflate, br Accept-Language:zh-CN,zh;q=0.9 Content-Length:95 Content-Type:application/x-www-form-urlencoded; charset=UTF-8   
 requestParams:{
  "startCreateDate" : [ "2018-03-01 00:00:00" ],
  "endCreateDate" : [ "2018-03-25 23:59:59" ],
  "dateDimension" : [ "DAY" ]
} 
] 
2018-03-25 13:50:25.199 [qtp151190974-51] INFO  web-access - [
 loginUserName:1,系统管理员,admin 
 logId:ee58b5a1e7a74e068b940fe425640fe2 
 sessionId:evkx8isxj3es1cyxea9opp4k  
 requestURI:/hypnusMgr/admin/statisti/data/index.html  
 requestIp:192.168.1.201  
 requestHeaders:Cookie:JSESSIONID=evkx8isxj3es1cyxea9opp4k Cache-Control:max-age=0 Accept:text/html,application/xhtml+xml,application/xml;q=0.9,image/webp,image/apng,*/*;q=0.8 Upgrade-Insecure-Requests:1 Connection:keep-alive User-Agent:Mozilla/5.0 (Windows NT 10.0; Win64; x64) AppleWebKit/537.36 (KHTML, like Gecko) Chrome/63.0.3239.108 Safari/537.36 Host:localhost:8080 Accept-Encoding:gzip, deflate, br Accept-Language:zh-CN,zh;q=0.9   
 requestParams:{ } 
] 
2018-03-25 13:50:25.551 [qtp151190974-16] INFO  web-access - [
 loginUserName:1,系统管理员,admin 
 logId:782c3167dc6a46e6a2b3100a5e8283cb 
 sessionId:evkx8isxj3es1cyxea9opp4k  
 requestURI:/hypnusMgr/admin/statisti/data/getDateFromOss  
 requestIp:192.168.1.201  
 requestHeaders:Origin:http://localhost:8080 Cookie:JSESSIONID=evkx8isxj3es1cyxea9opp4k Accept:*/* X-Requested-With:XMLHttpRequest Connection:keep-alive User-Agent:Mozilla/5.0 (Windows NT 10.0; Win64; x64) AppleWebKit/537.36 (KHTML, like Gecko) Chrome/63.0.3239.108 Safari/537.36 Referer:http://localhost:8080/hypnusMgr/admin/statisti/data/index.html Host:localhost:8080 Accept-Encoding:gzip, deflate, br Accept-Language:zh-CN,zh;q=0.9 Content-Length:95 Content-Type:application/x-www-form-urlencoded; charset=UTF-8   
 requestParams:{
  "startCreateDate" : [ "2018-03-01 00:00:00" ],
  "endCreateDate" : [ "2018-03-25 23:59:59" ],
  "dateDimension" : [ "DAY" ]
} 
] 
2018-03-25 13:51:13.330 [qtp151190974-51] INFO  web-access - [
 loginUserName:1,系统管理员,admin 
 logId:3e82f9fd84884d63965411c44c11e966 
 sessionId:evkx8isxj3es1cyxea9opp4k  
 requestURI:/hypnusMgr/admin/statisti/data/index.html  
 requestIp:192.168.1.201  
 requestHeaders:Cookie:JSESSIONID=evkx8isxj3es1cyxea9opp4k Cache-Control:max-age=0 Accept:text/html,application/xhtml+xml,application/xml;q=0.9,image/webp,image/apng,*/*;q=0.8 Upgrade-Insecure-Requests:1 Connection:keep-alive User-Agent:Mozilla/5.0 (Windows NT 10.0; Win64; x64) AppleWebKit/537.36 (KHTML, like Gecko) Chrome/63.0.3239.108 Safari/537.36 Host:localhost:8080 Accept-Encoding:gzip, deflate, br Accept-Language:zh-CN,zh;q=0.9   
 requestParams:{ } 
] 
2018-03-25 13:51:13.627 [qtp151190974-45] INFO  web-access - [
 loginUserName:1,系统管理员,admin 
 logId:f6819547ea0a413abc1e74680d2ab024 
 sessionId:evkx8isxj3es1cyxea9opp4k  
 requestURI:/hypnusMgr/admin/statisti/data/getDateFromOss  
 requestIp:192.168.1.201  
 requestHeaders:Origin:http://localhost:8080 Cookie:JSESSIONID=evkx8isxj3es1cyxea9opp4k Accept:*/* X-Requested-With:XMLHttpRequest Connection:keep-alive User-Agent:Mozilla/5.0 (Windows NT 10.0; Win64; x64) AppleWebKit/537.36 (KHTML, like Gecko) Chrome/63.0.3239.108 Safari/537.36 Referer:http://localhost:8080/hypnusMgr/admin/statisti/data/index.html Host:localhost:8080 Accept-Encoding:gzip, deflate, br Accept-Language:zh-CN,zh;q=0.9 Content-Length:95 Content-Type:application/x-www-form-urlencoded; charset=UTF-8   
 requestParams:{
  "startCreateDate" : [ "2018-03-01 00:00:00" ],
  "endCreateDate" : [ "2018-03-25 23:59:59" ],
  "dateDimension" : [ "DAY" ]
} 
] 
2018-03-25 13:51:31.066 [qtp151190974-48] INFO  web-access - [
 loginUserName:1,系统管理员,admin 
 logId:4f8c18d431ae43a2a067cb6013bacec6 
 sessionId:evkx8isxj3es1cyxea9opp4k  
 requestURI:/hypnusMgr/admin/statisti/data/index.html  
 requestIp:192.168.1.201  
 requestHeaders:Cookie:JSESSIONID=evkx8isxj3es1cyxea9opp4k Cache-Control:max-age=0 Accept:text/html,application/xhtml+xml,application/xml;q=0.9,image/webp,image/apng,*/*;q=0.8 Upgrade-Insecure-Requests:1 Connection:keep-alive User-Agent:Mozilla/5.0 (Windows NT 10.0; Win64; x64) AppleWebKit/537.36 (KHTML, like Gecko) Chrome/63.0.3239.108 Safari/537.36 Host:localhost:8080 Accept-Encoding:gzip, deflate, br Accept-Language:zh-CN,zh;q=0.9   
 requestParams:{ } 
] 
2018-03-25 13:51:31.354 [qtp151190974-50] INFO  web-access - [
 loginUserName:1,系统管理员,admin 
 logId:3ee16325ac8e438f925721e0480a6821 
 sessionId:evkx8isxj3es1cyxea9opp4k  
 requestURI:/hypnusMgr/admin/statisti/data/getDateFromOss  
 requestIp:192.168.1.201  
 requestHeaders:Origin:http://localhost:8080 Cookie:JSESSIONID=evkx8isxj3es1cyxea9opp4k Accept:*/* X-Requested-With:XMLHttpRequest Connection:keep-alive User-Agent:Mozilla/5.0 (Windows NT 10.0; Win64; x64) AppleWebKit/537.36 (KHTML, like Gecko) Chrome/63.0.3239.108 Safari/537.36 Referer:http://localhost:8080/hypnusMgr/admin/statisti/data/index.html Host:localhost:8080 Accept-Encoding:gzip, deflate, br Accept-Language:zh-CN,zh;q=0.9 Content-Length:95 Content-Type:application/x-www-form-urlencoded; charset=UTF-8   
 requestParams:{
  "startCreateDate" : [ "2018-03-01 00:00:00" ],
  "endCreateDate" : [ "2018-03-25 23:59:59" ],
  "dateDimension" : [ "DAY" ]
} 
] 
2018-03-25 13:52:04.835 [qtp151190974-45] INFO  web-access - [
 loginUserName:1,系统管理员,admin 
 logId:c9ad586049e1465087528eae38cc6b2d 
 sessionId:evkx8isxj3es1cyxea9opp4k  
 requestURI:/hypnusMgr/admin/statisti/data/index.html  
 requestIp:192.168.1.201  
 requestHeaders:Cookie:JSESSIONID=evkx8isxj3es1cyxea9opp4k Cache-Control:max-age=0 Accept:text/html,application/xhtml+xml,application/xml;q=0.9,image/webp,image/apng,*/*;q=0.8 Upgrade-Insecure-Requests:1 Connection:keep-alive User-Agent:Mozilla/5.0 (Windows NT 10.0; Win64; x64) AppleWebKit/537.36 (KHTML, like Gecko) Chrome/63.0.3239.108 Safari/537.36 Host:localhost:8080 Accept-Encoding:gzip, deflate, br Accept-Language:zh-CN,zh;q=0.9   
 requestParams:{ } 
] 
2018-03-25 13:52:05.120 [qtp151190974-16] INFO  web-access - [
 loginUserName:1,系统管理员,admin 
 logId:d4fab693a6c045ee8a34eec973c8e578 
 sessionId:evkx8isxj3es1cyxea9opp4k  
 requestURI:/hypnusMgr/admin/statisti/data/getDateFromOss  
 requestIp:192.168.1.201  
 requestHeaders:Origin:http://localhost:8080 Cookie:JSESSIONID=evkx8isxj3es1cyxea9opp4k Accept:*/* X-Requested-With:XMLHttpRequest Connection:keep-alive User-Agent:Mozilla/5.0 (Windows NT 10.0; Win64; x64) AppleWebKit/537.36 (KHTML, like Gecko) Chrome/63.0.3239.108 Safari/537.36 Referer:http://localhost:8080/hypnusMgr/admin/statisti/data/index.html Host:localhost:8080 Accept-Encoding:gzip, deflate, br Accept-Language:zh-CN,zh;q=0.9 Content-Length:95 Content-Type:application/x-www-form-urlencoded; charset=UTF-8   
 requestParams:{
  "startCreateDate" : [ "2018-03-01 00:00:00" ],
  "endCreateDate" : [ "2018-03-25 23:59:59" ],
  "dateDimension" : [ "DAY" ]
} 
] 
2018-03-25 13:52:07.627 [qtp151190974-48] INFO  web-access - [
 loginUserName:1,系统管理员,admin 
 logId:fd905cc038dc4ec89074b23c69dfd88a 
 sessionId:evkx8isxj3es1cyxea9opp4k  
 requestURI:/hypnusMgr/admin/statisti/data/index.html  
 requestIp:192.168.1.201  
 requestHeaders:Cookie:JSESSIONID=evkx8isxj3es1cyxea9opp4k Cache-Control:max-age=0 Accept:text/html,application/xhtml+xml,application/xml;q=0.9,image/webp,image/apng,*/*;q=0.8 Upgrade-Insecure-Requests:1 Connection:keep-alive User-Agent:Mozilla/5.0 (Windows NT 10.0; Win64; x64) AppleWebKit/537.36 (KHTML, like Gecko) Chrome/63.0.3239.108 Safari/537.36 Host:localhost:8080 Accept-Encoding:gzip, deflate, br Accept-Language:zh-CN,zh;q=0.9   
 requestParams:{ } 
] 
2018-03-25 13:52:08.042 [qtp151190974-50] INFO  web-access - [
 loginUserName:1,系统管理员,admin 
 logId:922030b2d74b4b5fa6f8634ba5e650f2 
 sessionId:evkx8isxj3es1cyxea9opp4k  
 requestURI:/hypnusMgr/admin/statisti/data/getDateFromOss  
 requestIp:192.168.1.201  
 requestHeaders:Origin:http://localhost:8080 Cookie:JSESSIONID=evkx8isxj3es1cyxea9opp4k Accept:*/* X-Requested-With:XMLHttpRequest Connection:keep-alive User-Agent:Mozilla/5.0 (Windows NT 10.0; Win64; x64) AppleWebKit/537.36 (KHTML, like Gecko) Chrome/63.0.3239.108 Safari/537.36 Referer:http://localhost:8080/hypnusMgr/admin/statisti/data/index.html Host:localhost:8080 Accept-Encoding:gzip, deflate, br Accept-Language:zh-CN,zh;q=0.9 Content-Length:95 Content-Type:application/x-www-form-urlencoded; charset=UTF-8   
 requestParams:{
  "startCreateDate" : [ "2018-03-01 00:00:00" ],
  "endCreateDate" : [ "2018-03-25 23:59:59" ],
  "dateDimension" : [ "DAY" ]
} 
] 
2018-03-25 13:53:27.862 [qtp151190974-46] INFO  web-access - [
 loginUserName:1,系统管理员,admin 
 logId:bd6a2e8fd567487fb7a7b37c2589ce33 
 sessionId:vn46jpeznfjq8u0th9qicjh5  
 requestURI:/hypnusMgr/admin/index.html  
 requestIp:192.168.1.201  
 requestHeaders:Cookie:JSESSIONID=vn46jpeznfjq8u0th9qicjh5 Accept:text/html,application/xhtml+xml,application/xml;q=0.9,image/webp,image/apng,*/*;q=0.8 Upgrade-Insecure-Requests:1 Connection:keep-alive User-Agent:Mozilla/5.0 (Windows NT 10.0; Win64; x64) AppleWebKit/537.36 (KHTML, like Gecko) Chrome/63.0.3239.108 Safari/537.36 Referer:http://localhost:8080/hypnusMgr/login Host:localhost:8080 Accept-Encoding:gzip, deflate, br Accept-Language:zh-CN,zh;q=0.9   
 requestParams:{ } 
] 
2018-03-25 13:53:28.839 [qtp151190974-46] INFO  web-access - [
 loginUserName:1,系统管理员,admin 
 logId:abfacbf822044b85aa556f843c38ab92 
 sessionId:vn46jpeznfjq8u0th9qicjh5  
 requestURI:/hypnusMgr/admin/deviceMgr/index.html  
 requestIp:192.168.1.201  
 requestHeaders:Cookie:JSESSIONID=vn46jpeznfjq8u0th9qicjh5 Accept:text/html,application/xhtml+xml,application/xml;q=0.9,image/webp,image/apng,*/*;q=0.8 Upgrade-Insecure-Requests:1 Connection:keep-alive User-Agent:Mozilla/5.0 (Windows NT 10.0; Win64; x64) AppleWebKit/537.36 (KHTML, like Gecko) Chrome/63.0.3239.108 Safari/537.36 Referer:http://localhost:8080/hypnusMgr/admin/index.html Host:localhost:8080 Accept-Encoding:gzip, deflate, br Accept-Language:zh-CN,zh;q=0.9   
 requestParams:{ } 
] 
2018-03-25 13:53:29.099 [qtp151190974-45] INFO  web-access - [
 loginUserName:1,系统管理员,admin 
 logId:5cbdf5b865dc402ea932dba2c8120fc2 
 sessionId:vn46jpeznfjq8u0th9qicjh5  
 requestURI:/hypnusMgr/admin/menus.json  
 requestIp:192.168.1.201  
 requestHeaders:Cookie:JSESSIONID=vn46jpeznfjq8u0th9qicjh5 Accept:*/* X-Requested-With:XMLHttpRequest Connection:keep-alive User-Agent:Mozilla/5.0 (Windows NT 10.0; Win64; x64) AppleWebKit/537.36 (KHTML, like Gecko) Chrome/63.0.3239.108 Safari/537.36 Referer:http://localhost:8080/hypnusMgr/admin/index.html Host:localhost:8080 Accept-Encoding:gzip, deflate, br Accept-Language:zh-CN,zh;q=0.9   
 requestParams:{ } 
] 
2018-03-25 13:53:29.138 [qtp151190974-50] INFO  web-access - [
 loginUserName:1,系统管理员,admin 
 logId:8f65122a57b34135979ad573eaac732c 
 sessionId:vn46jpeznfjq8u0th9qicjh5  
 requestURI:/hypnusMgr/admin/deviceMgr/getPageDevice  
 requestIp:192.168.1.201  
 requestHeaders:Origin:http://localhost:8080 Cookie:JSESSIONID=vn46jpeznfjq8u0th9qicjh5 Accept:*/* X-Requested-With:XMLHttpRequest Connection:keep-alive User-Agent:Mozilla/5.0 (Windows NT 10.0; Win64; x64) AppleWebKit/537.36 (KHTML, like Gecko) Chrome/63.0.3239.108 Safari/537.36 Referer:http://localhost:8080/hypnusMgr/admin/deviceMgr/index.html Host:localhost:8080 Accept-Encoding:gzip, deflate, br Accept-Language:zh-CN,zh;q=0.9 Content-Length:53 Content-Type:application/x-www-form-urlencoded; charset=UTF-8   
 requestParams:{
  "pageSize" : [ "15" ],
  "snId" : [ "" ],
  "factoryMobile" : [ "" ],
  "pageNo" : [ "1" ],
  "userMobile" : [ "" ]
} 
] 
2018-03-25 13:53:29.374 [qtp151190974-58] INFO  web-access - [
 loginUserName:1,系统管理员,admin 
 logId:8a2a099657544dc4aeac530627d7d1b5 
 sessionId:vn46jpeznfjq8u0th9qicjh5  
 requestURI:/hypnusMgr/admin/userMgr/index.html  
 requestIp:192.168.1.201  
 requestHeaders:Cookie:JSESSIONID=vn46jpeznfjq8u0th9qicjh5 Accept:text/html,application/xhtml+xml,application/xml;q=0.9,image/webp,image/apng,*/*;q=0.8 Upgrade-Insecure-Requests:1 Connection:keep-alive User-Agent:Mozilla/5.0 (Windows NT 10.0; Win64; x64) AppleWebKit/537.36 (KHTML, like Gecko) Chrome/63.0.3239.108 Safari/537.36 Referer:http://localhost:8080/hypnusMgr/admin/index.html Host:localhost:8080 Accept-Encoding:gzip, deflate, br Accept-Language:zh-CN,zh;q=0.9   
 requestParams:{ } 
] 
2018-03-25 13:53:29.631 [qtp151190974-59] INFO  web-access - [
 loginUserName:1,系统管理员,admin 
 logId:2859cf68e313449794c8d04f9d8e0b04 
 sessionId:vn46jpeznfjq8u0th9qicjh5  
 requestURI:/hypnusMgr/admin/userMgr/getPage  
 requestIp:192.168.1.201  
 requestHeaders:Origin:http://localhost:8080 Cookie:JSESSIONID=vn46jpeznfjq8u0th9qicjh5 Accept:*/* X-Requested-With:XMLHttpRequest Connection:keep-alive User-Agent:Mozilla/5.0 (Windows NT 10.0; Win64; x64) AppleWebKit/537.36 (KHTML, like Gecko) Chrome/63.0.3239.108 Safari/537.36 Referer:http://localhost:8080/hypnusMgr/admin/userMgr/index.html Host:localhost:8080 Accept-Encoding:gzip, deflate, br Accept-Language:zh-CN,zh;q=0.9 Content-Length:27 Content-Type:application/x-www-form-urlencoded; charset=UTF-8   
 requestParams:{
  "phone" : [ "" ],
  "pageSize" : [ "15" ],
  "pageNo" : [ "1" ]
} 
] 
2018-03-25 13:53:47.427 [qtp151190974-60] INFO  web-access - [
 loginUserName:1,系统管理员,admin 
 logId:879e796cbdf644d2a0babcd6b2e659f0 
 sessionId:vn46jpeznfjq8u0th9qicjh5  
 requestURI:/hypnusMgr/admin/statisti/data/index.html  
 requestIp:192.168.1.201  
 requestHeaders:Cookie:JSESSIONID=vn46jpeznfjq8u0th9qicjh5 Accept:text/html,application/xhtml+xml,application/xml;q=0.9,image/webp,image/apng,*/*;q=0.8 Upgrade-Insecure-Requests:1 Connection:keep-alive User-Agent:Mozilla/5.0 (Windows NT 10.0; Win64; x64) AppleWebKit/537.36 (KHTML, like Gecko) Chrome/63.0.3239.108 Safari/537.36 Host:localhost:8080 Accept-Encoding:gzip, deflate, br Accept-Language:zh-CN,zh;q=0.9   
 requestParams:{ } 
] 
2018-03-25 13:53:47.837 [qtp151190974-50] INFO  web-access - [
 loginUserName:1,系统管理员,admin 
 logId:5d119dbb4b2244a08fd5cba44025a1e5 
 sessionId:vn46jpeznfjq8u0th9qicjh5  
 requestURI:/hypnusMgr/admin/statisti/data/getDateFromOss  
 requestIp:192.168.1.201  
 requestHeaders:Origin:http://localhost:8080 Cookie:JSESSIONID=vn46jpeznfjq8u0th9qicjh5 Accept:*/* X-Requested-With:XMLHttpRequest Connection:keep-alive User-Agent:Mozilla/5.0 (Windows NT 10.0; Win64; x64) AppleWebKit/537.36 (KHTML, like Gecko) Chrome/63.0.3239.108 Safari/537.36 Referer:http://localhost:8080/hypnusMgr/admin/statisti/data/index.html Host:localhost:8080 Accept-Encoding:gzip, deflate, br Accept-Language:zh-CN,zh;q=0.9 Content-Length:95 Content-Type:application/x-www-form-urlencoded; charset=UTF-8   
 requestParams:{
  "startCreateDate" : [ "2018-03-01 00:00:00" ],
  "endCreateDate" : [ "2018-03-25 23:59:59" ],
  "dateDimension" : [ "DAY" ]
} 
] 
2018-03-25 13:55:58.273 [qtp151190974-46] INFO  web-access - [
 loginUserName:1,系统管理员,admin 
 logId:0c4491b50b0e47c7a9ad77904edcd1ac 
 sessionId:vn46jpeznfjq8u0th9qicjh5  
 requestURI:/hypnusMgr/admin/statisti/data/index.html  
 requestIp:192.168.1.201  
 requestHeaders:Cookie:JSESSIONID=vn46jpeznfjq8u0th9qicjh5 Cache-Control:max-age=0 Accept:text/html,application/xhtml+xml,application/xml;q=0.9,image/webp,image/apng,*/*;q=0.8 Upgrade-Insecure-Requests:1 Connection:keep-alive User-Agent:Mozilla/5.0 (Windows NT 10.0; Win64; x64) AppleWebKit/537.36 (KHTML, like Gecko) Chrome/63.0.3239.108 Safari/537.36 Host:localhost:8080 Accept-Encoding:gzip, deflate, br Accept-Language:zh-CN,zh;q=0.9   
 requestParams:{ } 
] 
2018-03-25 13:55:58.619 [qtp151190974-58] INFO  web-access - [
 loginUserName:1,系统管理员,admin 
 logId:c1c1bd5c531e4888ae1de795205701b0 
 sessionId:vn46jpeznfjq8u0th9qicjh5  
 requestURI:/hypnusMgr/admin/statisti/data/getDateFromOss  
 requestIp:192.168.1.201  
 requestHeaders:Origin:http://localhost:8080 Cookie:JSESSIONID=vn46jpeznfjq8u0th9qicjh5 Accept:*/* X-Requested-With:XMLHttpRequest Connection:keep-alive User-Agent:Mozilla/5.0 (Windows NT 10.0; Win64; x64) AppleWebKit/537.36 (KHTML, like Gecko) Chrome/63.0.3239.108 Safari/537.36 Referer:http://localhost:8080/hypnusMgr/admin/statisti/data/index.html Host:localhost:8080 Accept-Encoding:gzip, deflate, br Accept-Language:zh-CN,zh;q=0.9 Content-Length:95 Content-Type:application/x-www-form-urlencoded; charset=UTF-8   
 requestParams:{
  "startCreateDate" : [ "2018-03-01 00:00:00" ],
  "endCreateDate" : [ "2018-03-25 23:59:59" ],
  "dateDimension" : [ "DAY" ]
} 
] 
2018-03-25 13:57:55.732 [qtp151190974-46] INFO  web-access - [
 loginUserName:1,系统管理员,admin 
 logId:808fa219ec6748aebb505bd0ffa3cbbf 
 sessionId:vn46jpeznfjq8u0th9qicjh5  
 requestURI:/hypnusMgr/admin/statisti/data/index.html  
 requestIp:192.168.1.201  
 requestHeaders:Cookie:JSESSIONID=vn46jpeznfjq8u0th9qicjh5 Cache-Control:max-age=0 Accept:text/html,application/xhtml+xml,application/xml;q=0.9,image/webp,image/apng,*/*;q=0.8 Upgrade-Insecure-Requests:1 Connection:keep-alive User-Agent:Mozilla/5.0 (Windows NT 10.0; Win64; x64) AppleWebKit/537.36 (KHTML, like Gecko) Chrome/63.0.3239.108 Safari/537.36 Host:localhost:8080 Accept-Encoding:gzip, deflate, br Accept-Language:zh-CN,zh;q=0.9   
 requestParams:{ } 
] 
2018-03-25 13:57:56.175 [qtp151190974-58] INFO  web-access - [
 loginUserName:1,系统管理员,admin 
 logId:eefd6c31d61d4060961b3923515d6a6f 
 sessionId:vn46jpeznfjq8u0th9qicjh5  
 requestURI:/hypnusMgr/admin/statisti/data/getDateFromOss  
 requestIp:192.168.1.201  
 requestHeaders:Origin:http://localhost:8080 Cookie:JSESSIONID=vn46jpeznfjq8u0th9qicjh5 Accept:*/* X-Requested-With:XMLHttpRequest Connection:keep-alive User-Agent:Mozilla/5.0 (Windows NT 10.0; Win64; x64) AppleWebKit/537.36 (KHTML, like Gecko) Chrome/63.0.3239.108 Safari/537.36 Referer:http://localhost:8080/hypnusMgr/admin/statisti/data/index.html Host:localhost:8080 Accept-Encoding:gzip, deflate, br Accept-Language:zh-CN,zh;q=0.9 Content-Length:95 Content-Type:application/x-www-form-urlencoded; charset=UTF-8   
 requestParams:{
  "startCreateDate" : [ "2018-03-01 00:00:00" ],
  "endCreateDate" : [ "2018-03-25 23:59:59" ],
  "dateDimension" : [ "DAY" ]
} 
] 
2018-03-25 14:04:04.540 [qtp151190974-45] INFO  web-access - [
 loginUserName:1,系统管理员,admin 
 logId:69f09715ab724b6db4c3bacffdd3495d 
 sessionId:vn46jpeznfjq8u0th9qicjh5  
 requestURI:/hypnusMgr/admin/statisti/data/index.html  
 requestIp:127.0.0.1  
 requestHeaders:Cookie:JSESSIONID=vn46jpeznfjq8u0th9qicjh5 Cache-Control:max-age=0 Accept:text/html,application/xhtml+xml,application/xml;q=0.9,image/webp,image/apng,*/*;q=0.8 Upgrade-Insecure-Requests:1 Connection:keep-alive User-Agent:Mozilla/5.0 (Windows NT 10.0; Win64; x64) AppleWebKit/537.36 (KHTML, like Gecko) Chrome/63.0.3239.108 Safari/537.36 Host:localhost:8080 Accept-Encoding:gzip, deflate, br Accept-Language:zh-CN,zh;q=0.9   
 requestParams:{ } 
] 
2018-03-25 14:04:04.790 [qtp151190974-60] INFO  web-access - [
 loginUserName:1,系统管理员,admin 
 logId:21544de619ce4a7a8bd89240e7d96785 
 sessionId:vn46jpeznfjq8u0th9qicjh5  
 requestURI:/hypnusMgr/admin/statisti/data/getDateFromOss  
 requestIp:127.0.0.1  
 requestHeaders:Origin:http://localhost:8080 Cookie:JSESSIONID=vn46jpeznfjq8u0th9qicjh5 Accept:*/* X-Requested-With:XMLHttpRequest Connection:keep-alive User-Agent:Mozilla/5.0 (Windows NT 10.0; Win64; x64) AppleWebKit/537.36 (KHTML, like Gecko) Chrome/63.0.3239.108 Safari/537.36 Referer:http://localhost:8080/hypnusMgr/admin/statisti/data/index.html Host:localhost:8080 Accept-Encoding:gzip, deflate, br Accept-Language:zh-CN,zh;q=0.9 Content-Length:95 Content-Type:application/x-www-form-urlencoded; charset=UTF-8   
 requestParams:{
  "startCreateDate" : [ "2018-03-01 00:00:00" ],
  "endCreateDate" : [ "2018-03-25 23:59:59" ],
  "dateDimension" : [ "DAY" ]
} 
] 
2018-03-25 14:05:15.001 [qtp151190974-46] INFO  web-access - [
 loginUserName:1,系统管理员,admin 
 logId:c3de4bf3909e4dac859d2616c80a0fbe 
 sessionId:vn46jpeznfjq8u0th9qicjh5  
 requestURI:/hypnusMgr/admin/statisti/data/index.html  
 requestIp:192.168.1.201  
 requestHeaders:Cookie:JSESSIONID=vn46jpeznfjq8u0th9qicjh5 Cache-Control:max-age=0 Accept:text/html,application/xhtml+xml,application/xml;q=0.9,image/webp,image/apng,*/*;q=0.8 Upgrade-Insecure-Requests:1 Connection:keep-alive User-Agent:Mozilla/5.0 (Windows NT 10.0; Win64; x64) AppleWebKit/537.36 (KHTML, like Gecko) Chrome/63.0.3239.108 Safari/537.36 Host:localhost:8080 Accept-Encoding:gzip, deflate, br Accept-Language:zh-CN,zh;q=0.9   
 requestParams:{ } 
] 
2018-03-25 14:05:15.369 [qtp151190974-45] INFO  web-access - [
 loginUserName:1,系统管理员,admin 
 logId:8fe6ce22594a4a2187910b0a940d792d 
 sessionId:vn46jpeznfjq8u0th9qicjh5  
 requestURI:/hypnusMgr/admin/statisti/data/getDateFromOss  
 requestIp:192.168.1.201  
 requestHeaders:Origin:http://localhost:8080 Cookie:JSESSIONID=vn46jpeznfjq8u0th9qicjh5 Accept:*/* X-Requested-With:XMLHttpRequest Connection:keep-alive User-Agent:Mozilla/5.0 (Windows NT 10.0; Win64; x64) AppleWebKit/537.36 (KHTML, like Gecko) Chrome/63.0.3239.108 Safari/537.36 Referer:http://localhost:8080/hypnusMgr/admin/statisti/data/index.html Host:localhost:8080 Accept-Encoding:gzip, deflate, br Accept-Language:zh-CN,zh;q=0.9 Content-Length:95 Content-Type:application/x-www-form-urlencoded; charset=UTF-8   
 requestParams:{
  "startCreateDate" : [ "2018-03-01 00:00:00" ],
  "endCreateDate" : [ "2018-03-25 23:59:59" ],
  "dateDimension" : [ "DAY" ]
} 
] 
2018-03-25 14:05:36.426 [qtp151190974-46] INFO  web-access - [
 loginUserName:1,系统管理员,admin 
 logId:61a37db84f8c479f8f6f3369f117b2e4 
 sessionId:vn46jpeznfjq8u0th9qicjh5  
 requestURI:/hypnusMgr/admin/statisti/data/index.html  
 requestIp:192.168.1.201  
 requestHeaders:Cookie:JSESSIONID=vn46jpeznfjq8u0th9qicjh5 Cache-Control:max-age=0 Accept:text/html,application/xhtml+xml,application/xml;q=0.9,image/webp,image/apng,*/*;q=0.8 Upgrade-Insecure-Requests:1 Connection:keep-alive User-Agent:Mozilla/5.0 (Windows NT 10.0; Win64; x64) AppleWebKit/537.36 (KHTML, like Gecko) Chrome/63.0.3239.108 Safari/537.36 Host:localhost:8080 Accept-Encoding:gzip, deflate, br Accept-Language:zh-CN,zh;q=0.9   
 requestParams:{ } 
] 
2018-03-25 14:05:36.812 [qtp151190974-45] INFO  web-access - [
 loginUserName:1,系统管理员,admin 
 logId:432535d9fa0f45018aaf3212a8ce29a4 
 sessionId:vn46jpeznfjq8u0th9qicjh5  
 requestURI:/hypnusMgr/admin/statisti/data/getDateFromOss  
 requestIp:192.168.1.201  
 requestHeaders:Origin:http://localhost:8080 Cookie:JSESSIONID=vn46jpeznfjq8u0th9qicjh5 Accept:*/* X-Requested-With:XMLHttpRequest Connection:keep-alive User-Agent:Mozilla/5.0 (Windows NT 10.0; Win64; x64) AppleWebKit/537.36 (KHTML, like Gecko) Chrome/63.0.3239.108 Safari/537.36 Referer:http://localhost:8080/hypnusMgr/admin/statisti/data/index.html Host:localhost:8080 Accept-Encoding:gzip, deflate, br Accept-Language:zh-CN,zh;q=0.9 Content-Length:95 Content-Type:application/x-www-form-urlencoded; charset=UTF-8   
 requestParams:{
  "startCreateDate" : [ "2018-03-01 00:00:00" ],
  "endCreateDate" : [ "2018-03-25 23:59:59" ],
  "dateDimension" : [ "DAY" ]
} 
] 
2018-03-25 14:06:41.450 [qtp151190974-45] INFO  web-access - [
 loginUserName:1,系统管理员,admin 
 logId:625c23fff47d40a2a405a9092f512133 
 sessionId:vn46jpeznfjq8u0th9qicjh5  
 requestURI:/hypnusMgr/admin/statisti/data/index.html  
 requestIp:192.168.1.201  
 requestHeaders:Cookie:JSESSIONID=vn46jpeznfjq8u0th9qicjh5 Cache-Control:max-age=0 Accept:text/html,application/xhtml+xml,application/xml;q=0.9,image/webp,image/apng,*/*;q=0.8 Upgrade-Insecure-Requests:1 Connection:keep-alive User-Agent:Mozilla/5.0 (Windows NT 10.0; Win64; x64) AppleWebKit/537.36 (KHTML, like Gecko) Chrome/63.0.3239.108 Safari/537.36 Host:localhost:8080 Accept-Encoding:gzip, deflate, br Accept-Language:zh-CN,zh;q=0.9   
 requestParams:{ } 
] 
2018-03-25 14:06:42.008 [qtp151190974-60] INFO  web-access - [
 loginUserName:1,系统管理员,admin 
 logId:2d10b0cee8734e9aa6432fe8101178b5 
 sessionId:vn46jpeznfjq8u0th9qicjh5  
 requestURI:/hypnusMgr/admin/statisti/data/getDateFromOss  
 requestIp:192.168.1.201  
 requestHeaders:Origin:http://localhost:8080 Cookie:JSESSIONID=vn46jpeznfjq8u0th9qicjh5 Accept:*/* X-Requested-With:XMLHttpRequest Connection:keep-alive User-Agent:Mozilla/5.0 (Windows NT 10.0; Win64; x64) AppleWebKit/537.36 (KHTML, like Gecko) Chrome/63.0.3239.108 Safari/537.36 Referer:http://localhost:8080/hypnusMgr/admin/statisti/data/index.html Host:localhost:8080 Accept-Encoding:gzip, deflate, br Accept-Language:zh-CN,zh;q=0.9 Content-Length:95 Content-Type:application/x-www-form-urlencoded; charset=UTF-8   
 requestParams:{
  "startCreateDate" : [ "2018-03-01 00:00:00" ],
  "endCreateDate" : [ "2018-03-25 23:59:59" ],
  "dateDimension" : [ "DAY" ]
} 
] 
2018-03-25 14:06:56.714 [qtp151190974-50] INFO  web-access - [
 loginUserName:1,系统管理员,admin 
 logId:ac1d4629d4184eb3b68276d3d7a69690 
 sessionId:vn46jpeznfjq8u0th9qicjh5  
 requestURI:/hypnusMgr/admin/statisti/data/index.html  
 requestIp:192.168.1.201  
 requestHeaders:Cookie:JSESSIONID=vn46jpeznfjq8u0th9qicjh5 Cache-Control:max-age=0 Accept:text/html,application/xhtml+xml,application/xml;q=0.9,image/webp,image/apng,*/*;q=0.8 Upgrade-Insecure-Requests:1 Connection:keep-alive User-Agent:Mozilla/5.0 (Windows NT 10.0; Win64; x64) AppleWebKit/537.36 (KHTML, like Gecko) Chrome/63.0.3239.108 Safari/537.36 Host:localhost:8080 Accept-Encoding:gzip, deflate, br Accept-Language:zh-CN,zh;q=0.9   
 requestParams:{ } 
] 
2018-03-25 14:06:57.154 [qtp151190974-46] INFO  web-access - [
 loginUserName:1,系统管理员,admin 
 logId:8bc6874134f449d2880483278a8910f5 
 sessionId:vn46jpeznfjq8u0th9qicjh5  
 requestURI:/hypnusMgr/admin/statisti/data/getDateFromOss  
 requestIp:192.168.1.201  
 requestHeaders:Origin:http://localhost:8080 Cookie:JSESSIONID=vn46jpeznfjq8u0th9qicjh5 Accept:*/* X-Requested-With:XMLHttpRequest Connection:keep-alive User-Agent:Mozilla/5.0 (Windows NT 10.0; Win64; x64) AppleWebKit/537.36 (KHTML, like Gecko) Chrome/63.0.3239.108 Safari/537.36 Referer:http://localhost:8080/hypnusMgr/admin/statisti/data/index.html Host:localhost:8080 Accept-Encoding:gzip, deflate, br Accept-Language:zh-CN,zh;q=0.9 Content-Length:95 Content-Type:application/x-www-form-urlencoded; charset=UTF-8   
 requestParams:{
  "startCreateDate" : [ "2018-03-01 00:00:00" ],
  "endCreateDate" : [ "2018-03-25 23:59:59" ],
  "dateDimension" : [ "DAY" ]
} 
] 
2018-03-25 14:07:14.184 [qtp151190974-45] INFO  web-access - [
 loginUserName:1,系统管理员,admin 
 logId:613ab8b875d14c2b92622d6d42f2246d 
 sessionId:vn46jpeznfjq8u0th9qicjh5  
 requestURI:/hypnusMgr/admin/statisti/data/index.html  
 requestIp:192.168.1.201  
 requestHeaders:Cookie:JSESSIONID=vn46jpeznfjq8u0th9qicjh5 Cache-Control:max-age=0 Accept:text/html,application/xhtml+xml,application/xml;q=0.9,image/webp,image/apng,*/*;q=0.8 Upgrade-Insecure-Requests:1 Connection:keep-alive User-Agent:Mozilla/5.0 (Windows NT 10.0; Win64; x64) AppleWebKit/537.36 (KHTML, like Gecko) Chrome/63.0.3239.108 Safari/537.36 Host:localhost:8080 Accept-Encoding:gzip, deflate, br Accept-Language:zh-CN,zh;q=0.9   
 requestParams:{ } 
] 
2018-03-25 14:07:14.376 [qtp151190974-58] INFO  web-access - [
 loginUserName:1,系统管理员,admin 
 logId:b7b9d60cdb214b9ba42dac6a53e56a08 
 sessionId:vn46jpeznfjq8u0th9qicjh5  
 requestURI:/hypnusMgr/admin/statisti/data/getDateFromOss  
 requestIp:192.168.1.201  
 requestHeaders:Origin:http://localhost:8080 Cookie:JSESSIONID=vn46jpeznfjq8u0th9qicjh5 Accept:*/* X-Requested-With:XMLHttpRequest Connection:keep-alive User-Agent:Mozilla/5.0 (Windows NT 10.0; Win64; x64) AppleWebKit/537.36 (KHTML, like Gecko) Chrome/63.0.3239.108 Safari/537.36 Referer:http://localhost:8080/hypnusMgr/admin/statisti/data/index.html Host:localhost:8080 Accept-Encoding:gzip, deflate, br Accept-Language:zh-CN,zh;q=0.9 Content-Length:95 Content-Type:application/x-www-form-urlencoded; charset=UTF-8   
 requestParams:{
  "startCreateDate" : [ "2018-03-01 00:00:00" ],
  "endCreateDate" : [ "2018-03-25 23:59:59" ],
  "dateDimension" : [ "DAY" ]
} 
] 
2018-03-25 14:07:21.005 [qtp151190974-50] INFO  web-access - [
 loginUserName:1,系统管理员,admin 
 logId:55878636b2e44e51b9721293c413198e 
 sessionId:vn46jpeznfjq8u0th9qicjh5  
 requestURI:/hypnusMgr/admin/statisti/data/index.html  
 requestIp:192.168.1.201  
 requestHeaders:Cookie:JSESSIONID=vn46jpeznfjq8u0th9qicjh5 Cache-Control:max-age=0 Accept:text/html,application/xhtml+xml,application/xml;q=0.9,image/webp,image/apng,*/*;q=0.8 Upgrade-Insecure-Requests:1 Connection:keep-alive User-Agent:Mozilla/5.0 (Windows NT 10.0; Win64; x64) AppleWebKit/537.36 (KHTML, like Gecko) Chrome/63.0.3239.108 Safari/537.36 Host:localhost:8080 Accept-Encoding:gzip, deflate, br Accept-Language:zh-CN,zh;q=0.9   
 requestParams:{ } 
] 
2018-03-25 14:07:21.136 [qtp151190974-46] INFO  web-access - [
 loginUserName:1,系统管理员,admin 
 logId:d63dfa1d83764081b6e169b6d3e575c3 
 sessionId:vn46jpeznfjq8u0th9qicjh5  
 requestURI:/hypnusMgr/admin/statisti/data/getDateFromOss  
 requestIp:192.168.1.201  
 requestHeaders:Origin:http://localhost:8080 Cookie:JSESSIONID=vn46jpeznfjq8u0th9qicjh5 Accept:*/* X-Requested-With:XMLHttpRequest Connection:keep-alive User-Agent:Mozilla/5.0 (Windows NT 10.0; Win64; x64) AppleWebKit/537.36 (KHTML, like Gecko) Chrome/63.0.3239.108 Safari/537.36 Referer:http://localhost:8080/hypnusMgr/admin/statisti/data/index.html Host:localhost:8080 Accept-Encoding:gzip, deflate, br Accept-Language:zh-CN,zh;q=0.9 Content-Length:95 Content-Type:application/x-www-form-urlencoded; charset=UTF-8   
 requestParams:{
  "startCreateDate" : [ "2018-03-01 00:00:00" ],
  "endCreateDate" : [ "2018-03-25 23:59:59" ],
  "dateDimension" : [ "DAY" ]
} 
] 
2018-03-25 14:07:27.163 [qtp151190974-58] INFO  web-access - [
 loginUserName:1,系统管理员,admin 
 logId:b4144ef8b6e949788009fbe3a99364ee 
 sessionId:vn46jpeznfjq8u0th9qicjh5  
 requestURI:/hypnusMgr/admin/statisti/data/index.html  
 requestIp:192.168.1.201  
 requestHeaders:Cookie:JSESSIONID=vn46jpeznfjq8u0th9qicjh5 Cache-Control:max-age=0 Accept:text/html,application/xhtml+xml,application/xml;q=0.9,image/webp,image/apng,*/*;q=0.8 Upgrade-Insecure-Requests:1 Connection:keep-alive User-Agent:Mozilla/5.0 (Windows NT 10.0; Win64; x64) AppleWebKit/537.36 (KHTML, like Gecko) Chrome/63.0.3239.108 Safari/537.36 Host:localhost:8080 Accept-Encoding:gzip, deflate, br Accept-Language:zh-CN,zh;q=0.9   
 requestParams:{ } 
] 
2018-03-25 14:07:27.292 [qtp151190974-60] INFO  web-access - [
 loginUserName:1,系统管理员,admin 
 logId:7d9a501794174b7898e237fb349fa4cf 
 sessionId:vn46jpeznfjq8u0th9qicjh5  
 requestURI:/hypnusMgr/admin/statisti/data/getDateFromOss  
 requestIp:192.168.1.201  
 requestHeaders:Origin:http://localhost:8080 Cookie:JSESSIONID=vn46jpeznfjq8u0th9qicjh5 Accept:*/* X-Requested-With:XMLHttpRequest Connection:keep-alive User-Agent:Mozilla/5.0 (Windows NT 10.0; Win64; x64) AppleWebKit/537.36 (KHTML, like Gecko) Chrome/63.0.3239.108 Safari/537.36 Referer:http://localhost:8080/hypnusMgr/admin/statisti/data/index.html Host:localhost:8080 Accept-Encoding:gzip, deflate, br Accept-Language:zh-CN,zh;q=0.9 Content-Length:95 Content-Type:application/x-www-form-urlencoded; charset=UTF-8   
 requestParams:{
  "startCreateDate" : [ "2018-03-01 00:00:00" ],
  "endCreateDate" : [ "2018-03-25 23:59:59" ],
  "dateDimension" : [ "DAY" ]
} 
] 
2018-03-25 14:07:33.624 [qtp151190974-45] INFO  web-access - [
 loginUserName:1,系统管理员,admin 
 logId:5d6ba47fd43b4771a4276029e8a4fdf1 
 sessionId:vn46jpeznfjq8u0th9qicjh5  
 requestURI:/hypnusMgr/admin/statisti/data/index.html  
 requestIp:192.168.1.201  
 requestHeaders:Cookie:JSESSIONID=vn46jpeznfjq8u0th9qicjh5 Cache-Control:max-age=0 Accept:text/html,application/xhtml+xml,application/xml;q=0.9,image/webp,image/apng,*/*;q=0.8 Upgrade-Insecure-Requests:1 Connection:keep-alive User-Agent:Mozilla/5.0 (Windows NT 10.0; Win64; x64) AppleWebKit/537.36 (KHTML, like Gecko) Chrome/63.0.3239.108 Safari/537.36 Host:localhost:8080 Accept-Encoding:gzip, deflate, br Accept-Language:zh-CN,zh;q=0.9   
 requestParams:{ } 
] 
2018-03-25 14:07:33.745 [qtp151190974-46] INFO  web-access - [
 loginUserName:1,系统管理员,admin 
 logId:0f35ea09caa9403dac4e8815558fca93 
 sessionId:vn46jpeznfjq8u0th9qicjh5  
 requestURI:/hypnusMgr/admin/statisti/data/getDateFromOss  
 requestIp:192.168.1.201  
 requestHeaders:Origin:http://localhost:8080 Cookie:JSESSIONID=vn46jpeznfjq8u0th9qicjh5 Accept:*/* X-Requested-With:XMLHttpRequest Connection:keep-alive User-Agent:Mozilla/5.0 (Windows NT 10.0; Win64; x64) AppleWebKit/537.36 (KHTML, like Gecko) Chrome/63.0.3239.108 Safari/537.36 Referer:http://localhost:8080/hypnusMgr/admin/statisti/data/index.html Host:localhost:8080 Accept-Encoding:gzip, deflate, br Accept-Language:zh-CN,zh;q=0.9 Content-Length:95 Content-Type:application/x-www-form-urlencoded; charset=UTF-8   
 requestParams:{
  "startCreateDate" : [ "2018-03-01 00:00:00" ],
  "endCreateDate" : [ "2018-03-25 23:59:59" ],
  "dateDimension" : [ "DAY" ]
} 
] 
2018-03-25 14:07:38.538 [qtp151190974-46] INFO  web-access - [
 loginUserName:1,系统管理员,admin 
 logId:2ce8d2dae45f4300b102cddfec55773a 
 sessionId:vn46jpeznfjq8u0th9qicjh5  
 requestURI:/hypnusMgr/admin/statisti/data/index.html  
 requestIp:192.168.1.201  
 requestHeaders:Cookie:JSESSIONID=vn46jpeznfjq8u0th9qicjh5 Cache-Control:max-age=0 Accept:text/html,application/xhtml+xml,application/xml;q=0.9,image/webp,image/apng,*/*;q=0.8 Upgrade-Insecure-Requests:1 Connection:keep-alive User-Agent:Mozilla/5.0 (Windows NT 10.0; Win64; x64) AppleWebKit/537.36 (KHTML, like Gecko) Chrome/63.0.3239.108 Safari/537.36 Host:localhost:8080 Accept-Encoding:gzip, deflate, br Accept-Language:zh-CN,zh;q=0.9   
 requestParams:{ } 
] 
2018-03-25 14:07:38.672 [qtp151190974-45] INFO  web-access - [
 loginUserName:1,系统管理员,admin 
 logId:1b122f5ce75e4073a6f7273292aad3d8 
 sessionId:vn46jpeznfjq8u0th9qicjh5  
 requestURI:/hypnusMgr/admin/statisti/data/getDateFromOss  
 requestIp:192.168.1.201  
 requestHeaders:Origin:http://localhost:8080 Cookie:JSESSIONID=vn46jpeznfjq8u0th9qicjh5 Accept:*/* X-Requested-With:XMLHttpRequest Connection:keep-alive User-Agent:Mozilla/5.0 (Windows NT 10.0; Win64; x64) AppleWebKit/537.36 (KHTML, like Gecko) Chrome/63.0.3239.108 Safari/537.36 Referer:http://localhost:8080/hypnusMgr/admin/statisti/data/index.html Host:localhost:8080 Accept-Encoding:gzip, deflate, br Accept-Language:zh-CN,zh;q=0.9 Content-Length:95 Content-Type:application/x-www-form-urlencoded; charset=UTF-8   
 requestParams:{
  "startCreateDate" : [ "2018-03-01 00:00:00" ],
  "endCreateDate" : [ "2018-03-25 23:59:59" ],
  "dateDimension" : [ "DAY" ]
} 
] 
2018-03-25 14:08:09.909 [qtp151190974-45] INFO  web-access - [
 loginUserName:1,系统管理员,admin 
 logId:8c319c1172e543d3b577bc51b5cf01e0 
 sessionId:vn46jpeznfjq8u0th9qicjh5  
 requestURI:/hypnusMgr/admin/statisti/data/index.html  
 requestIp:192.168.1.201  
 requestHeaders:Cookie:JSESSIONID=vn46jpeznfjq8u0th9qicjh5 Cache-Control:max-age=0 Accept:text/html,application/xhtml+xml,application/xml;q=0.9,image/webp,image/apng,*/*;q=0.8 Upgrade-Insecure-Requests:1 Connection:keep-alive User-Agent:Mozilla/5.0 (Windows NT 10.0; Win64; x64) AppleWebKit/537.36 (KHTML, like Gecko) Chrome/63.0.3239.108 Safari/537.36 Host:localhost:8080 Accept-Encoding:gzip, deflate, br Accept-Language:zh-CN,zh;q=0.9   
 requestParams:{ } 
] 
2018-03-25 14:08:10.076 [qtp151190974-46] INFO  web-access - [
 loginUserName:1,系统管理员,admin 
 logId:9c832d9dd43749dbbc08795e665bf0fc 
 sessionId:vn46jpeznfjq8u0th9qicjh5  
 requestURI:/hypnusMgr/admin/statisti/data/getDateFromOss  
 requestIp:192.168.1.201  
 requestHeaders:Origin:http://localhost:8080 Cookie:JSESSIONID=vn46jpeznfjq8u0th9qicjh5 Accept:*/* X-Requested-With:XMLHttpRequest Connection:keep-alive User-Agent:Mozilla/5.0 (Windows NT 10.0; Win64; x64) AppleWebKit/537.36 (KHTML, like Gecko) Chrome/63.0.3239.108 Safari/537.36 Referer:http://localhost:8080/hypnusMgr/admin/statisti/data/index.html Host:localhost:8080 Accept-Encoding:gzip, deflate, br Accept-Language:zh-CN,zh;q=0.9 Content-Length:95 Content-Type:application/x-www-form-urlencoded; charset=UTF-8   
 requestParams:{
  "startCreateDate" : [ "2018-03-01 00:00:00" ],
  "endCreateDate" : [ "2018-03-25 23:59:59" ],
  "dateDimension" : [ "DAY" ]
} 
] 
2018-03-25 14:08:30.186 [qtp151190974-46] INFO  web-access - [
 loginUserName:1,系统管理员,admin 
 logId:657219922d1a44bcac231316762ec1e8 
 sessionId:vn46jpeznfjq8u0th9qicjh5  
 requestURI:/hypnusMgr/admin/statisti/data/index.html  
 requestIp:192.168.1.201  
 requestHeaders:Cookie:JSESSIONID=vn46jpeznfjq8u0th9qicjh5 Cache-Control:max-age=0 Accept:text/html,application/xhtml+xml,application/xml;q=0.9,image/webp,image/apng,*/*;q=0.8 Upgrade-Insecure-Requests:1 Connection:keep-alive User-Agent:Mozilla/5.0 (Windows NT 10.0; Win64; x64) AppleWebKit/537.36 (KHTML, like Gecko) Chrome/63.0.3239.108 Safari/537.36 Host:localhost:8080 Accept-Encoding:gzip, deflate, br Accept-Language:zh-CN,zh;q=0.9   
 requestParams:{ } 
] 
2018-03-25 14:08:30.443 [qtp151190974-60] INFO  web-access - [
 loginUserName:1,系统管理员,admin 
 logId:d6c3d73597f84b8387ba2c152a9f342b 
 sessionId:vn46jpeznfjq8u0th9qicjh5  
 requestURI:/hypnusMgr/admin/statisti/data/getDateFromOss  
 requestIp:192.168.1.201  
 requestHeaders:Origin:http://localhost:8080 Cookie:JSESSIONID=vn46jpeznfjq8u0th9qicjh5 Accept:*/* X-Requested-With:XMLHttpRequest Connection:keep-alive User-Agent:Mozilla/5.0 (Windows NT 10.0; Win64; x64) AppleWebKit/537.36 (KHTML, like Gecko) Chrome/63.0.3239.108 Safari/537.36 Referer:http://localhost:8080/hypnusMgr/admin/statisti/data/index.html Host:localhost:8080 Accept-Encoding:gzip, deflate, br Accept-Language:zh-CN,zh;q=0.9 Content-Length:95 Content-Type:application/x-www-form-urlencoded; charset=UTF-8   
 requestParams:{
  "startCreateDate" : [ "2018-03-01 00:00:00" ],
  "endCreateDate" : [ "2018-03-25 23:59:59" ],
  "dateDimension" : [ "DAY" ]
} 
] 
2018-03-25 14:09:08.844 [qtp151190974-50] INFO  web-access - [
 loginUserName:1,系统管理员,admin 
 logId:feefe1448a5c48b0a068710b1000fd95 
 sessionId:vn46jpeznfjq8u0th9qicjh5  
 requestURI:/hypnusMgr/admin/statisti/data/index.html  
 requestIp:127.0.0.1  
 requestHeaders:Cookie:JSESSIONID=vn46jpeznfjq8u0th9qicjh5 Cache-Control:max-age=0 Accept:text/html,application/xhtml+xml,application/xml;q=0.9,image/webp,image/apng,*/*;q=0.8 Upgrade-Insecure-Requests:1 Connection:keep-alive User-Agent:Mozilla/5.0 (Windows NT 10.0; Win64; x64) AppleWebKit/537.36 (KHTML, like Gecko) Chrome/63.0.3239.108 Safari/537.36 Host:localhost:8080 Accept-Encoding:gzip, deflate, br Accept-Language:zh-CN,zh;q=0.9   
 requestParams:{ } 
] 
2018-03-25 14:09:09.040 [qtp151190974-46] INFO  web-access - [
 loginUserName:1,系统管理员,admin 
 logId:beceaa6d05f841ed8f68c8e0ed4d62e2 
 sessionId:vn46jpeznfjq8u0th9qicjh5  
 requestURI:/hypnusMgr/admin/statisti/data/getDateFromOss  
 requestIp:127.0.0.1  
 requestHeaders:Origin:http://localhost:8080 Cookie:JSESSIONID=vn46jpeznfjq8u0th9qicjh5 Accept:*/* X-Requested-With:XMLHttpRequest Connection:keep-alive User-Agent:Mozilla/5.0 (Windows NT 10.0; Win64; x64) AppleWebKit/537.36 (KHTML, like Gecko) Chrome/63.0.3239.108 Safari/537.36 Referer:http://localhost:8080/hypnusMgr/admin/statisti/data/index.html Host:localhost:8080 Accept-Encoding:gzip, deflate, br Accept-Language:zh-CN,zh;q=0.9 Content-Length:95 Content-Type:application/x-www-form-urlencoded; charset=UTF-8   
 requestParams:{
  "startCreateDate" : [ "2018-03-01 00:00:00" ],
  "endCreateDate" : [ "2018-03-25 23:59:59" ],
  "dateDimension" : [ "DAY" ]
} 
] 
