hypnus-admin 2018-03-25 00:06:18.305 [main] INFO  org.springframework.test.context.support.DefaultTestContextBootstrapper - [] Using TestExecutionListeners: [org.springframework.test.context.web.ServletTestExecutionListener@3a44431a, org.springframework.test.context.support.DependencyInjectionTestExecutionListener@3c7f66c4, org.springframework.test.context.support.DirtiesContextTestExecutionListener@194bcebf]
hypnus-admin 2018-03-25 00:06:18.903 [main] INFO  org.springframework.beans.factory.xml.XmlBeanDefinitionReader - [] Loading XML bean definitions from class path resource [applicationContext-test.xml]
hypnus-admin 2018-03-25 00:06:20.735 [main] INFO  org.springframework.context.support.GenericApplicationContext - [] Refreshing org.springframework.context.support.GenericApplicationContext@74d1dc36: startup date [Sun Mar 25 00:06:20 CST 2018]; root of context hierarchy
hypnus-admin 2018-03-25 00:06:21.377 [main] INFO  org.springframework.context.support.PropertySourcesPlaceholderConfigurer - [] Loading properties file from URL [file:/D:/project1/project-hypnus/project-hypnus-admin/project-hypnus-service-impl/target/classes/system.properties]
hypnus-admin 2018-03-25 00:06:21.378 [main] INFO  org.springframework.context.support.PropertySourcesPlaceholderConfigurer - [] Loading properties file from class path resource [config.properties]
hypnus-admin 2018-03-25 00:06:25.093 [main] INFO  com.alibaba.druid.pool.DruidDataSource - [] {dataSource-1} inited
hypnus-admin 2018-03-25 00:06:25.195 [main] INFO  org.springframework.orm.jpa.persistenceunit.PersistenceUnitReader - [] persistence.xml should be located inside META-INF directory; cannot determine persistence unit root URL for URL [file:/D:/project1/project-hypnus/project-hypnus-admin/project-hypnus-service-impl/target/classes/persistence.xml]
hypnus-admin 2018-03-25 00:06:25.247 [main] INFO  org.springframework.orm.jpa.LocalContainerEntityManagerFactoryBean - [] Building JPA container EntityManagerFactory for persistence unit 'default'
hypnus-admin 2018-03-25 00:06:25.282 [main] INFO  org.hibernate.jpa.internal.util.LogHelper - [] HHH000204: Processing PersistenceUnitInfo [
	name: default
	...]
hypnus-admin 2018-03-25 00:06:25.467 [main] INFO  org.hibernate.Version - [] HHH000412: Hibernate Core {5.0.7.Final}
hypnus-admin 2018-03-25 00:06:25.469 [main] INFO  org.hibernate.cfg.Environment - [] HHH000206: hibernate.properties not found
hypnus-admin 2018-03-25 00:06:25.473 [main] INFO  org.hibernate.cfg.Environment - [] HHH000021: Bytecode provider name : javassist
hypnus-admin 2018-03-25 00:06:25.580 [main] INFO  org.hibernate.annotations.common.Version - [] HCANN000001: Hibernate Commons Annotations {5.0.1.Final}
hypnus-admin 2018-03-25 00:06:25.971 [main] INFO  org.hibernate.dialect.Dialect - [] HHH000400: Using dialect: org.hibernate.dialect.MySQL5Dialect
hypnus-admin 2018-03-25 00:06:26.926 [main] INFO  org.hibernate.search.engine.Version - [] HSEARCH000034: Hibernate Search 5.5.0.Final
hypnus-admin 2018-03-25 00:06:27.803 [main] WARN  org.hibernate.search.engine.impl.ConfigContext - [] HSEARCH000075: Configuration setting hibernate.search.lucene_version was not specified: using LUCENE_CURRENT.
hypnus-admin 2018-03-25 00:06:28.191 [main] INFO  org.springframework.cache.ehcache.EhCacheManagerFactoryBean - [] Initializing EhCache CacheManager
hypnus-admin 2018-03-25 00:06:28.987 [main] INFO  org.hibernate.hql.internal.QueryTranslatorFactoryInitiator - [] HHH000397: Using ASTQueryTranslatorFactory
hypnus-admin 2018-03-25 00:06:31.190 [Thread-4] INFO  org.springframework.context.support.GenericApplicationContext - [] Closing org.springframework.context.support.GenericApplicationContext@74d1dc36: startup date [Sun Mar 25 00:06:20 CST 2018]; root of context hierarchy
hypnus-admin 2018-03-25 00:06:31.198 [Thread-4] INFO  org.springframework.cache.ehcache.EhCacheManagerFactoryBean - [] Shutting down EhCache CacheManager
hypnus-admin 2018-03-25 00:06:31.215 [Thread-4] INFO  org.springframework.orm.jpa.LocalContainerEntityManagerFactoryBean - [] Closing JPA EntityManagerFactory for persistence unit 'default'
hypnus-admin 2018-03-25 00:06:31.434 [Thread-4] INFO  com.alibaba.druid.pool.DruidDataSource - [] {dataSource-1} closed
hypnus-admin 2018-03-25 00:07:35.210 [main] INFO  org.springframework.test.context.support.DefaultTestContextBootstrapper - [] Using TestExecutionListeners: [org.springframework.test.context.web.ServletTestExecutionListener@3a44431a, org.springframework.test.context.support.DependencyInjectionTestExecutionListener@3c7f66c4, org.springframework.test.context.support.DirtiesContextTestExecutionListener@194bcebf]
hypnus-admin 2018-03-25 00:07:35.837 [main] INFO  org.springframework.beans.factory.xml.XmlBeanDefinitionReader - [] Loading XML bean definitions from class path resource [applicationContext-test.xml]
hypnus-admin 2018-03-25 00:07:37.891 [main] INFO  org.springframework.context.support.GenericApplicationContext - [] Refreshing org.springframework.context.support.GenericApplicationContext@1530c739: startup date [Sun Mar 25 00:07:37 CST 2018]; root of context hierarchy
hypnus-admin 2018-03-25 00:07:38.675 [main] INFO  org.springframework.context.support.PropertySourcesPlaceholderConfigurer - [] Loading properties file from URL [file:/D:/project1/project-hypnus/project-hypnus-admin/project-hypnus-service-impl/target/classes/system.properties]
hypnus-admin 2018-03-25 00:07:38.676 [main] INFO  org.springframework.context.support.PropertySourcesPlaceholderConfigurer - [] Loading properties file from class path resource [config.properties]
hypnus-admin 2018-03-25 00:07:42.377 [main] INFO  com.alibaba.druid.pool.DruidDataSource - [] {dataSource-1} inited
hypnus-admin 2018-03-25 00:07:42.482 [main] INFO  org.springframework.orm.jpa.persistenceunit.PersistenceUnitReader - [] persistence.xml should be located inside META-INF directory; cannot determine persistence unit root URL for URL [file:/D:/project1/project-hypnus/project-hypnus-admin/project-hypnus-service-impl/target/classes/persistence.xml]
hypnus-admin 2018-03-25 00:07:42.532 [main] INFO  org.springframework.orm.jpa.LocalContainerEntityManagerFactoryBean - [] Building JPA container EntityManagerFactory for persistence unit 'default'
hypnus-admin 2018-03-25 00:07:42.563 [main] INFO  org.hibernate.jpa.internal.util.LogHelper - [] HHH000204: Processing PersistenceUnitInfo [
	name: default
	...]
hypnus-admin 2018-03-25 00:07:42.741 [main] INFO  org.hibernate.Version - [] HHH000412: Hibernate Core {5.0.7.Final}
hypnus-admin 2018-03-25 00:07:42.745 [main] INFO  org.hibernate.cfg.Environment - [] HHH000206: hibernate.properties not found
hypnus-admin 2018-03-25 00:07:42.748 [main] INFO  org.hibernate.cfg.Environment - [] HHH000021: Bytecode provider name : javassist
hypnus-admin 2018-03-25 00:07:42.848 [main] INFO  org.hibernate.annotations.common.Version - [] HCANN000001: Hibernate Commons Annotations {5.0.1.Final}
hypnus-admin 2018-03-25 00:07:43.247 [main] INFO  org.hibernate.dialect.Dialect - [] HHH000400: Using dialect: org.hibernate.dialect.MySQL5Dialect
hypnus-admin 2018-03-25 00:07:44.272 [main] INFO  org.hibernate.search.engine.Version - [] HSEARCH000034: Hibernate Search 5.5.0.Final
hypnus-admin 2018-03-25 00:07:44.998 [main] WARN  org.hibernate.search.engine.impl.ConfigContext - [] HSEARCH000075: Configuration setting hibernate.search.lucene_version was not specified: using LUCENE_CURRENT.
hypnus-admin 2018-03-25 00:07:45.383 [main] INFO  org.springframework.cache.ehcache.EhCacheManagerFactoryBean - [] Initializing EhCache CacheManager
hypnus-admin 2018-03-25 00:07:46.187 [main] INFO  org.hibernate.hql.internal.QueryTranslatorFactoryInitiator - [] HHH000397: Using ASTQueryTranslatorFactory
hypnus-admin 2018-03-25 00:15:52.998 [Thread-4] INFO  org.springframework.context.support.GenericApplicationContext - [] Closing org.springframework.context.support.GenericApplicationContext@1530c739: startup date [Sun Mar 25 00:07:37 CST 2018]; root of context hierarchy
hypnus-admin 2018-03-25 00:15:53.002 [Thread-4] INFO  org.springframework.cache.ehcache.EhCacheManagerFactoryBean - [] Shutting down EhCache CacheManager
hypnus-admin 2018-03-25 00:15:53.009 [Thread-4] INFO  org.springframework.orm.jpa.LocalContainerEntityManagerFactoryBean - [] Closing JPA EntityManagerFactory for persistence unit 'default'
hypnus-admin 2018-03-25 00:15:53.020 [Thread-4] INFO  com.alibaba.druid.pool.DruidDataSource - [] {dataSource-1} closed
hypnus-admin 2018-03-25 00:30:20.928 [main] INFO  org.springframework.test.context.support.DefaultTestContextBootstrapper - [] Using TestExecutionListeners: [org.springframework.test.context.web.ServletTestExecutionListener@3a44431a, org.springframework.test.context.support.DependencyInjectionTestExecutionListener@3c7f66c4, org.springframework.test.context.support.DirtiesContextTestExecutionListener@194bcebf]
hypnus-admin 2018-03-25 00:30:21.541 [main] INFO  org.springframework.beans.factory.xml.XmlBeanDefinitionReader - [] Loading XML bean definitions from class path resource [applicationContext-test.xml]
hypnus-admin 2018-03-25 00:30:23.377 [main] INFO  org.springframework.context.support.GenericApplicationContext - [] Refreshing org.springframework.context.support.GenericApplicationContext@1530c739: startup date [Sun Mar 25 00:30:23 CST 2018]; root of context hierarchy
hypnus-admin 2018-03-25 00:30:24.028 [main] INFO  org.springframework.context.support.PropertySourcesPlaceholderConfigurer - [] Loading properties file from URL [file:/D:/project1/project-hypnus/project-hypnus-admin/project-hypnus-service-impl/target/classes/system.properties]
hypnus-admin 2018-03-25 00:30:24.029 [main] INFO  org.springframework.context.support.PropertySourcesPlaceholderConfigurer - [] Loading properties file from class path resource [config.properties]
hypnus-admin 2018-03-25 00:30:27.559 [main] INFO  com.alibaba.druid.pool.DruidDataSource - [] {dataSource-1} inited
hypnus-admin 2018-03-25 00:30:27.663 [main] INFO  org.springframework.orm.jpa.persistenceunit.PersistenceUnitReader - [] persistence.xml should be located inside META-INF directory; cannot determine persistence unit root URL for URL [file:/D:/project1/project-hypnus/project-hypnus-admin/project-hypnus-service-impl/target/classes/persistence.xml]
hypnus-admin 2018-03-25 00:30:27.708 [main] INFO  org.springframework.orm.jpa.LocalContainerEntityManagerFactoryBean - [] Building JPA container EntityManagerFactory for persistence unit 'default'
hypnus-admin 2018-03-25 00:30:27.738 [main] INFO  org.hibernate.jpa.internal.util.LogHelper - [] HHH000204: Processing PersistenceUnitInfo [
	name: default
	...]
hypnus-admin 2018-03-25 00:30:27.910 [main] INFO  org.hibernate.Version - [] HHH000412: Hibernate Core {5.0.7.Final}
hypnus-admin 2018-03-25 00:30:27.912 [main] INFO  org.hibernate.cfg.Environment - [] HHH000206: hibernate.properties not found
hypnus-admin 2018-03-25 00:30:27.914 [main] INFO  org.hibernate.cfg.Environment - [] HHH000021: Bytecode provider name : javassist
hypnus-admin 2018-03-25 00:30:27.997 [main] INFO  org.hibernate.annotations.common.Version - [] HCANN000001: Hibernate Commons Annotations {5.0.1.Final}
hypnus-admin 2018-03-25 00:30:28.393 [main] INFO  org.hibernate.dialect.Dialect - [] HHH000400: Using dialect: org.hibernate.dialect.MySQL5Dialect
hypnus-admin 2018-03-25 00:30:29.381 [main] INFO  org.hibernate.search.engine.Version - [] HSEARCH000034: Hibernate Search 5.5.0.Final
hypnus-admin 2018-03-25 00:30:30.145 [main] WARN  org.hibernate.search.engine.impl.ConfigContext - [] HSEARCH000075: Configuration setting hibernate.search.lucene_version was not specified: using LUCENE_CURRENT.
hypnus-admin 2018-03-25 00:30:30.564 [main] INFO  org.springframework.cache.ehcache.EhCacheManagerFactoryBean - [] Initializing EhCache CacheManager
hypnus-admin 2018-03-25 00:30:31.373 [main] INFO  org.hibernate.hql.internal.QueryTranslatorFactoryInitiator - [] HHH000397: Using ASTQueryTranslatorFactory
hypnus-admin 2018-03-25 10:38:18.228 [main] INFO  org.springframework.test.context.support.DefaultTestContextBootstrapper - [] Using TestExecutionListeners: [org.springframework.test.context.web.ServletTestExecutionListener@768b970c, org.springframework.test.context.support.DependencyInjectionTestExecutionListener@5a4041cc, org.springframework.test.context.support.DirtiesContextTestExecutionListener@15b3e5b]
hypnus-admin 2018-03-25 10:38:18.665 [main] INFO  org.springframework.beans.factory.xml.XmlBeanDefinitionReader - [] Loading XML bean definitions from class path resource [applicationContext-test.xml]
hypnus-admin 2018-03-25 10:38:20.916 [main] INFO  org.springframework.context.support.GenericApplicationContext - [] Refreshing org.springframework.context.support.GenericApplicationContext@37574691: startup date [Sun Mar 25 10:38:20 CST 2018]; root of context hierarchy
hypnus-admin 2018-03-25 10:38:21.353 [main] INFO  org.springframework.context.support.PropertySourcesPlaceholderConfigurer - [] Loading properties file from URL [file:/D:/project1/project-hypnus/project-hypnus-admin/project-hypnus-service-impl/target/classes/system.properties]
hypnus-admin 2018-03-25 10:38:21.364 [main] INFO  org.springframework.context.support.PropertySourcesPlaceholderConfigurer - [] Loading properties file from class path resource [config.properties]
hypnus-admin 2018-03-25 10:38:24.894 [main] INFO  com.alibaba.druid.pool.DruidDataSource - [] {dataSource-1} inited
hypnus-admin 2018-03-25 10:38:25.000 [main] INFO  org.springframework.orm.jpa.persistenceunit.PersistenceUnitReader - [] persistence.xml should be located inside META-INF directory; cannot determine persistence unit root URL for URL [file:/D:/project1/project-hypnus/project-hypnus-admin/project-hypnus-service-impl/target/classes/persistence.xml]
hypnus-admin 2018-03-25 10:38:25.059 [main] INFO  org.springframework.orm.jpa.LocalContainerEntityManagerFactoryBean - [] Building JPA container EntityManagerFactory for persistence unit 'default'
hypnus-admin 2018-03-25 10:38:25.102 [main] INFO  org.hibernate.jpa.internal.util.LogHelper - [] HHH000204: Processing PersistenceUnitInfo [
	name: default
	...]
hypnus-admin 2018-03-25 10:38:25.367 [main] INFO  org.hibernate.Version - [] HHH000412: Hibernate Core {5.0.7.Final}
hypnus-admin 2018-03-25 10:38:25.370 [main] INFO  org.hibernate.cfg.Environment - [] HHH000206: hibernate.properties not found
hypnus-admin 2018-03-25 10:38:25.373 [main] INFO  org.hibernate.cfg.Environment - [] HHH000021: Bytecode provider name : javassist
hypnus-admin 2018-03-25 10:38:25.466 [main] INFO  org.hibernate.annotations.common.Version - [] HCANN000001: Hibernate Commons Annotations {5.0.1.Final}
hypnus-admin 2018-03-25 10:38:25.765 [main] INFO  org.hibernate.dialect.Dialect - [] HHH000400: Using dialect: org.hibernate.dialect.MySQL5Dialect
hypnus-admin 2018-03-25 10:38:26.722 [main] INFO  org.hibernate.search.engine.Version - [] HSEARCH000034: Hibernate Search 5.5.0.Final
hypnus-admin 2018-03-25 10:38:27.497 [main] WARN  org.hibernate.search.engine.impl.ConfigContext - [] HSEARCH000075: Configuration setting hibernate.search.lucene_version was not specified: using LUCENE_CURRENT.
hypnus-admin 2018-03-25 10:38:27.904 [main] INFO  org.springframework.cache.ehcache.EhCacheManagerFactoryBean - [] Initializing EhCache CacheManager
hypnus-admin 2018-03-25 10:38:28.668 [main] INFO  org.hibernate.hql.internal.QueryTranslatorFactoryInitiator - [] HHH000397: Using ASTQueryTranslatorFactory
hypnus-admin 2018-03-25 10:38:37.650 [Thread-4] INFO  org.springframework.context.support.GenericApplicationContext - [] Closing org.springframework.context.support.GenericApplicationContext@37574691: startup date [Sun Mar 25 10:38:20 CST 2018]; root of context hierarchy
hypnus-admin 2018-03-25 10:38:37.653 [Thread-4] INFO  org.springframework.cache.ehcache.EhCacheManagerFactoryBean - [] Shutting down EhCache CacheManager
hypnus-admin 2018-03-25 10:38:37.661 [Thread-4] INFO  org.springframework.orm.jpa.LocalContainerEntityManagerFactoryBean - [] Closing JPA EntityManagerFactory for persistence unit 'default'
hypnus-admin 2018-03-25 10:38:37.670 [Thread-4] INFO  com.alibaba.druid.pool.DruidDataSource - [] {dataSource-1} closed
hypnus-admin 2018-03-25 12:38:37.690 [main] INFO  org.springframework.test.context.support.DefaultTestContextBootstrapper - [] Using TestExecutionListeners: [org.springframework.test.context.web.ServletTestExecutionListener@768b970c, org.springframework.test.context.support.DependencyInjectionTestExecutionListener@5a4041cc, org.springframework.test.context.support.DirtiesContextTestExecutionListener@15b3e5b]
hypnus-admin 2018-03-25 12:38:38.071 [main] INFO  org.springframework.beans.factory.xml.XmlBeanDefinitionReader - [] Loading XML bean definitions from class path resource [applicationContext-test.xml]
hypnus-admin 2018-03-25 12:38:39.655 [main] INFO  org.springframework.context.support.GenericApplicationContext - [] Refreshing org.springframework.context.support.GenericApplicationContext@37574691: startup date [Sun Mar 25 12:38:39 CST 2018]; root of context hierarchy
hypnus-admin 2018-03-25 12:38:40.092 [main] INFO  org.springframework.context.support.PropertySourcesPlaceholderConfigurer - [] Loading properties file from URL [file:/D:/project1/project-hypnus/project-hypnus-admin/project-hypnus-service-impl/target/classes/system.properties]
hypnus-admin 2018-03-25 12:38:40.093 [main] INFO  org.springframework.context.support.PropertySourcesPlaceholderConfigurer - [] Loading properties file from class path resource [config.properties]
hypnus-admin 2018-03-25 12:38:51.860 [main] ERROR com.alibaba.druid.pool.DruidDataSource - [] init datasource error, url: jdbc:mysql://rm-uf61m889rnvnz74445o.mysql.rds.aliyuncs.com:3306/ihypnus_iot?useUnicode=true&characterEncoding=UTF-8
com.mysql.jdbc.exceptions.jdbc4.CommunicationsException: Communications link failure

The last packet sent successfully to the server was 0 milliseconds ago. The driver has not received any packets from the server.
	at sun.reflect.NativeConstructorAccessorImpl.newInstance0(Native Method) ~[na:1.8.0_131]
	at sun.reflect.NativeConstructorAccessorImpl.newInstance(NativeConstructorAccessorImpl.java:62) ~[na:1.8.0_131]
	at sun.reflect.DelegatingConstructorAccessorImpl.newInstance(DelegatingConstructorAccessorImpl.java:45) ~[na:1.8.0_131]
	at java.lang.reflect.Constructor.newInstance(Constructor.java:423) ~[na:1.8.0_131]
	at com.mysql.jdbc.Util.handleNewInstance(Util.java:411) ~[mysql-connector-java-5.1.29.jar:na]
	at com.mysql.jdbc.SQLError.createCommunicationsException(SQLError.java:1129) ~[mysql-connector-java-5.1.29.jar:na]
	at com.mysql.jdbc.MysqlIO.<init>(MysqlIO.java:358) ~[mysql-connector-java-5.1.29.jar:na]
	at com.mysql.jdbc.ConnectionImpl.coreConnect(ConnectionImpl.java:2498) ~[mysql-connector-java-5.1.29.jar:na]
	at com.mysql.jdbc.ConnectionImpl.connectOneTryOnly(ConnectionImpl.java:2535) ~[mysql-connector-java-5.1.29.jar:na]
	at com.mysql.jdbc.ConnectionImpl.createNewIO(ConnectionImpl.java:2320) ~[mysql-connector-java-5.1.29.jar:na]
	at com.mysql.jdbc.ConnectionImpl.<init>(ConnectionImpl.java:834) ~[mysql-connector-java-5.1.29.jar:na]
	at com.mysql.jdbc.JDBC4Connection.<init>(JDBC4Connection.java:46) ~[mysql-connector-java-5.1.29.jar:na]
	at sun.reflect.NativeConstructorAccessorImpl.newInstance0(Native Method) ~[na:1.8.0_131]
	at sun.reflect.NativeConstructorAccessorImpl.newInstance(NativeConstructorAccessorImpl.java:62) ~[na:1.8.0_131]
	at sun.reflect.DelegatingConstructorAccessorImpl.newInstance(DelegatingConstructorAccessorImpl.java:45) ~[na:1.8.0_131]
	at java.lang.reflect.Constructor.newInstance(Constructor.java:423) ~[na:1.8.0_131]
	at com.mysql.jdbc.Util.handleNewInstance(Util.java:411) ~[mysql-connector-java-5.1.29.jar:na]
	at com.mysql.jdbc.ConnectionImpl.getInstance(ConnectionImpl.java:416) ~[mysql-connector-java-5.1.29.jar:na]
	at com.mysql.jdbc.NonRegisteringDriver.connect(NonRegisteringDriver.java:347) ~[mysql-connector-java-5.1.29.jar:na]
	at com.alibaba.druid.filter.FilterChainImpl.connection_connect(FilterChainImpl.java:148) ~[druid-1.0.13.jar:1.0.13]
	at com.alibaba.druid.filter.FilterAdapter.connection_connect(FilterAdapter.java:785) ~[druid-1.0.13.jar:1.0.13]
	at com.alibaba.druid.filter.FilterEventAdapter.connection_connect(FilterEventAdapter.java:38) ~[druid-1.0.13.jar:1.0.13]
	at com.alibaba.druid.filter.FilterChainImpl.connection_connect(FilterChainImpl.java:142) ~[druid-1.0.13.jar:1.0.13]
	at com.alibaba.druid.filter.stat.StatFilter.connection_connect(StatFilter.java:211) ~[druid-1.0.13.jar:1.0.13]
	at com.alibaba.druid.filter.FilterChainImpl.connection_connect(FilterChainImpl.java:142) ~[druid-1.0.13.jar:1.0.13]
	at com.alibaba.druid.filter.FilterAdapter.connection_connect(FilterAdapter.java:785) ~[druid-1.0.13.jar:1.0.13]
	at com.alibaba.druid.filter.FilterChainImpl.connection_connect(FilterChainImpl.java:142) ~[druid-1.0.13.jar:1.0.13]
	at com.alibaba.druid.filter.FilterAdapter.connection_connect(FilterAdapter.java:785) ~[druid-1.0.13.jar:1.0.13]
	at com.alibaba.druid.filter.FilterChainImpl.connection_connect(FilterChainImpl.java:142) ~[druid-1.0.13.jar:1.0.13]
	at com.alibaba.druid.pool.DruidAbstractDataSource.createPhysicalConnection(DruidAbstractDataSource.java:1377) ~[druid-1.0.13.jar:1.0.13]
	at com.alibaba.druid.pool.DruidAbstractDataSource.createPhysicalConnection(DruidAbstractDataSource.java:1431) ~[druid-1.0.13.jar:1.0.13]
	at com.alibaba.druid.pool.DruidDataSource.init(DruidDataSource.java:632) ~[druid-1.0.13.jar:1.0.13]
	at sun.reflect.NativeMethodAccessorImpl.invoke0(Native Method) ~[na:1.8.0_131]
	at sun.reflect.NativeMethodAccessorImpl.invoke(NativeMethodAccessorImpl.java:62) ~[na:1.8.0_131]
	at sun.reflect.DelegatingMethodAccessorImpl.invoke(DelegatingMethodAccessorImpl.java:43) ~[na:1.8.0_131]
	at java.lang.reflect.Method.invoke(Method.java:498) ~[na:1.8.0_131]
	at org.springframework.beans.factory.support.AbstractAutowireCapableBeanFactory.invokeCustomInitMethod(AbstractAutowireCapableBeanFactory.java:1694) [spring-beans-4.1.4.RELEASE.jar:4.1.4.RELEASE]
	at org.springframework.beans.factory.support.AbstractAutowireCapableBeanFactory.invokeInitMethods(AbstractAutowireCapableBeanFactory.java:1633) [spring-beans-4.1.4.RELEASE.jar:4.1.4.RELEASE]
	at org.springframework.beans.factory.support.AbstractAutowireCapableBeanFactory.initializeBean(AbstractAutowireCapableBeanFactory.java:1562) [spring-beans-4.1.4.RELEASE.jar:4.1.4.RELEASE]
	at org.springframework.beans.factory.support.AbstractAutowireCapableBeanFactory.doCreateBean(AbstractAutowireCapableBeanFactory.java:539) [spring-beans-4.1.4.RELEASE.jar:4.1.4.RELEASE]
	at org.springframework.beans.factory.support.AbstractAutowireCapableBeanFactory.createBean(AbstractAutowireCapableBeanFactory.java:476) [spring-beans-4.1.4.RELEASE.jar:4.1.4.RELEASE]
	at org.springframework.beans.factory.support.AbstractBeanFactory$1.getObject(AbstractBeanFactory.java:303) [spring-beans-4.1.4.RELEASE.jar:4.1.4.RELEASE]
	at org.springframework.beans.factory.support.DefaultSingletonBeanRegistry.getSingleton(DefaultSingletonBeanRegistry.java:230) [spring-beans-4.1.4.RELEASE.jar:4.1.4.RELEASE]
	at org.springframework.beans.factory.support.AbstractBeanFactory.doGetBean(AbstractBeanFactory.java:299) [spring-beans-4.1.4.RELEASE.jar:4.1.4.RELEASE]
	at org.springframework.beans.factory.support.AbstractBeanFactory.getBean(AbstractBeanFactory.java:194) [spring-beans-4.1.4.RELEASE.jar:4.1.4.RELEASE]
	at org.springframework.beans.factory.support.BeanDefinitionValueResolver.resolveReference(BeanDefinitionValueResolver.java:351) [spring-beans-4.1.4.RELEASE.jar:4.1.4.RELEASE]
	at org.springframework.beans.factory.support.BeanDefinitionValueResolver.resolveValueIfNecessary(BeanDefinitionValueResolver.java:108) [spring-beans-4.1.4.RELEASE.jar:4.1.4.RELEASE]
	at org.springframework.beans.factory.support.AbstractAutowireCapableBeanFactory.applyPropertyValues(AbstractAutowireCapableBeanFactory.java:1469) [spring-beans-4.1.4.RELEASE.jar:4.1.4.RELEASE]
	at org.springframework.beans.factory.support.AbstractAutowireCapableBeanFactory.populateBean(AbstractAutowireCapableBeanFactory.java:1214) [spring-beans-4.1.4.RELEASE.jar:4.1.4.RELEASE]
	at org.springframework.beans.factory.support.AbstractAutowireCapableBeanFactory.doCreateBean(AbstractAutowireCapableBeanFactory.java:537) [spring-beans-4.1.4.RELEASE.jar:4.1.4.RELEASE]
	at org.springframework.beans.factory.support.AbstractAutowireCapableBeanFactory.createBean(AbstractAutowireCapableBeanFactory.java:476) [spring-beans-4.1.4.RELEASE.jar:4.1.4.RELEASE]
	at org.springframework.beans.factory.support.AbstractBeanFactory$1.getObject(AbstractBeanFactory.java:303) [spring-beans-4.1.4.RELEASE.jar:4.1.4.RELEASE]
	at org.springframework.beans.factory.support.DefaultSingletonBeanRegistry.getSingleton(DefaultSingletonBeanRegistry.java:230) [spring-beans-4.1.4.RELEASE.jar:4.1.4.RELEASE]
	at org.springframework.beans.factory.support.AbstractBeanFactory.doGetBean(AbstractBeanFactory.java:299) [spring-beans-4.1.4.RELEASE.jar:4.1.4.RELEASE]
	at org.springframework.beans.factory.support.AbstractBeanFactory.getBean(AbstractBeanFactory.java:194) [spring-beans-4.1.4.RELEASE.jar:4.1.4.RELEASE]
	at org.springframework.context.support.AbstractApplicationContext.getBean(AbstractApplicationContext.java:956) [spring-context-4.1.4.RELEASE.jar:4.1.4.RELEASE]
	at org.springframework.context.support.AbstractApplicationContext.finishBeanFactoryInitialization(AbstractApplicationContext.java:747) [spring-context-4.1.4.RELEASE.jar:4.1.4.RELEASE]
	at org.springframework.context.support.AbstractApplicationContext.refresh(AbstractApplicationContext.java:480) [spring-context-4.1.4.RELEASE.jar:4.1.4.RELEASE]
	at org.springframework.test.context.support.AbstractGenericContextLoader.loadContext(AbstractGenericContextLoader.java:125) [spring-test-4.1.4.RELEASE.jar:4.1.4.RELEASE]
	at org.springframework.test.context.support.AbstractGenericContextLoader.loadContext(AbstractGenericContextLoader.java:60) [spring-test-4.1.4.RELEASE.jar:4.1.4.RELEASE]
	at org.springframework.test.context.support.AbstractDelegatingSmartContextLoader.delegateLoading(AbstractDelegatingSmartContextLoader.java:109) [spring-test-4.1.4.RELEASE.jar:4.1.4.RELEASE]
	at org.springframework.test.context.support.AbstractDelegatingSmartContextLoader.loadContext(AbstractDelegatingSmartContextLoader.java:261) [spring-test-4.1.4.RELEASE.jar:4.1.4.RELEASE]
	at org.springframework.test.context.DefaultCacheAwareContextLoaderDelegate.loadContextInternal(DefaultCacheAwareContextLoaderDelegate.java:68) [spring-test-4.1.4.RELEASE.jar:4.1.4.RELEASE]
	at org.springframework.test.context.DefaultCacheAwareContextLoaderDelegate.loadContext(DefaultCacheAwareContextLoaderDelegate.java:86) [spring-test-4.1.4.RELEASE.jar:4.1.4.RELEASE]
	at org.springframework.test.context.DefaultTestContext.getApplicationContext(DefaultTestContext.java:72) [spring-test-4.1.4.RELEASE.jar:4.1.4.RELEASE]
	at org.springframework.test.context.support.DependencyInjectionTestExecutionListener.injectDependencies(DependencyInjectionTestExecutionListener.java:117) [spring-test-4.1.4.RELEASE.jar:4.1.4.RELEASE]
	at org.springframework.test.context.support.DependencyInjectionTestExecutionListener.prepareTestInstance(DependencyInjectionTestExecutionListener.java:83) [spring-test-4.1.4.RELEASE.jar:4.1.4.RELEASE]
	at org.springframework.test.context.TestContextManager.prepareTestInstance(TestContextManager.java:212) [spring-test-4.1.4.RELEASE.jar:4.1.4.RELEASE]
	at org.springframework.test.context.junit4.SpringJUnit4ClassRunner.createTest(SpringJUnit4ClassRunner.java:200) [spring-test-4.1.4.RELEASE.jar:4.1.4.RELEASE]
	at org.springframework.test.context.junit4.SpringJUnit4ClassRunner$1.runReflectiveCall(SpringJUnit4ClassRunner.java:252) [spring-test-4.1.4.RELEASE.jar:4.1.4.RELEASE]
	at org.junit.internal.runners.model.ReflectiveCallable.run(ReflectiveCallable.java:12) [junit-4.11.jar:na]
	at org.springframework.test.context.junit4.SpringJUnit4ClassRunner.methodBlock(SpringJUnit4ClassRunner.java:254) [spring-test-4.1.4.RELEASE.jar:4.1.4.RELEASE]
	at org.springframework.test.context.junit4.SpringJUnit4ClassRunner.runChild(SpringJUnit4ClassRunner.java:217) [spring-test-4.1.4.RELEASE.jar:4.1.4.RELEASE]
	at org.springframework.test.context.junit4.SpringJUnit4ClassRunner.runChild(SpringJUnit4ClassRunner.java:83) [spring-test-4.1.4.RELEASE.jar:4.1.4.RELEASE]
	at org.junit.runners.ParentRunner$3.run(ParentRunner.java:238) [junit-4.11.jar:na]
	at org.junit.runners.ParentRunner$1.schedule(ParentRunner.java:63) [junit-4.11.jar:na]
	at org.junit.runners.ParentRunner.runChildren(ParentRunner.java:236) [junit-4.11.jar:na]
	at org.junit.runners.ParentRunner.access$000(ParentRunner.java:53) [junit-4.11.jar:na]
	at org.junit.runners.ParentRunner$2.evaluate(ParentRunner.java:229) [junit-4.11.jar:na]
	at org.springframework.test.context.junit4.statements.RunBeforeTestClassCallbacks.evaluate(RunBeforeTestClassCallbacks.java:61) [spring-test-4.1.4.RELEASE.jar:4.1.4.RELEASE]
	at org.springframework.test.context.junit4.statements.RunAfterTestClassCallbacks.evaluate(RunAfterTestClassCallbacks.java:68) [spring-test-4.1.4.RELEASE.jar:4.1.4.RELEASE]
	at org.junit.runners.ParentRunner.run(ParentRunner.java:309) [junit-4.11.jar:na]
	at org.springframework.test.context.junit4.SpringJUnit4ClassRunner.run(SpringJUnit4ClassRunner.java:163) [spring-test-4.1.4.RELEASE.jar:4.1.4.RELEASE]
	at org.junit.runner.JUnitCore.run(JUnitCore.java:160) [junit-4.11.jar:na]
	at com.intellij.junit4.JUnit4IdeaTestRunner.startRunnerWithArgs(JUnit4IdeaTestRunner.java:68) [junit-rt.jar:na]
	at com.intellij.rt.execution.junit.IdeaTestRunner$Repeater.startRunnerWithArgs(IdeaTestRunner.java:47) [junit-rt.jar:na]
	at com.intellij.rt.execution.junit.JUnitStarter.prepareStreamsAndStart(JUnitStarter.java:242) [junit-rt.jar:na]
	at com.intellij.rt.execution.junit.JUnitStarter.main(JUnitStarter.java:70) [junit-rt.jar:na]
Caused by: java.net.UnknownHostException: rm-uf61m889rnvnz74445o.mysql.rds.aliyuncs.com
	at java.net.Inet6AddressImpl.lookupAllHostAddr(Native Method) ~[na:1.8.0_131]
	at java.net.InetAddress$2.lookupAllHostAddr(InetAddress.java:928) ~[na:1.8.0_131]
	at java.net.InetAddress.getAddressesFromNameService(InetAddress.java:1323) ~[na:1.8.0_131]
	at java.net.InetAddress.getAllByName0(InetAddress.java:1276) ~[na:1.8.0_131]
	at java.net.InetAddress.getAllByName(InetAddress.java:1192) ~[na:1.8.0_131]
	at java.net.InetAddress.getAllByName(InetAddress.java:1126) ~[na:1.8.0_131]
	at com.mysql.jdbc.StandardSocketFactory.connect(StandardSocketFactory.java:248) ~[mysql-connector-java-5.1.29.jar:na]
	at com.mysql.jdbc.MysqlIO.<init>(MysqlIO.java:308) ~[mysql-connector-java-5.1.29.jar:na]
	... 81 common frames omitted
hypnus-admin 2018-03-25 12:38:51.982 [main] ERROR com.alibaba.druid.pool.DruidDataSource - [] dataSource init error
com.mysql.jdbc.exceptions.jdbc4.CommunicationsException: Communications link failure

The last packet sent successfully to the server was 0 milliseconds ago. The driver has not received any packets from the server.
	at sun.reflect.NativeConstructorAccessorImpl.newInstance0(Native Method) ~[na:1.8.0_131]
	at sun.reflect.NativeConstructorAccessorImpl.newInstance(NativeConstructorAccessorImpl.java:62) ~[na:1.8.0_131]
	at sun.reflect.DelegatingConstructorAccessorImpl.newInstance(DelegatingConstructorAccessorImpl.java:45) ~[na:1.8.0_131]
	at java.lang.reflect.Constructor.newInstance(Constructor.java:423) ~[na:1.8.0_131]
	at com.mysql.jdbc.Util.handleNewInstance(Util.java:411) ~[mysql-connector-java-5.1.29.jar:na]
	at com.mysql.jdbc.SQLError.createCommunicationsException(SQLError.java:1129) ~[mysql-connector-java-5.1.29.jar:na]
	at com.mysql.jdbc.MysqlIO.<init>(MysqlIO.java:358) ~[mysql-connector-java-5.1.29.jar:na]
	at com.mysql.jdbc.ConnectionImpl.coreConnect(ConnectionImpl.java:2498) ~[mysql-connector-java-5.1.29.jar:na]
	at com.mysql.jdbc.ConnectionImpl.connectOneTryOnly(ConnectionImpl.java:2535) ~[mysql-connector-java-5.1.29.jar:na]
	at com.mysql.jdbc.ConnectionImpl.createNewIO(ConnectionImpl.java:2320) ~[mysql-connector-java-5.1.29.jar:na]
	at com.mysql.jdbc.ConnectionImpl.<init>(ConnectionImpl.java:834) ~[mysql-connector-java-5.1.29.jar:na]
	at com.mysql.jdbc.JDBC4Connection.<init>(JDBC4Connection.java:46) ~[mysql-connector-java-5.1.29.jar:na]
	at sun.reflect.NativeConstructorAccessorImpl.newInstance0(Native Method) ~[na:1.8.0_131]
	at sun.reflect.NativeConstructorAccessorImpl.newInstance(NativeConstructorAccessorImpl.java:62) ~[na:1.8.0_131]
	at sun.reflect.DelegatingConstructorAccessorImpl.newInstance(DelegatingConstructorAccessorImpl.java:45) ~[na:1.8.0_131]
	at java.lang.reflect.Constructor.newInstance(Constructor.java:423) ~[na:1.8.0_131]
	at com.mysql.jdbc.Util.handleNewInstance(Util.java:411) ~[mysql-connector-java-5.1.29.jar:na]
	at com.mysql.jdbc.ConnectionImpl.getInstance(ConnectionImpl.java:416) ~[mysql-connector-java-5.1.29.jar:na]
	at com.mysql.jdbc.NonRegisteringDriver.connect(NonRegisteringDriver.java:347) ~[mysql-connector-java-5.1.29.jar:na]
	at com.alibaba.druid.filter.FilterChainImpl.connection_connect(FilterChainImpl.java:148) ~[druid-1.0.13.jar:1.0.13]
	at com.alibaba.druid.filter.FilterAdapter.connection_connect(FilterAdapter.java:785) ~[druid-1.0.13.jar:1.0.13]
	at com.alibaba.druid.filter.FilterEventAdapter.connection_connect(FilterEventAdapter.java:38) ~[druid-1.0.13.jar:1.0.13]
	at com.alibaba.druid.filter.FilterChainImpl.connection_connect(FilterChainImpl.java:142) ~[druid-1.0.13.jar:1.0.13]
	at com.alibaba.druid.filter.stat.StatFilter.connection_connect(StatFilter.java:211) ~[druid-1.0.13.jar:1.0.13]
	at com.alibaba.druid.filter.FilterChainImpl.connection_connect(FilterChainImpl.java:142) ~[druid-1.0.13.jar:1.0.13]
	at com.alibaba.druid.filter.FilterAdapter.connection_connect(FilterAdapter.java:785) ~[druid-1.0.13.jar:1.0.13]
	at com.alibaba.druid.filter.FilterChainImpl.connection_connect(FilterChainImpl.java:142) ~[druid-1.0.13.jar:1.0.13]
	at com.alibaba.druid.filter.FilterAdapter.connection_connect(FilterAdapter.java:785) ~[druid-1.0.13.jar:1.0.13]
	at com.alibaba.druid.filter.FilterChainImpl.connection_connect(FilterChainImpl.java:142) ~[druid-1.0.13.jar:1.0.13]
	at com.alibaba.druid.pool.DruidAbstractDataSource.createPhysicalConnection(DruidAbstractDataSource.java:1377) ~[druid-1.0.13.jar:1.0.13]
	at com.alibaba.druid.pool.DruidAbstractDataSource.createPhysicalConnection(DruidAbstractDataSource.java:1431) ~[druid-1.0.13.jar:1.0.13]
	at com.alibaba.druid.pool.DruidDataSource.init(DruidDataSource.java:632) ~[druid-1.0.13.jar:1.0.13]
	at sun.reflect.NativeMethodAccessorImpl.invoke0(Native Method) ~[na:1.8.0_131]
	at sun.reflect.NativeMethodAccessorImpl.invoke(NativeMethodAccessorImpl.java:62) ~[na:1.8.0_131]
	at sun.reflect.DelegatingMethodAccessorImpl.invoke(DelegatingMethodAccessorImpl.java:43) ~[na:1.8.0_131]
	at java.lang.reflect.Method.invoke(Method.java:498) ~[na:1.8.0_131]
	at org.springframework.beans.factory.support.AbstractAutowireCapableBeanFactory.invokeCustomInitMethod(AbstractAutowireCapableBeanFactory.java:1694) [spring-beans-4.1.4.RELEASE.jar:4.1.4.RELEASE]
	at org.springframework.beans.factory.support.AbstractAutowireCapableBeanFactory.invokeInitMethods(AbstractAutowireCapableBeanFactory.java:1633) [spring-beans-4.1.4.RELEASE.jar:4.1.4.RELEASE]
	at org.springframework.beans.factory.support.AbstractAutowireCapableBeanFactory.initializeBean(AbstractAutowireCapableBeanFactory.java:1562) [spring-beans-4.1.4.RELEASE.jar:4.1.4.RELEASE]
	at org.springframework.beans.factory.support.AbstractAutowireCapableBeanFactory.doCreateBean(AbstractAutowireCapableBeanFactory.java:539) [spring-beans-4.1.4.RELEASE.jar:4.1.4.RELEASE]
	at org.springframework.beans.factory.support.AbstractAutowireCapableBeanFactory.createBean(AbstractAutowireCapableBeanFactory.java:476) [spring-beans-4.1.4.RELEASE.jar:4.1.4.RELEASE]
	at org.springframework.beans.factory.support.AbstractBeanFactory$1.getObject(AbstractBeanFactory.java:303) [spring-beans-4.1.4.RELEASE.jar:4.1.4.RELEASE]
	at org.springframework.beans.factory.support.DefaultSingletonBeanRegistry.getSingleton(DefaultSingletonBeanRegistry.java:230) [spring-beans-4.1.4.RELEASE.jar:4.1.4.RELEASE]
	at org.springframework.beans.factory.support.AbstractBeanFactory.doGetBean(AbstractBeanFactory.java:299) [spring-beans-4.1.4.RELEASE.jar:4.1.4.RELEASE]
	at org.springframework.beans.factory.support.AbstractBeanFactory.getBean(AbstractBeanFactory.java:194) [spring-beans-4.1.4.RELEASE.jar:4.1.4.RELEASE]
	at org.springframework.beans.factory.support.BeanDefinitionValueResolver.resolveReference(BeanDefinitionValueResolver.java:351) [spring-beans-4.1.4.RELEASE.jar:4.1.4.RELEASE]
	at org.springframework.beans.factory.support.BeanDefinitionValueResolver.resolveValueIfNecessary(BeanDefinitionValueResolver.java:108) [spring-beans-4.1.4.RELEASE.jar:4.1.4.RELEASE]
	at org.springframework.beans.factory.support.AbstractAutowireCapableBeanFactory.applyPropertyValues(AbstractAutowireCapableBeanFactory.java:1469) [spring-beans-4.1.4.RELEASE.jar:4.1.4.RELEASE]
	at org.springframework.beans.factory.support.AbstractAutowireCapableBeanFactory.populateBean(AbstractAutowireCapableBeanFactory.java:1214) [spring-beans-4.1.4.RELEASE.jar:4.1.4.RELEASE]
	at org.springframework.beans.factory.support.AbstractAutowireCapableBeanFactory.doCreateBean(AbstractAutowireCapableBeanFactory.java:537) [spring-beans-4.1.4.RELEASE.jar:4.1.4.RELEASE]
	at org.springframework.beans.factory.support.AbstractAutowireCapableBeanFactory.createBean(AbstractAutowireCapableBeanFactory.java:476) [spring-beans-4.1.4.RELEASE.jar:4.1.4.RELEASE]
	at org.springframework.beans.factory.support.AbstractBeanFactory$1.getObject(AbstractBeanFactory.java:303) [spring-beans-4.1.4.RELEASE.jar:4.1.4.RELEASE]
	at org.springframework.beans.factory.support.DefaultSingletonBeanRegistry.getSingleton(DefaultSingletonBeanRegistry.java:230) [spring-beans-4.1.4.RELEASE.jar:4.1.4.RELEASE]
	at org.springframework.beans.factory.support.AbstractBeanFactory.doGetBean(AbstractBeanFactory.java:299) [spring-beans-4.1.4.RELEASE.jar:4.1.4.RELEASE]
	at org.springframework.beans.factory.support.AbstractBeanFactory.getBean(AbstractBeanFactory.java:194) [spring-beans-4.1.4.RELEASE.jar:4.1.4.RELEASE]
	at org.springframework.context.support.AbstractApplicationContext.getBean(AbstractApplicationContext.java:956) [spring-context-4.1.4.RELEASE.jar:4.1.4.RELEASE]
	at org.springframework.context.support.AbstractApplicationContext.finishBeanFactoryInitialization(AbstractApplicationContext.java:747) [spring-context-4.1.4.RELEASE.jar:4.1.4.RELEASE]
	at org.springframework.context.support.AbstractApplicationContext.refresh(AbstractApplicationContext.java:480) [spring-context-4.1.4.RELEASE.jar:4.1.4.RELEASE]
	at org.springframework.test.context.support.AbstractGenericContextLoader.loadContext(AbstractGenericContextLoader.java:125) [spring-test-4.1.4.RELEASE.jar:4.1.4.RELEASE]
	at org.springframework.test.context.support.AbstractGenericContextLoader.loadContext(AbstractGenericContextLoader.java:60) [spring-test-4.1.4.RELEASE.jar:4.1.4.RELEASE]
	at org.springframework.test.context.support.AbstractDelegatingSmartContextLoader.delegateLoading(AbstractDelegatingSmartContextLoader.java:109) [spring-test-4.1.4.RELEASE.jar:4.1.4.RELEASE]
	at org.springframework.test.context.support.AbstractDelegatingSmartContextLoader.loadContext(AbstractDelegatingSmartContextLoader.java:261) [spring-test-4.1.4.RELEASE.jar:4.1.4.RELEASE]
	at org.springframework.test.context.DefaultCacheAwareContextLoaderDelegate.loadContextInternal(DefaultCacheAwareContextLoaderDelegate.java:68) [spring-test-4.1.4.RELEASE.jar:4.1.4.RELEASE]
	at org.springframework.test.context.DefaultCacheAwareContextLoaderDelegate.loadContext(DefaultCacheAwareContextLoaderDelegate.java:86) [spring-test-4.1.4.RELEASE.jar:4.1.4.RELEASE]
	at org.springframework.test.context.DefaultTestContext.getApplicationContext(DefaultTestContext.java:72) [spring-test-4.1.4.RELEASE.jar:4.1.4.RELEASE]
	at org.springframework.test.context.support.DependencyInjectionTestExecutionListener.injectDependencies(DependencyInjectionTestExecutionListener.java:117) [spring-test-4.1.4.RELEASE.jar:4.1.4.RELEASE]
	at org.springframework.test.context.support.DependencyInjectionTestExecutionListener.prepareTestInstance(DependencyInjectionTestExecutionListener.java:83) [spring-test-4.1.4.RELEASE.jar:4.1.4.RELEASE]
	at org.springframework.test.context.TestContextManager.prepareTestInstance(TestContextManager.java:212) [spring-test-4.1.4.RELEASE.jar:4.1.4.RELEASE]
	at org.springframework.test.context.junit4.SpringJUnit4ClassRunner.createTest(SpringJUnit4ClassRunner.java:200) [spring-test-4.1.4.RELEASE.jar:4.1.4.RELEASE]
	at org.springframework.test.context.junit4.SpringJUnit4ClassRunner$1.runReflectiveCall(SpringJUnit4ClassRunner.java:252) [spring-test-4.1.4.RELEASE.jar:4.1.4.RELEASE]
	at org.junit.internal.runners.model.ReflectiveCallable.run(ReflectiveCallable.java:12) [junit-4.11.jar:na]
	at org.springframework.test.context.junit4.SpringJUnit4ClassRunner.methodBlock(SpringJUnit4ClassRunner.java:254) [spring-test-4.1.4.RELEASE.jar:4.1.4.RELEASE]
	at org.springframework.test.context.junit4.SpringJUnit4ClassRunner.runChild(SpringJUnit4ClassRunner.java:217) [spring-test-4.1.4.RELEASE.jar:4.1.4.RELEASE]
	at org.springframework.test.context.junit4.SpringJUnit4ClassRunner.runChild(SpringJUnit4ClassRunner.java:83) [spring-test-4.1.4.RELEASE.jar:4.1.4.RELEASE]
	at org.junit.runners.ParentRunner$3.run(ParentRunner.java:238) [junit-4.11.jar:na]
	at org.junit.runners.ParentRunner$1.schedule(ParentRunner.java:63) [junit-4.11.jar:na]
	at org.junit.runners.ParentRunner.runChildren(ParentRunner.java:236) [junit-4.11.jar:na]
	at org.junit.runners.ParentRunner.access$000(ParentRunner.java:53) [junit-4.11.jar:na]
	at org.junit.runners.ParentRunner$2.evaluate(ParentRunner.java:229) [junit-4.11.jar:na]
	at org.springframework.test.context.junit4.statements.RunBeforeTestClassCallbacks.evaluate(RunBeforeTestClassCallbacks.java:61) [spring-test-4.1.4.RELEASE.jar:4.1.4.RELEASE]
	at org.springframework.test.context.junit4.statements.RunAfterTestClassCallbacks.evaluate(RunAfterTestClassCallbacks.java:68) [spring-test-4.1.4.RELEASE.jar:4.1.4.RELEASE]
	at org.junit.runners.ParentRunner.run(ParentRunner.java:309) [junit-4.11.jar:na]
	at org.springframework.test.context.junit4.SpringJUnit4ClassRunner.run(SpringJUnit4ClassRunner.java:163) [spring-test-4.1.4.RELEASE.jar:4.1.4.RELEASE]
	at org.junit.runner.JUnitCore.run(JUnitCore.java:160) [junit-4.11.jar:na]
	at com.intellij.junit4.JUnit4IdeaTestRunner.startRunnerWithArgs(JUnit4IdeaTestRunner.java:68) [junit-rt.jar:na]
	at com.intellij.rt.execution.junit.IdeaTestRunner$Repeater.startRunnerWithArgs(IdeaTestRunner.java:47) [junit-rt.jar:na]
	at com.intellij.rt.execution.junit.JUnitStarter.prepareStreamsAndStart(JUnitStarter.java:242) [junit-rt.jar:na]
	at com.intellij.rt.execution.junit.JUnitStarter.main(JUnitStarter.java:70) [junit-rt.jar:na]
Caused by: java.net.UnknownHostException: rm-uf61m889rnvnz74445o.mysql.rds.aliyuncs.com
	at java.net.Inet6AddressImpl.lookupAllHostAddr(Native Method) ~[na:1.8.0_131]
	at java.net.InetAddress$2.lookupAllHostAddr(InetAddress.java:928) ~[na:1.8.0_131]
	at java.net.InetAddress.getAddressesFromNameService(InetAddress.java:1323) ~[na:1.8.0_131]
	at java.net.InetAddress.getAllByName0(InetAddress.java:1276) ~[na:1.8.0_131]
	at java.net.InetAddress.getAllByName(InetAddress.java:1192) ~[na:1.8.0_131]
	at java.net.InetAddress.getAllByName(InetAddress.java:1126) ~[na:1.8.0_131]
	at com.mysql.jdbc.StandardSocketFactory.connect(StandardSocketFactory.java:248) ~[mysql-connector-java-5.1.29.jar:na]
	at com.mysql.jdbc.MysqlIO.<init>(MysqlIO.java:308) ~[mysql-connector-java-5.1.29.jar:na]
	... 81 common frames omitted
hypnus-admin 2018-03-25 12:38:51.985 [main] INFO  com.alibaba.druid.pool.DruidDataSource - [] {dataSource-1} inited
hypnus-admin 2018-03-25 12:38:51.988 [main] WARN  org.springframework.context.support.GenericApplicationContext - [] Exception encountered during context initialization - cancelling refresh attempt
org.springframework.beans.factory.BeanCreationException: Error creating bean with name 'entityManagerFactory' defined in class path resource [applicationContext-test.xml]: Cannot resolve reference to bean 'dataSource' while setting bean property 'dataSource'; nested exception is org.springframework.beans.factory.BeanCreationException: Error creating bean with name 'dataSource' defined in class path resource [applicationContext-test.xml]: Invocation of init method failed; nested exception is com.mysql.jdbc.exceptions.jdbc4.CommunicationsException: Communications link failure

The last packet sent successfully to the server was 0 milliseconds ago. The driver has not received any packets from the server.
	at org.springframework.beans.factory.support.BeanDefinitionValueResolver.resolveReference(BeanDefinitionValueResolver.java:359) ~[spring-beans-4.1.4.RELEASE.jar:4.1.4.RELEASE]
	at org.springframework.beans.factory.support.BeanDefinitionValueResolver.resolveValueIfNecessary(BeanDefinitionValueResolver.java:108) ~[spring-beans-4.1.4.RELEASE.jar:4.1.4.RELEASE]
	at org.springframework.beans.factory.support.AbstractAutowireCapableBeanFactory.applyPropertyValues(AbstractAutowireCapableBeanFactory.java:1469) ~[spring-beans-4.1.4.RELEASE.jar:4.1.4.RELEASE]
	at org.springframework.beans.factory.support.AbstractAutowireCapableBeanFactory.populateBean(AbstractAutowireCapableBeanFactory.java:1214) ~[spring-beans-4.1.4.RELEASE.jar:4.1.4.RELEASE]
	at org.springframework.beans.factory.support.AbstractAutowireCapableBeanFactory.doCreateBean(AbstractAutowireCapableBeanFactory.java:537) ~[spring-beans-4.1.4.RELEASE.jar:4.1.4.RELEASE]
	at org.springframework.beans.factory.support.AbstractAutowireCapableBeanFactory.createBean(AbstractAutowireCapableBeanFactory.java:476) ~[spring-beans-4.1.4.RELEASE.jar:4.1.4.RELEASE]
	at org.springframework.beans.factory.support.AbstractBeanFactory$1.getObject(AbstractBeanFactory.java:303) ~[spring-beans-4.1.4.RELEASE.jar:4.1.4.RELEASE]
	at org.springframework.beans.factory.support.DefaultSingletonBeanRegistry.getSingleton(DefaultSingletonBeanRegistry.java:230) ~[spring-beans-4.1.4.RELEASE.jar:4.1.4.RELEASE]
	at org.springframework.beans.factory.support.AbstractBeanFactory.doGetBean(AbstractBeanFactory.java:299) ~[spring-beans-4.1.4.RELEASE.jar:4.1.4.RELEASE]
	at org.springframework.beans.factory.support.AbstractBeanFactory.getBean(AbstractBeanFactory.java:194) ~[spring-beans-4.1.4.RELEASE.jar:4.1.4.RELEASE]
	at org.springframework.context.support.AbstractApplicationContext.getBean(AbstractApplicationContext.java:956) ~[spring-context-4.1.4.RELEASE.jar:4.1.4.RELEASE]
	at org.springframework.context.support.AbstractApplicationContext.finishBeanFactoryInitialization(AbstractApplicationContext.java:747) ~[spring-context-4.1.4.RELEASE.jar:4.1.4.RELEASE]
	at org.springframework.context.support.AbstractApplicationContext.refresh(AbstractApplicationContext.java:480) ~[spring-context-4.1.4.RELEASE.jar:4.1.4.RELEASE]
	at org.springframework.test.context.support.AbstractGenericContextLoader.loadContext(AbstractGenericContextLoader.java:125) [spring-test-4.1.4.RELEASE.jar:4.1.4.RELEASE]
	at org.springframework.test.context.support.AbstractGenericContextLoader.loadContext(AbstractGenericContextLoader.java:60) [spring-test-4.1.4.RELEASE.jar:4.1.4.RELEASE]
	at org.springframework.test.context.support.AbstractDelegatingSmartContextLoader.delegateLoading(AbstractDelegatingSmartContextLoader.java:109) [spring-test-4.1.4.RELEASE.jar:4.1.4.RELEASE]
	at org.springframework.test.context.support.AbstractDelegatingSmartContextLoader.loadContext(AbstractDelegatingSmartContextLoader.java:261) [spring-test-4.1.4.RELEASE.jar:4.1.4.RELEASE]
	at org.springframework.test.context.DefaultCacheAwareContextLoaderDelegate.loadContextInternal(DefaultCacheAwareContextLoaderDelegate.java:68) [spring-test-4.1.4.RELEASE.jar:4.1.4.RELEASE]
	at org.springframework.test.context.DefaultCacheAwareContextLoaderDelegate.loadContext(DefaultCacheAwareContextLoaderDelegate.java:86) [spring-test-4.1.4.RELEASE.jar:4.1.4.RELEASE]
	at org.springframework.test.context.DefaultTestContext.getApplicationContext(DefaultTestContext.java:72) [spring-test-4.1.4.RELEASE.jar:4.1.4.RELEASE]
	at org.springframework.test.context.support.DependencyInjectionTestExecutionListener.injectDependencies(DependencyInjectionTestExecutionListener.java:117) [spring-test-4.1.4.RELEASE.jar:4.1.4.RELEASE]
	at org.springframework.test.context.support.DependencyInjectionTestExecutionListener.prepareTestInstance(DependencyInjectionTestExecutionListener.java:83) [spring-test-4.1.4.RELEASE.jar:4.1.4.RELEASE]
	at org.springframework.test.context.TestContextManager.prepareTestInstance(TestContextManager.java:212) [spring-test-4.1.4.RELEASE.jar:4.1.4.RELEASE]
	at org.springframework.test.context.junit4.SpringJUnit4ClassRunner.createTest(SpringJUnit4ClassRunner.java:200) [spring-test-4.1.4.RELEASE.jar:4.1.4.RELEASE]
	at org.springframework.test.context.junit4.SpringJUnit4ClassRunner$1.runReflectiveCall(SpringJUnit4ClassRunner.java:252) [spring-test-4.1.4.RELEASE.jar:4.1.4.RELEASE]
	at org.junit.internal.runners.model.ReflectiveCallable.run(ReflectiveCallable.java:12) [junit-4.11.jar:na]
	at org.springframework.test.context.junit4.SpringJUnit4ClassRunner.methodBlock(SpringJUnit4ClassRunner.java:254) [spring-test-4.1.4.RELEASE.jar:4.1.4.RELEASE]
	at org.springframework.test.context.junit4.SpringJUnit4ClassRunner.runChild(SpringJUnit4ClassRunner.java:217) [spring-test-4.1.4.RELEASE.jar:4.1.4.RELEASE]
	at org.springframework.test.context.junit4.SpringJUnit4ClassRunner.runChild(SpringJUnit4ClassRunner.java:83) [spring-test-4.1.4.RELEASE.jar:4.1.4.RELEASE]
	at org.junit.runners.ParentRunner$3.run(ParentRunner.java:238) [junit-4.11.jar:na]
	at org.junit.runners.ParentRunner$1.schedule(ParentRunner.java:63) [junit-4.11.jar:na]
	at org.junit.runners.ParentRunner.runChildren(ParentRunner.java:236) [junit-4.11.jar:na]
	at org.junit.runners.ParentRunner.access$000(ParentRunner.java:53) [junit-4.11.jar:na]
	at org.junit.runners.ParentRunner$2.evaluate(ParentRunner.java:229) [junit-4.11.jar:na]
	at org.springframework.test.context.junit4.statements.RunBeforeTestClassCallbacks.evaluate(RunBeforeTestClassCallbacks.java:61) [spring-test-4.1.4.RELEASE.jar:4.1.4.RELEASE]
	at org.springframework.test.context.junit4.statements.RunAfterTestClassCallbacks.evaluate(RunAfterTestClassCallbacks.java:68) [spring-test-4.1.4.RELEASE.jar:4.1.4.RELEASE]
	at org.junit.runners.ParentRunner.run(ParentRunner.java:309) [junit-4.11.jar:na]
	at org.springframework.test.context.junit4.SpringJUnit4ClassRunner.run(SpringJUnit4ClassRunner.java:163) [spring-test-4.1.4.RELEASE.jar:4.1.4.RELEASE]
	at org.junit.runner.JUnitCore.run(JUnitCore.java:160) [junit-4.11.jar:na]
	at com.intellij.junit4.JUnit4IdeaTestRunner.startRunnerWithArgs(JUnit4IdeaTestRunner.java:68) [junit-rt.jar:na]
	at com.intellij.rt.execution.junit.IdeaTestRunner$Repeater.startRunnerWithArgs(IdeaTestRunner.java:47) [junit-rt.jar:na]
	at com.intellij.rt.execution.junit.JUnitStarter.prepareStreamsAndStart(JUnitStarter.java:242) [junit-rt.jar:na]
	at com.intellij.rt.execution.junit.JUnitStarter.main(JUnitStarter.java:70) [junit-rt.jar:na]
Caused by: org.springframework.beans.factory.BeanCreationException: Error creating bean with name 'dataSource' defined in class path resource [applicationContext-test.xml]: Invocation of init method failed; nested exception is com.mysql.jdbc.exceptions.jdbc4.CommunicationsException: Communications link failure

The last packet sent successfully to the server was 0 milliseconds ago. The driver has not received any packets from the server.
	at org.springframework.beans.factory.support.AbstractAutowireCapableBeanFactory.initializeBean(AbstractAutowireCapableBeanFactory.java:1566) ~[spring-beans-4.1.4.RELEASE.jar:4.1.4.RELEASE]
	at org.springframework.beans.factory.support.AbstractAutowireCapableBeanFactory.doCreateBean(AbstractAutowireCapableBeanFactory.java:539) ~[spring-beans-4.1.4.RELEASE.jar:4.1.4.RELEASE]
	at org.springframework.beans.factory.support.AbstractAutowireCapableBeanFactory.createBean(AbstractAutowireCapableBeanFactory.java:476) ~[spring-beans-4.1.4.RELEASE.jar:4.1.4.RELEASE]
	at org.springframework.beans.factory.support.AbstractBeanFactory$1.getObject(AbstractBeanFactory.java:303) ~[spring-beans-4.1.4.RELEASE.jar:4.1.4.RELEASE]
	at org.springframework.beans.factory.support.DefaultSingletonBeanRegistry.getSingleton(DefaultSingletonBeanRegistry.java:230) ~[spring-beans-4.1.4.RELEASE.jar:4.1.4.RELEASE]
	at org.springframework.beans.factory.support.AbstractBeanFactory.doGetBean(AbstractBeanFactory.java:299) ~[spring-beans-4.1.4.RELEASE.jar:4.1.4.RELEASE]
	at org.springframework.beans.factory.support.AbstractBeanFactory.getBean(AbstractBeanFactory.java:194) ~[spring-beans-4.1.4.RELEASE.jar:4.1.4.RELEASE]
	at org.springframework.beans.factory.support.BeanDefinitionValueResolver.resolveReference(BeanDefinitionValueResolver.java:351) ~[spring-beans-4.1.4.RELEASE.jar:4.1.4.RELEASE]
	... 42 common frames omitted
Caused by: com.mysql.jdbc.exceptions.jdbc4.CommunicationsException: Communications link failure

The last packet sent successfully to the server was 0 milliseconds ago. The driver has not received any packets from the server.
	at sun.reflect.NativeConstructorAccessorImpl.newInstance0(Native Method) ~[na:1.8.0_131]
	at sun.reflect.NativeConstructorAccessorImpl.newInstance(NativeConstructorAccessorImpl.java:62) ~[na:1.8.0_131]
	at sun.reflect.DelegatingConstructorAccessorImpl.newInstance(DelegatingConstructorAccessorImpl.java:45) ~[na:1.8.0_131]
	at java.lang.reflect.Constructor.newInstance(Constructor.java:423) ~[na:1.8.0_131]
	at com.mysql.jdbc.Util.handleNewInstance(Util.java:411) ~[mysql-connector-java-5.1.29.jar:na]
	at com.mysql.jdbc.SQLError.createCommunicationsException(SQLError.java:1129) ~[mysql-connector-java-5.1.29.jar:na]
	at com.mysql.jdbc.MysqlIO.<init>(MysqlIO.java:358) ~[mysql-connector-java-5.1.29.jar:na]
	at com.mysql.jdbc.ConnectionImpl.coreConnect(ConnectionImpl.java:2498) ~[mysql-connector-java-5.1.29.jar:na]
	at com.mysql.jdbc.ConnectionImpl.connectOneTryOnly(ConnectionImpl.java:2535) ~[mysql-connector-java-5.1.29.jar:na]
	at com.mysql.jdbc.ConnectionImpl.createNewIO(ConnectionImpl.java:2320) ~[mysql-connector-java-5.1.29.jar:na]
	at com.mysql.jdbc.ConnectionImpl.<init>(ConnectionImpl.java:834) ~[mysql-connector-java-5.1.29.jar:na]
	at com.mysql.jdbc.JDBC4Connection.<init>(JDBC4Connection.java:46) ~[mysql-connector-java-5.1.29.jar:na]
	at sun.reflect.NativeConstructorAccessorImpl.newInstance0(Native Method) ~[na:1.8.0_131]
	at sun.reflect.NativeConstructorAccessorImpl.newInstance(NativeConstructorAccessorImpl.java:62) ~[na:1.8.0_131]
	at sun.reflect.DelegatingConstructorAccessorImpl.newInstance(DelegatingConstructorAccessorImpl.java:45) ~[na:1.8.0_131]
	at java.lang.reflect.Constructor.newInstance(Constructor.java:423) ~[na:1.8.0_131]
	at com.mysql.jdbc.Util.handleNewInstance(Util.java:411) ~[mysql-connector-java-5.1.29.jar:na]
	at com.mysql.jdbc.ConnectionImpl.getInstance(ConnectionImpl.java:416) ~[mysql-connector-java-5.1.29.jar:na]
	at com.mysql.jdbc.NonRegisteringDriver.connect(NonRegisteringDriver.java:347) ~[mysql-connector-java-5.1.29.jar:na]
	at com.alibaba.druid.filter.FilterChainImpl.connection_connect(FilterChainImpl.java:148) ~[druid-1.0.13.jar:1.0.13]
	at com.alibaba.druid.filter.FilterAdapter.connection_connect(FilterAdapter.java:785) ~[druid-1.0.13.jar:1.0.13]
	at com.alibaba.druid.filter.FilterEventAdapter.connection_connect(FilterEventAdapter.java:38) ~[druid-1.0.13.jar:1.0.13]
	at com.alibaba.druid.filter.FilterChainImpl.connection_connect(FilterChainImpl.java:142) ~[druid-1.0.13.jar:1.0.13]
	at com.alibaba.druid.filter.stat.StatFilter.connection_connect(StatFilter.java:211) ~[druid-1.0.13.jar:1.0.13]
	at com.alibaba.druid.filter.FilterChainImpl.connection_connect(FilterChainImpl.java:142) ~[druid-1.0.13.jar:1.0.13]
	at com.alibaba.druid.filter.FilterAdapter.connection_connect(FilterAdapter.java:785) ~[druid-1.0.13.jar:1.0.13]
	at com.alibaba.druid.filter.FilterChainImpl.connection_connect(FilterChainImpl.java:142) ~[druid-1.0.13.jar:1.0.13]
	at com.alibaba.druid.filter.FilterAdapter.connection_connect(FilterAdapter.java:785) ~[druid-1.0.13.jar:1.0.13]
	at com.alibaba.druid.filter.FilterChainImpl.connection_connect(FilterChainImpl.java:142) ~[druid-1.0.13.jar:1.0.13]
	at com.alibaba.druid.pool.DruidAbstractDataSource.createPhysicalConnection(DruidAbstractDataSource.java:1377) ~[druid-1.0.13.jar:1.0.13]
	at com.alibaba.druid.pool.DruidAbstractDataSource.createPhysicalConnection(DruidAbstractDataSource.java:1431) ~[druid-1.0.13.jar:1.0.13]
	at com.alibaba.druid.pool.DruidDataSource.init(DruidDataSource.java:632) ~[druid-1.0.13.jar:1.0.13]
	at sun.reflect.NativeMethodAccessorImpl.invoke0(Native Method) ~[na:1.8.0_131]
	at sun.reflect.NativeMethodAccessorImpl.invoke(NativeMethodAccessorImpl.java:62) ~[na:1.8.0_131]
	at sun.reflect.DelegatingMethodAccessorImpl.invoke(DelegatingMethodAccessorImpl.java:43) ~[na:1.8.0_131]
	at java.lang.reflect.Method.invoke(Method.java:498) ~[na:1.8.0_131]
	at org.springframework.beans.factory.support.AbstractAutowireCapableBeanFactory.invokeCustomInitMethod(AbstractAutowireCapableBeanFactory.java:1694) ~[spring-beans-4.1.4.RELEASE.jar:4.1.4.RELEASE]
	at org.springframework.beans.factory.support.AbstractAutowireCapableBeanFactory.invokeInitMethods(AbstractAutowireCapableBeanFactory.java:1633) ~[spring-beans-4.1.4.RELEASE.jar:4.1.4.RELEASE]
	at org.springframework.beans.factory.support.AbstractAutowireCapableBeanFactory.initializeBean(AbstractAutowireCapableBeanFactory.java:1562) ~[spring-beans-4.1.4.RELEASE.jar:4.1.4.RELEASE]
	... 49 common frames omitted
Caused by: java.net.UnknownHostException: rm-uf61m889rnvnz74445o.mysql.rds.aliyuncs.com
	at java.net.Inet6AddressImpl.lookupAllHostAddr(Native Method) ~[na:1.8.0_131]
	at java.net.InetAddress$2.lookupAllHostAddr(InetAddress.java:928) ~[na:1.8.0_131]
	at java.net.InetAddress.getAddressesFromNameService(InetAddress.java:1323) ~[na:1.8.0_131]
	at java.net.InetAddress.getAllByName0(InetAddress.java:1276) ~[na:1.8.0_131]
	at java.net.InetAddress.getAllByName(InetAddress.java:1192) ~[na:1.8.0_131]
	at java.net.InetAddress.getAllByName(InetAddress.java:1126) ~[na:1.8.0_131]
	at com.mysql.jdbc.StandardSocketFactory.connect(StandardSocketFactory.java:248) ~[mysql-connector-java-5.1.29.jar:na]
	at com.mysql.jdbc.MysqlIO.<init>(MysqlIO.java:308) ~[mysql-connector-java-5.1.29.jar:na]
	... 81 common frames omitted
hypnus-admin 2018-03-25 12:38:52.012 [main] ERROR org.springframework.test.context.TestContextManager - [] Caught exception while allowing TestExecutionListener [org.springframework.test.context.support.DependencyInjectionTestExecutionListener@5a4041cc] to prepare test instance [com.catt.hypnus.service.impl.deviceMgr.UsetimeServiceImplTest@751e664e]
java.lang.IllegalStateException: Failed to load ApplicationContext
	at org.springframework.test.context.DefaultCacheAwareContextLoaderDelegate.loadContext(DefaultCacheAwareContextLoaderDelegate.java:94) ~[spring-test-4.1.4.RELEASE.jar:4.1.4.RELEASE]
	at org.springframework.test.context.DefaultTestContext.getApplicationContext(DefaultTestContext.java:72) ~[spring-test-4.1.4.RELEASE.jar:4.1.4.RELEASE]
	at org.springframework.test.context.support.DependencyInjectionTestExecutionListener.injectDependencies(DependencyInjectionTestExecutionListener.java:117) ~[spring-test-4.1.4.RELEASE.jar:4.1.4.RELEASE]
	at org.springframework.test.context.support.DependencyInjectionTestExecutionListener.prepareTestInstance(DependencyInjectionTestExecutionListener.java:83) ~[spring-test-4.1.4.RELEASE.jar:4.1.4.RELEASE]
	at org.springframework.test.context.TestContextManager.prepareTestInstance(TestContextManager.java:212) ~[spring-test-4.1.4.RELEASE.jar:4.1.4.RELEASE]
	at org.springframework.test.context.junit4.SpringJUnit4ClassRunner.createTest(SpringJUnit4ClassRunner.java:200) [spring-test-4.1.4.RELEASE.jar:4.1.4.RELEASE]
	at org.springframework.test.context.junit4.SpringJUnit4ClassRunner$1.runReflectiveCall(SpringJUnit4ClassRunner.java:252) [spring-test-4.1.4.RELEASE.jar:4.1.4.RELEASE]
	at org.junit.internal.runners.model.ReflectiveCallable.run(ReflectiveCallable.java:12) [junit-4.11.jar:na]
	at org.springframework.test.context.junit4.SpringJUnit4ClassRunner.methodBlock(SpringJUnit4ClassRunner.java:254) [spring-test-4.1.4.RELEASE.jar:4.1.4.RELEASE]
	at org.springframework.test.context.junit4.SpringJUnit4ClassRunner.runChild(SpringJUnit4ClassRunner.java:217) [spring-test-4.1.4.RELEASE.jar:4.1.4.RELEASE]
	at org.springframework.test.context.junit4.SpringJUnit4ClassRunner.runChild(SpringJUnit4ClassRunner.java:83) [spring-test-4.1.4.RELEASE.jar:4.1.4.RELEASE]
	at org.junit.runners.ParentRunner$3.run(ParentRunner.java:238) [junit-4.11.jar:na]
	at org.junit.runners.ParentRunner$1.schedule(ParentRunner.java:63) [junit-4.11.jar:na]
	at org.junit.runners.ParentRunner.runChildren(ParentRunner.java:236) [junit-4.11.jar:na]
	at org.junit.runners.ParentRunner.access$000(ParentRunner.java:53) [junit-4.11.jar:na]
	at org.junit.runners.ParentRunner$2.evaluate(ParentRunner.java:229) [junit-4.11.jar:na]
	at org.springframework.test.context.junit4.statements.RunBeforeTestClassCallbacks.evaluate(RunBeforeTestClassCallbacks.java:61) [spring-test-4.1.4.RELEASE.jar:4.1.4.RELEASE]
	at org.springframework.test.context.junit4.statements.RunAfterTestClassCallbacks.evaluate(RunAfterTestClassCallbacks.java:68) [spring-test-4.1.4.RELEASE.jar:4.1.4.RELEASE]
	at org.junit.runners.ParentRunner.run(ParentRunner.java:309) [junit-4.11.jar:na]
	at org.springframework.test.context.junit4.SpringJUnit4ClassRunner.run(SpringJUnit4ClassRunner.java:163) [spring-test-4.1.4.RELEASE.jar:4.1.4.RELEASE]
	at org.junit.runner.JUnitCore.run(JUnitCore.java:160) [junit-4.11.jar:na]
	at com.intellij.junit4.JUnit4IdeaTestRunner.startRunnerWithArgs(JUnit4IdeaTestRunner.java:68) [junit-rt.jar:na]
	at com.intellij.rt.execution.junit.IdeaTestRunner$Repeater.startRunnerWithArgs(IdeaTestRunner.java:47) [junit-rt.jar:na]
	at com.intellij.rt.execution.junit.JUnitStarter.prepareStreamsAndStart(JUnitStarter.java:242) [junit-rt.jar:na]
	at com.intellij.rt.execution.junit.JUnitStarter.main(JUnitStarter.java:70) [junit-rt.jar:na]
Caused by: org.springframework.beans.factory.BeanCreationException: Error creating bean with name 'entityManagerFactory' defined in class path resource [applicationContext-test.xml]: Cannot resolve reference to bean 'dataSource' while setting bean property 'dataSource'; nested exception is org.springframework.beans.factory.BeanCreationException: Error creating bean with name 'dataSource' defined in class path resource [applicationContext-test.xml]: Invocation of init method failed; nested exception is com.mysql.jdbc.exceptions.jdbc4.CommunicationsException: Communications link failure

The last packet sent successfully to the server was 0 milliseconds ago. The driver has not received any packets from the server.
	at org.springframework.beans.factory.support.BeanDefinitionValueResolver.resolveReference(BeanDefinitionValueResolver.java:359) ~[spring-beans-4.1.4.RELEASE.jar:4.1.4.RELEASE]
	at org.springframework.beans.factory.support.BeanDefinitionValueResolver.resolveValueIfNecessary(BeanDefinitionValueResolver.java:108) ~[spring-beans-4.1.4.RELEASE.jar:4.1.4.RELEASE]
	at org.springframework.beans.factory.support.AbstractAutowireCapableBeanFactory.applyPropertyValues(AbstractAutowireCapableBeanFactory.java:1469) ~[spring-beans-4.1.4.RELEASE.jar:4.1.4.RELEASE]
	at org.springframework.beans.factory.support.AbstractAutowireCapableBeanFactory.populateBean(AbstractAutowireCapableBeanFactory.java:1214) ~[spring-beans-4.1.4.RELEASE.jar:4.1.4.RELEASE]
	at org.springframework.beans.factory.support.AbstractAutowireCapableBeanFactory.doCreateBean(AbstractAutowireCapableBeanFactory.java:537) ~[spring-beans-4.1.4.RELEASE.jar:4.1.4.RELEASE]
	at org.springframework.beans.factory.support.AbstractAutowireCapableBeanFactory.createBean(AbstractAutowireCapableBeanFactory.java:476) ~[spring-beans-4.1.4.RELEASE.jar:4.1.4.RELEASE]
	at org.springframework.beans.factory.support.AbstractBeanFactory$1.getObject(AbstractBeanFactory.java:303) ~[spring-beans-4.1.4.RELEASE.jar:4.1.4.RELEASE]
	at org.springframework.beans.factory.support.DefaultSingletonBeanRegistry.getSingleton(DefaultSingletonBeanRegistry.java:230) ~[spring-beans-4.1.4.RELEASE.jar:4.1.4.RELEASE]
	at org.springframework.beans.factory.support.AbstractBeanFactory.doGetBean(AbstractBeanFactory.java:299) ~[spring-beans-4.1.4.RELEASE.jar:4.1.4.RELEASE]
	at org.springframework.beans.factory.support.AbstractBeanFactory.getBean(AbstractBeanFactory.java:194) ~[spring-beans-4.1.4.RELEASE.jar:4.1.4.RELEASE]
	at org.springframework.context.support.AbstractApplicationContext.getBean(AbstractApplicationContext.java:956) ~[spring-context-4.1.4.RELEASE.jar:4.1.4.RELEASE]
	at org.springframework.context.support.AbstractApplicationContext.finishBeanFactoryInitialization(AbstractApplicationContext.java:747) ~[spring-context-4.1.4.RELEASE.jar:4.1.4.RELEASE]
	at org.springframework.context.support.AbstractApplicationContext.refresh(AbstractApplicationContext.java:480) ~[spring-context-4.1.4.RELEASE.jar:4.1.4.RELEASE]
	at org.springframework.test.context.support.AbstractGenericContextLoader.loadContext(AbstractGenericContextLoader.java:125) ~[spring-test-4.1.4.RELEASE.jar:4.1.4.RELEASE]
	at org.springframework.test.context.support.AbstractGenericContextLoader.loadContext(AbstractGenericContextLoader.java:60) ~[spring-test-4.1.4.RELEASE.jar:4.1.4.RELEASE]
	at org.springframework.test.context.support.AbstractDelegatingSmartContextLoader.delegateLoading(AbstractDelegatingSmartContextLoader.java:109) ~[spring-test-4.1.4.RELEASE.jar:4.1.4.RELEASE]
	at org.springframework.test.context.support.AbstractDelegatingSmartContextLoader.loadContext(AbstractDelegatingSmartContextLoader.java:261) ~[spring-test-4.1.4.RELEASE.jar:4.1.4.RELEASE]
	at org.springframework.test.context.DefaultCacheAwareContextLoaderDelegate.loadContextInternal(DefaultCacheAwareContextLoaderDelegate.java:68) ~[spring-test-4.1.4.RELEASE.jar:4.1.4.RELEASE]
	at org.springframework.test.context.DefaultCacheAwareContextLoaderDelegate.loadContext(DefaultCacheAwareContextLoaderDelegate.java:86) ~[spring-test-4.1.4.RELEASE.jar:4.1.4.RELEASE]
	... 24 common frames omitted
Caused by: org.springframework.beans.factory.BeanCreationException: Error creating bean with name 'dataSource' defined in class path resource [applicationContext-test.xml]: Invocation of init method failed; nested exception is com.mysql.jdbc.exceptions.jdbc4.CommunicationsException: Communications link failure

The last packet sent successfully to the server was 0 milliseconds ago. The driver has not received any packets from the server.
	at org.springframework.beans.factory.support.AbstractAutowireCapableBeanFactory.initializeBean(AbstractAutowireCapableBeanFactory.java:1566) ~[spring-beans-4.1.4.RELEASE.jar:4.1.4.RELEASE]
	at org.springframework.beans.factory.support.AbstractAutowireCapableBeanFactory.doCreateBean(AbstractAutowireCapableBeanFactory.java:539) ~[spring-beans-4.1.4.RELEASE.jar:4.1.4.RELEASE]
	at org.springframework.beans.factory.support.AbstractAutowireCapableBeanFactory.createBean(AbstractAutowireCapableBeanFactory.java:476) ~[spring-beans-4.1.4.RELEASE.jar:4.1.4.RELEASE]
	at org.springframework.beans.factory.support.AbstractBeanFactory$1.getObject(AbstractBeanFactory.java:303) ~[spring-beans-4.1.4.RELEASE.jar:4.1.4.RELEASE]
	at org.springframework.beans.factory.support.DefaultSingletonBeanRegistry.getSingleton(DefaultSingletonBeanRegistry.java:230) ~[spring-beans-4.1.4.RELEASE.jar:4.1.4.RELEASE]
	at org.springframework.beans.factory.support.AbstractBeanFactory.doGetBean(AbstractBeanFactory.java:299) ~[spring-beans-4.1.4.RELEASE.jar:4.1.4.RELEASE]
	at org.springframework.beans.factory.support.AbstractBeanFactory.getBean(AbstractBeanFactory.java:194) ~[spring-beans-4.1.4.RELEASE.jar:4.1.4.RELEASE]
	at org.springframework.beans.factory.support.BeanDefinitionValueResolver.resolveReference(BeanDefinitionValueResolver.java:351) ~[spring-beans-4.1.4.RELEASE.jar:4.1.4.RELEASE]
	... 42 common frames omitted
Caused by: com.mysql.jdbc.exceptions.jdbc4.CommunicationsException: Communications link failure

The last packet sent successfully to the server was 0 milliseconds ago. The driver has not received any packets from the server.
	at sun.reflect.NativeConstructorAccessorImpl.newInstance0(Native Method) ~[na:1.8.0_131]
	at sun.reflect.NativeConstructorAccessorImpl.newInstance(NativeConstructorAccessorImpl.java:62) ~[na:1.8.0_131]
	at sun.reflect.DelegatingConstructorAccessorImpl.newInstance(DelegatingConstructorAccessorImpl.java:45) ~[na:1.8.0_131]
	at java.lang.reflect.Constructor.newInstance(Constructor.java:423) ~[na:1.8.0_131]
	at com.mysql.jdbc.Util.handleNewInstance(Util.java:411) ~[mysql-connector-java-5.1.29.jar:na]
	at com.mysql.jdbc.SQLError.createCommunicationsException(SQLError.java:1129) ~[mysql-connector-java-5.1.29.jar:na]
	at com.mysql.jdbc.MysqlIO.<init>(MysqlIO.java:358) ~[mysql-connector-java-5.1.29.jar:na]
	at com.mysql.jdbc.ConnectionImpl.coreConnect(ConnectionImpl.java:2498) ~[mysql-connector-java-5.1.29.jar:na]
	at com.mysql.jdbc.ConnectionImpl.connectOneTryOnly(ConnectionImpl.java:2535) ~[mysql-connector-java-5.1.29.jar:na]
	at com.mysql.jdbc.ConnectionImpl.createNewIO(ConnectionImpl.java:2320) ~[mysql-connector-java-5.1.29.jar:na]
	at com.mysql.jdbc.ConnectionImpl.<init>(ConnectionImpl.java:834) ~[mysql-connector-java-5.1.29.jar:na]
	at com.mysql.jdbc.JDBC4Connection.<init>(JDBC4Connection.java:46) ~[mysql-connector-java-5.1.29.jar:na]
	at sun.reflect.NativeConstructorAccessorImpl.newInstance0(Native Method) ~[na:1.8.0_131]
	at sun.reflect.NativeConstructorAccessorImpl.newInstance(NativeConstructorAccessorImpl.java:62) ~[na:1.8.0_131]
	at sun.reflect.DelegatingConstructorAccessorImpl.newInstance(DelegatingConstructorAccessorImpl.java:45) ~[na:1.8.0_131]
	at java.lang.reflect.Constructor.newInstance(Constructor.java:423) ~[na:1.8.0_131]
	at com.mysql.jdbc.Util.handleNewInstance(Util.java:411) ~[mysql-connector-java-5.1.29.jar:na]
	at com.mysql.jdbc.ConnectionImpl.getInstance(ConnectionImpl.java:416) ~[mysql-connector-java-5.1.29.jar:na]
	at com.mysql.jdbc.NonRegisteringDriver.connect(NonRegisteringDriver.java:347) ~[mysql-connector-java-5.1.29.jar:na]
	at com.alibaba.druid.filter.FilterChainImpl.connection_connect(FilterChainImpl.java:148) ~[druid-1.0.13.jar:1.0.13]
	at com.alibaba.druid.filter.FilterAdapter.connection_connect(FilterAdapter.java:785) ~[druid-1.0.13.jar:1.0.13]
	at com.alibaba.druid.filter.FilterEventAdapter.connection_connect(FilterEventAdapter.java:38) ~[druid-1.0.13.jar:1.0.13]
	at com.alibaba.druid.filter.FilterChainImpl.connection_connect(FilterChainImpl.java:142) ~[druid-1.0.13.jar:1.0.13]
	at com.alibaba.druid.filter.stat.StatFilter.connection_connect(StatFilter.java:211) ~[druid-1.0.13.jar:1.0.13]
	at com.alibaba.druid.filter.FilterChainImpl.connection_connect(FilterChainImpl.java:142) ~[druid-1.0.13.jar:1.0.13]
	at com.alibaba.druid.filter.FilterAdapter.connection_connect(FilterAdapter.java:785) ~[druid-1.0.13.jar:1.0.13]
	at com.alibaba.druid.filter.FilterChainImpl.connection_connect(FilterChainImpl.java:142) ~[druid-1.0.13.jar:1.0.13]
	at com.alibaba.druid.filter.FilterAdapter.connection_connect(FilterAdapter.java:785) ~[druid-1.0.13.jar:1.0.13]
	at com.alibaba.druid.filter.FilterChainImpl.connection_connect(FilterChainImpl.java:142) ~[druid-1.0.13.jar:1.0.13]
	at com.alibaba.druid.pool.DruidAbstractDataSource.createPhysicalConnection(DruidAbstractDataSource.java:1377) ~[druid-1.0.13.jar:1.0.13]
	at com.alibaba.druid.pool.DruidAbstractDataSource.createPhysicalConnection(DruidAbstractDataSource.java:1431) ~[druid-1.0.13.jar:1.0.13]
	at com.alibaba.druid.pool.DruidDataSource.init(DruidDataSource.java:632) ~[druid-1.0.13.jar:1.0.13]
	at sun.reflect.NativeMethodAccessorImpl.invoke0(Native Method) ~[na:1.8.0_131]
	at sun.reflect.NativeMethodAccessorImpl.invoke(NativeMethodAccessorImpl.java:62) ~[na:1.8.0_131]
	at sun.reflect.DelegatingMethodAccessorImpl.invoke(DelegatingMethodAccessorImpl.java:43) ~[na:1.8.0_131]
	at java.lang.reflect.Method.invoke(Method.java:498) ~[na:1.8.0_131]
	at org.springframework.beans.factory.support.AbstractAutowireCapableBeanFactory.invokeCustomInitMethod(AbstractAutowireCapableBeanFactory.java:1694) ~[spring-beans-4.1.4.RELEASE.jar:4.1.4.RELEASE]
	at org.springframework.beans.factory.support.AbstractAutowireCapableBeanFactory.invokeInitMethods(AbstractAutowireCapableBeanFactory.java:1633) ~[spring-beans-4.1.4.RELEASE.jar:4.1.4.RELEASE]
	at org.springframework.beans.factory.support.AbstractAutowireCapableBeanFactory.initializeBean(AbstractAutowireCapableBeanFactory.java:1562) ~[spring-beans-4.1.4.RELEASE.jar:4.1.4.RELEASE]
	... 49 common frames omitted
Caused by: java.net.UnknownHostException: rm-uf61m889rnvnz74445o.mysql.rds.aliyuncs.com
	at java.net.Inet6AddressImpl.lookupAllHostAddr(Native Method) ~[na:1.8.0_131]
	at java.net.InetAddress$2.lookupAllHostAddr(InetAddress.java:928) ~[na:1.8.0_131]
	at java.net.InetAddress.getAddressesFromNameService(InetAddress.java:1323) ~[na:1.8.0_131]
	at java.net.InetAddress.getAllByName0(InetAddress.java:1276) ~[na:1.8.0_131]
	at java.net.InetAddress.getAllByName(InetAddress.java:1192) ~[na:1.8.0_131]
	at java.net.InetAddress.getAllByName(InetAddress.java:1126) ~[na:1.8.0_131]
	at com.mysql.jdbc.StandardSocketFactory.connect(StandardSocketFactory.java:248) ~[mysql-connector-java-5.1.29.jar:na]
	at com.mysql.jdbc.MysqlIO.<init>(MysqlIO.java:308) ~[mysql-connector-java-5.1.29.jar:na]
	... 81 common frames omitted
hypnus-admin 2018-03-25 12:40:14.917 [main] INFO  org.springframework.test.context.support.DefaultTestContextBootstrapper - [] Using TestExecutionListeners: [org.springframework.test.context.web.ServletTestExecutionListener@768b970c, org.springframework.test.context.support.DependencyInjectionTestExecutionListener@5a4041cc, org.springframework.test.context.support.DirtiesContextTestExecutionListener@15b3e5b]
hypnus-admin 2018-03-25 12:40:15.320 [main] INFO  org.springframework.beans.factory.xml.XmlBeanDefinitionReader - [] Loading XML bean definitions from class path resource [applicationContext-test.xml]
hypnus-admin 2018-03-25 12:40:16.919 [main] INFO  org.springframework.context.support.GenericApplicationContext - [] Refreshing org.springframework.context.support.GenericApplicationContext@37574691: startup date [Sun Mar 25 12:40:16 CST 2018]; root of context hierarchy
hypnus-admin 2018-03-25 12:40:17.764 [main] INFO  org.springframework.context.support.PropertySourcesPlaceholderConfigurer - [] Loading properties file from URL [file:/D:/project1/project-hypnus/project-hypnus-admin/project-hypnus-service-impl/target/classes/system.properties]
hypnus-admin 2018-03-25 12:40:17.765 [main] INFO  org.springframework.context.support.PropertySourcesPlaceholderConfigurer - [] Loading properties file from class path resource [config.properties]
hypnus-admin 2018-03-25 12:40:21.900 [main] INFO  com.alibaba.druid.pool.DruidDataSource - [] {dataSource-1} inited
hypnus-admin 2018-03-25 12:40:22.023 [main] INFO  org.springframework.orm.jpa.persistenceunit.PersistenceUnitReader - [] persistence.xml should be located inside META-INF directory; cannot determine persistence unit root URL for URL [file:/D:/project1/project-hypnus/project-hypnus-admin/project-hypnus-service-impl/target/classes/persistence.xml]
hypnus-admin 2018-03-25 12:40:22.098 [main] INFO  org.springframework.orm.jpa.LocalContainerEntityManagerFactoryBean - [] Building JPA container EntityManagerFactory for persistence unit 'default'
hypnus-admin 2018-03-25 12:40:22.152 [main] INFO  org.hibernate.jpa.internal.util.LogHelper - [] HHH000204: Processing PersistenceUnitInfo [
	name: default
	...]
hypnus-admin 2018-03-25 12:40:22.374 [main] INFO  org.hibernate.Version - [] HHH000412: Hibernate Core {5.0.7.Final}
hypnus-admin 2018-03-25 12:40:22.376 [main] INFO  org.hibernate.cfg.Environment - [] HHH000206: hibernate.properties not found
hypnus-admin 2018-03-25 12:40:22.379 [main] INFO  org.hibernate.cfg.Environment - [] HHH000021: Bytecode provider name : javassist
hypnus-admin 2018-03-25 12:40:22.452 [main] INFO  org.hibernate.annotations.common.Version - [] HCANN000001: Hibernate Commons Annotations {5.0.1.Final}
hypnus-admin 2018-03-25 12:40:22.757 [main] INFO  org.hibernate.dialect.Dialect - [] HHH000400: Using dialect: org.hibernate.dialect.MySQL5Dialect
hypnus-admin 2018-03-25 12:40:23.629 [main] INFO  org.hibernate.search.engine.Version - [] HSEARCH000034: Hibernate Search 5.5.0.Final
hypnus-admin 2018-03-25 12:40:24.223 [main] WARN  org.hibernate.search.engine.impl.ConfigContext - [] HSEARCH000075: Configuration setting hibernate.search.lucene_version was not specified: using LUCENE_CURRENT.
hypnus-admin 2018-03-25 12:40:24.566 [main] INFO  org.springframework.cache.ehcache.EhCacheManagerFactoryBean - [] Initializing EhCache CacheManager
hypnus-admin 2018-03-25 12:40:25.310 [main] INFO  org.hibernate.hql.internal.QueryTranslatorFactoryInitiator - [] HHH000397: Using ASTQueryTranslatorFactory
hypnus-admin 2018-03-25 12:40:32.441 [Thread-4] INFO  org.springframework.context.support.GenericApplicationContext - [] Closing org.springframework.context.support.GenericApplicationContext@37574691: startup date [Sun Mar 25 12:40:16 CST 2018]; root of context hierarchy
hypnus-admin 2018-03-25 12:40:32.449 [Thread-4] INFO  org.springframework.cache.ehcache.EhCacheManagerFactoryBean - [] Shutting down EhCache CacheManager
hypnus-admin 2018-03-25 12:40:32.456 [Thread-4] INFO  org.springframework.orm.jpa.LocalContainerEntityManagerFactoryBean - [] Closing JPA EntityManagerFactory for persistence unit 'default'
hypnus-admin 2018-03-25 12:40:32.471 [Thread-4] INFO  com.alibaba.druid.pool.DruidDataSource - [] {dataSource-1} closed
hypnus-admin 2018-03-25 12:40:49.590 [main] INFO  org.springframework.test.context.support.DefaultTestContextBootstrapper - [] Using TestExecutionListeners: [org.springframework.test.context.web.ServletTestExecutionListener@776b83cc, org.springframework.test.context.support.DependencyInjectionTestExecutionListener@37858383, org.springframework.test.context.support.DirtiesContextTestExecutionListener@4e268090]
hypnus-admin 2018-03-25 12:40:50.083 [main] INFO  org.springframework.beans.factory.xml.XmlBeanDefinitionReader - [] Loading XML bean definitions from class path resource [applicationContext-test.xml]
hypnus-admin 2018-03-25 12:40:51.477 [main] INFO  org.springframework.context.support.GenericApplicationContext - [] Refreshing org.springframework.context.support.GenericApplicationContext@49c7b90e: startup date [Sun Mar 25 12:40:51 CST 2018]; root of context hierarchy
hypnus-admin 2018-03-25 12:40:52.056 [main] INFO  org.springframework.context.support.PropertySourcesPlaceholderConfigurer - [] Loading properties file from URL [file:/D:/project1/project-hypnus/project-hypnus-admin/project-hypnus-service-impl/target/classes/system.properties]
hypnus-admin 2018-03-25 12:40:52.057 [main] INFO  org.springframework.context.support.PropertySourcesPlaceholderConfigurer - [] Loading properties file from class path resource [config.properties]
hypnus-admin 2018-03-25 12:40:55.508 [main] INFO  com.alibaba.druid.pool.DruidDataSource - [] {dataSource-1} inited
hypnus-admin 2018-03-25 12:40:55.613 [main] INFO  org.springframework.orm.jpa.persistenceunit.PersistenceUnitReader - [] persistence.xml should be located inside META-INF directory; cannot determine persistence unit root URL for URL [file:/D:/project1/project-hypnus/project-hypnus-admin/project-hypnus-service-impl/target/classes/persistence.xml]
hypnus-admin 2018-03-25 12:40:55.664 [main] INFO  org.springframework.orm.jpa.LocalContainerEntityManagerFactoryBean - [] Building JPA container EntityManagerFactory for persistence unit 'default'
hypnus-admin 2018-03-25 12:40:55.705 [main] INFO  org.hibernate.jpa.internal.util.LogHelper - [] HHH000204: Processing PersistenceUnitInfo [
	name: default
	...]
hypnus-admin 2018-03-25 12:40:55.917 [main] INFO  org.hibernate.Version - [] HHH000412: Hibernate Core {5.0.7.Final}
hypnus-admin 2018-03-25 12:40:55.922 [main] INFO  org.hibernate.cfg.Environment - [] HHH000206: hibernate.properties not found
hypnus-admin 2018-03-25 12:40:55.925 [main] INFO  org.hibernate.cfg.Environment - [] HHH000021: Bytecode provider name : javassist
hypnus-admin 2018-03-25 12:40:56.038 [main] INFO  org.hibernate.annotations.common.Version - [] HCANN000001: Hibernate Commons Annotations {5.0.1.Final}
hypnus-admin 2018-03-25 12:40:56.431 [main] INFO  org.hibernate.dialect.Dialect - [] HHH000400: Using dialect: org.hibernate.dialect.MySQL5Dialect
hypnus-admin 2018-03-25 12:40:57.557 [main] INFO  org.hibernate.search.engine.Version - [] HSEARCH000034: Hibernate Search 5.5.0.Final
hypnus-admin 2018-03-25 12:40:58.230 [main] WARN  org.hibernate.search.engine.impl.ConfigContext - [] HSEARCH000075: Configuration setting hibernate.search.lucene_version was not specified: using LUCENE_CURRENT.
hypnus-admin 2018-03-25 12:40:58.603 [main] INFO  org.springframework.cache.ehcache.EhCacheManagerFactoryBean - [] Initializing EhCache CacheManager
hypnus-admin 2018-03-25 12:40:59.516 [main] INFO  org.hibernate.hql.internal.QueryTranslatorFactoryInitiator - [] HHH000397: Using ASTQueryTranslatorFactory
hypnus-admin 2018-03-25 12:41:45.287 [Thread-4] INFO  org.springframework.context.support.GenericApplicationContext - [] Closing org.springframework.context.support.GenericApplicationContext@49c7b90e: startup date [Sun Mar 25 12:40:51 CST 2018]; root of context hierarchy
hypnus-admin 2018-03-25 12:41:45.289 [Thread-4] INFO  org.springframework.cache.ehcache.EhCacheManagerFactoryBean - [] Shutting down EhCache CacheManager
hypnus-admin 2018-03-25 12:41:45.296 [Thread-4] INFO  org.springframework.orm.jpa.LocalContainerEntityManagerFactoryBean - [] Closing JPA EntityManagerFactory for persistence unit 'default'
hypnus-admin 2018-03-25 12:41:45.305 [Thread-4] INFO  com.alibaba.druid.pool.DruidDataSource - [] {dataSource-1} closed
